01:48:11 [MESSAGE] Plugin config rule `a` of plugin `this is a veeeeeeeeeeerrrrrryy looooong plugin naaame` has been added by admin `Levi`
01:49:11 [MESSAGE] Plugin config rule `a` of plugin `this is a veeeeeeeeeeerrrrrryy looooong plugin naaame` has been added by admin `Levi`
01:52:54 [MESSAGE] Plugin config rule `a` of plugin `this is a veeeeeeeeeeerrrrrryy looooong plugin naaame` has been added by admin `Levi`
01:53:44 [MESSAGE] Plugin config rule `a` of plugin `this is a veeeeeeeeeeerrrrrryy looooong plugin naaame` has been added by admin `Levi`
01:54:42 [MESSAGE] Plugin config rule `a` of plugin `this is a veeeeeeeeeeerrrrrryy looooong plugin naaame` has been added by admin `Levi`
01:55:50 [MESSAGE] Plugin config rule `a` of plugin `this is a veeeeeeeeeeerrrrrryy looooong plugin naaame` has been added by admin `Levi`
01:55:56 [MESSAGE] Plugin config rule `sd` of plugin `this is a veeeeeeeeeeerrrrrryy looooong plugin naaame` has been added by admin `Levi`
01:56:45 [MESSAGE] Plugin config rule `a` of plugin `Template_plugin` has been added by admin `Levi`
01:57:58 [MESSAGE] Plugin config rule `a` of plugin `Template_plugin` has been added by admin `Levi`
01:58:22 [WARNING] Plugin config rule `New_con25f` of plugin `Template_plugin` has been deleted by admin `Levi`
01:58:30 [WARNING] Plugin config rules of plugin `Template_plugin` have been changed by admin `Levi`
01:58:34 [MESSAGE] Plugin config rule `asdasd` of plugin `Template_plugin` has been added by admin `Levi`
01:59:20 [MESSAGE] Plugin config rule `asd` of plugin `Template_plugin` has been added by admin `Levi`
01:59:48 [MESSAGE] Plugin config rule `a` of plugin `Template_plugin` has been added by admin `Levi`
01:59:54 [MESSAGE] Plugin config rule `a` of plugin `Template_plugin` has been added by admin `Levi`
02:05:36 [MESSAGE] Plugin config rule `s` of plugin `Template_plugin` has been added by admin `Levi`
02:05:49 [MESSAGE] Plugin config rule `2` of plugin `Template_plugin` has been added by admin `Levi`
02:05:53 [WARNING] Plugin config rule `2` of plugin `Template_plugin` has been deleted by admin `Levi`
02:06:10 [MESSAGE] Plugin config rule `a` of plugin `this is a veeeeeeeeeeerrrrrryy looooong plugin naaame` has been added by admin `Levi`
02:06:21 [MESSAGE] Plugin config rule `a` of plugin `this is a veeeeeeeeeeerrrrrryy looooong plugin naaame` has been added by admin `Levi`
02:06:35 [MESSAGE] Plugin config rule `2` of plugin `this is a veeeeeeeeeeerrrrrryy looooong plugin naaame` has been added by admin `Levi`
02:06:43 [WARNING] Plugin config rule `2` of plugin `this is a veeeeeeeeeeerrrrrryy looooong plugin naaame` has been deleted by admin `Levi`
02:11:41 [MESSAGE] Plugin config rule `a` of plugin `this is a veeeeeeeeeeerrrrrryy looooong plugin naaame` has been added by admin `Levi`
02:11:46 [MESSAGE] Plugin config rule `ds` of plugin `this is a veeeeeeeeeeerrrrrryy looooong plugin naaame` has been added by admin `Levi`
02:12:08 [MESSAGE] Plugin config rule `s` of plugin `this is a veeeeeeeeeeerrrrrryy looooong plugin naaame` has been added by admin `Levi`
02:12:26 [MESSAGE] Plugin config rule `a` of plugin `second Plugin Lol` has been added by admin `Levi`
