00:36:47 [ERROR] Cant initalise module 'dfgfgdh' because __plugin_init__.py is not present
00:36:47 [ERROR] Cant initalise module 'more_plugins' because __plugin_init__.py is not present
00:36:47 [ERROR] Cant initalise module 'second Plugin Lol' because __plugin_init__.py is not present
00:36:47 [ERROR] Cant initalise module 'this is a veeeeeeeeeeerrrrrryy looooong plugin naaame' because __plugin_init__.py is not present
00:36:47 [ERROR] Cant initalise module 'uhhhh whatever' because __plugin_init__.py is not present
00:36:47 [ERROR] Cant initalise module 'dfgfgdh' because __plugin_init__.py is not present
00:36:47 [ERROR] Cant initalise module 'more_plugins' because __plugin_init__.py is not present
00:36:47 [ERROR] Cant initalise module 'second Plugin Lol' because __plugin_init__.py is not present
00:36:47 [ERROR] Cant initalise module 'this is a veeeeeeeeeeerrrrrryy looooong plugin naaame' because __plugin_init__.py is not present
00:36:47 [ERROR] Cant initalise module 'uhhhh whatever' because __plugin_init__.py is not present
00:37:05 [ERROR] Cant initalise module 'dfgfgdh' because __plugin_init__.py is not present
00:37:05 [ERROR] Cant initalise module 'more_plugins' because __plugin_init__.py is not present
00:37:05 [ERROR] Cant initalise module 'second Plugin Lol' because __plugin_init__.py is not present
00:37:05 [ERROR] Cant initalise module 'this is a veeeeeeeeeeerrrrrryy looooong plugin naaame' because __plugin_init__.py is not present
00:37:05 [ERROR] Cant initalise module 'uhhhh whatever' because __plugin_init__.py is not present
00:45:55 [ERROR] Cant initalise module 'dfgfgdh' because __plugin_init__.py is not present
00:45:55 [ERROR] Cant initalise module 'more_plugins' because __plugin_init__.py is not present
00:45:55 [ERROR] Cant initalise module 'second Plugin Lol' because __plugin_init__.py is not present
00:45:55 [ERROR] Cant initalise module 'this is a veeeeeeeeeeerrrrrryy looooong plugin naaame' because __plugin_init__.py is not present
00:45:55 [ERROR] Cant initalise module 'uhhhh whatever' because __plugin_init__.py is not present
