20:24:21 [ERROR] Cant initalise module 'dfgfgdh' because __plugin_init__.py is not present
20:24:21 [ERROR] Cant initalise module 'more_plugins' because __plugin_init__.py is not present
20:24:21 [ERROR] Cant initalise module 'second Plugin Lol' because __plugin_init__.py is not present
20:24:21 [ERROR] Cant initalise module 'this is a veeeeeeeeeeerrrrrryy looooong plugin naaame' because __plugin_init__.py is not present
20:24:21 [ERROR] Cant initalise module 'uhhhh whatever' because __plugin_init__.py is not present
20:24:21 [WARNING] global plugin configs for Newpluginlol dont exist
20:24:21 [ERROR] Cant initalise module 'dfgfgdh' because __plugin_init__.py is not present
20:24:21 [ERROR] Cant initalise module 'more_plugins' because __plugin_init__.py is not present
20:24:21 [ERROR] Cant initalise module 'second Plugin Lol' because __plugin_init__.py is not present
20:24:21 [ERROR] Cant initalise module 'this is a veeeeeeeeeeerrrrrryy looooong plugin naaame' because __plugin_init__.py is not present
20:24:21 [ERROR] Cant initalise module 'uhhhh whatever' because __plugin_init__.py is not present
20:24:21 [WARNING] global plugin configs for Newpluginlol dont exist
20:28:52 [ERROR] Cant initalise module 'dfgfgdh' because __plugin_init__.py is not present
20:28:52 [ERROR] Cant initalise module 'more_plugins' because __plugin_init__.py is not present
20:28:52 [ERROR] Cant initalise module 'second Plugin Lol' because __plugin_init__.py is not present
20:28:52 [ERROR] Cant initalise module 'this is a veeeeeeeeeeerrrrrryy looooong plugin naaame' because __plugin_init__.py is not present
20:28:52 [ERROR] Cant initalise module 'uhhhh whatever' because __plugin_init__.py is not present
20:28:52 [WARNING] global plugin configs for Newpluginlol dont exist
21:02:42 [ERROR] Cant initalise module 'dfgfgdh' because __plugin_init__.py is not present
21:02:42 [ERROR] Cant initalise module 'more_plugins' because __plugin_init__.py is not present
21:02:42 [ERROR] Cant initalise module 'second Plugin Lol' because __plugin_init__.py is not present
21:02:42 [ERROR] Cant initalise module 'this is a veeeeeeeeeeerrrrrryy looooong plugin naaame' because __plugin_init__.py is not present
21:02:42 [ERROR] Cant initalise module 'uhhhh whatever' because __plugin_init__.py is not present
21:02:42 [WARNING] global plugin configs for Newpluginlol dont exist
21:07:04 [ERROR] Cant initalise module 'dfgfgdh' because __plugin_init__.py is not present
21:07:04 [ERROR] Cant initalise module 'more_plugins' because __plugin_init__.py is not present
21:07:04 [ERROR] Cant initalise module 'second Plugin Lol' because __plugin_init__.py is not present
21:07:04 [ERROR] Cant initalise module 'this is a veeeeeeeeeeerrrrrryy looooong plugin naaame' because __plugin_init__.py is not present
21:07:04 [ERROR] Cant initalise module 'uhhhh whatever' because __plugin_init__.py is not present
21:07:04 [WARNING] global plugin configs for Newpluginlol dont exist
21:11:31 [ERROR] Cant initalise module 'dfgfgdh' because __plugin_init__.py is not present
21:11:31 [ERROR] Cant initalise module 'more_plugins' because __plugin_init__.py is not present
21:11:31 [ERROR] Cant initalise module 'second Plugin Lol' because __plugin_init__.py is not present
21:11:31 [ERROR] Cant initalise module 'this is a veeeeeeeeeeerrrrrryy looooong plugin naaame' because __plugin_init__.py is not present
21:11:31 [ERROR] Cant initalise module 'uhhhh whatever' because __plugin_init__.py is not present
21:11:31 [WARNING] global plugin configs for Newpluginlol dont exist
21:24:39 [ERROR] Cant initalise module 'dfgfgdh' because __plugin_init__.py is not present
21:24:39 [ERROR] Cant initalise module 'more_plugins' because __plugin_init__.py is not present
21:24:39 [ERROR] Cant initalise module 'second Plugin Lol' because __plugin_init__.py is not present
21:24:39 [ERROR] Cant initalise module 'this is a veeeeeeeeeeerrrrrryy looooong plugin naaame' because __plugin_init__.py is not present
21:24:39 [ERROR] Cant initalise module 'uhhhh whatever' because __plugin_init__.py is not present
21:24:39 [WARNING] global plugin configs for Newpluginlol dont exist
21:41:22 [ERROR] Cant initalise module 'dfgfgdh' because __plugin_init__.py is not present
21:41:22 [ERROR] Cant initalise module 'more_plugins' because __plugin_init__.py is not present
21:41:22 [ERROR] Cant initalise module 'second Plugin Lol' because __plugin_init__.py is not present
21:41:22 [ERROR] Cant initalise module 'this is a veeeeeeeeeeerrrrrryy looooong plugin naaame' because __plugin_init__.py is not present
21:41:22 [ERROR] Cant initalise module 'uhhhh whatever' because __plugin_init__.py is not present
21:41:22 [WARNING] global plugin configs for Newpluginlol dont exist
21:42:40 [ERROR] Cant initalise module 'dfgfgdh' because __plugin_init__.py is not present
21:42:40 [ERROR] Cant initalise module 'more_plugins' because __plugin_init__.py is not present
21:42:40 [ERROR] Cant initalise module 'second Plugin Lol' because __plugin_init__.py is not present
21:42:40 [ERROR] Cant initalise module 'this is a veeeeeeeeeeerrrrrryy looooong plugin naaame' because __plugin_init__.py is not present
21:42:40 [ERROR] Cant initalise module 'uhhhh whatever' because __plugin_init__.py is not present
21:42:40 [WARNING] global plugin configs for Newpluginlol dont exist
22:05:25 [ERROR] Cant initalise module 'dfgfgdh' because __plugin_init__.py is not present
22:05:25 [ERROR] Cant initalise module 'more_plugins' because __plugin_init__.py is not present
22:05:25 [ERROR] Cant initalise module 'second Plugin Lol' because __plugin_init__.py is not present
22:05:25 [ERROR] Cant initalise module 'this is a veeeeeeeeeeerrrrrryy looooong plugin naaame' because __plugin_init__.py is not present
22:05:25 [ERROR] Cant initalise module 'uhhhh whatever' because __plugin_init__.py is not present
22:05:25 [WARNING] global plugin configs for Newpluginlol dont exist
22:05:42 [ERROR] Cant initalise module 'dfgfgdh' because __plugin_init__.py is not present
22:05:42 [ERROR] Cant initalise module 'more_plugins' because __plugin_init__.py is not present
22:05:42 [ERROR] Cant initalise module 'second Plugin Lol' because __plugin_init__.py is not present
22:05:42 [ERROR] Cant initalise module 'this is a veeeeeeeeeeerrrrrryy looooong plugin naaame' because __plugin_init__.py is not present
22:05:42 [ERROR] Cant initalise module 'uhhhh whatever' because __plugin_init__.py is not present
22:05:42 [WARNING] global plugin configs for Newpluginlol dont exist
22:19:44 [ERROR] Cant initalise module 'dfgfgdh' because __plugin_init__.py is not present
22:19:44 [ERROR] Cant initalise module 'more_plugins' because __plugin_init__.py is not present
22:19:44 [ERROR] Cant initalise module 'second Plugin Lol' because __plugin_init__.py is not present
22:19:44 [ERROR] Cant initalise module 'this is a veeeeeeeeeeerrrrrryy looooong plugin naaame' because __plugin_init__.py is not present
22:19:44 [ERROR] Cant initalise module 'uhhhh whatever' because __plugin_init__.py is not present
22:19:44 [WARNING] global plugin configs for Newpluginlol dont exist
22:40:30 [ERROR] Cant initalise module 'dfgfgdh' because __plugin_init__.py is not present
22:40:30 [ERROR] Cant initalise module 'more_plugins' because __plugin_init__.py is not present
22:40:30 [ERROR] Cant initalise module 'second Plugin Lol' because __plugin_init__.py is not present
22:40:30 [ERROR] Cant initalise module 'this is a veeeeeeeeeeerrrrrryy looooong plugin naaame' because __plugin_init__.py is not present
22:40:30 [ERROR] Cant initalise module 'uhhhh whatever' because __plugin_init__.py is not present
22:40:30 [WARNING] global plugin configs for Newpluginlol dont exist
22:49:17 [ERROR] Cant initalise module 'dfgfgdh' because __plugin_init__.py is not present
22:49:17 [ERROR] Cant initalise module 'more_plugins' because __plugin_init__.py is not present
22:49:17 [ERROR] Cant initalise module 'second Plugin Lol' because __plugin_init__.py is not present
22:49:17 [ERROR] Cant initalise module 'this is a veeeeeeeeeeerrrrrryy looooong plugin naaame' because __plugin_init__.py is not present
22:49:17 [ERROR] Cant initalise module 'uhhhh whatever' because __plugin_init__.py is not present
22:49:17 [WARNING] global plugin configs for Newpluginlol dont exist
22:50:56 [ERROR] Cant initalise module 'dfgfgdh' because __plugin_init__.py is not present
22:50:56 [ERROR] Cant initalise module 'more_plugins' because __plugin_init__.py is not present
22:50:56 [ERROR] Cant initalise module 'second Plugin Lol' because __plugin_init__.py is not present
22:50:56 [ERROR] Cant initalise module 'this is a veeeeeeeeeeerrrrrryy looooong plugin naaame' because __plugin_init__.py is not present
22:50:56 [ERROR] Cant initalise module 'uhhhh whatever' because __plugin_init__.py is not present
22:50:56 [WARNING] global plugin configs for Newpluginlol dont exist
22:51:16 [ERROR] Cant initalise module 'dfgfgdh' because __plugin_init__.py is not present
22:51:16 [ERROR] Cant initalise module 'more_plugins' because __plugin_init__.py is not present
22:51:16 [ERROR] Cant initalise module 'second Plugin Lol' because __plugin_init__.py is not present
22:51:16 [ERROR] Cant initalise module 'this is a veeeeeeeeeeerrrrrryy looooong plugin naaame' because __plugin_init__.py is not present
22:51:16 [ERROR] Cant initalise module 'uhhhh whatever' because __plugin_init__.py is not present
22:51:16 [WARNING] global plugin configs for Newpluginlol dont exist
22:51:39 [ERROR] Cant initalise module 'dfgfgdh' because __plugin_init__.py is not present
22:51:39 [ERROR] Cant initalise module 'more_plugins' because __plugin_init__.py is not present
22:51:39 [ERROR] Cant initalise module 'second Plugin Lol' because __plugin_init__.py is not present
22:51:39 [ERROR] Cant initalise module 'this is a veeeeeeeeeeerrrrrryy looooong plugin naaame' because __plugin_init__.py is not present
22:51:39 [ERROR] Cant initalise module 'uhhhh whatever' because __plugin_init__.py is not present
22:51:39 [WARNING] global plugin configs for Newpluginlol dont exist
22:53:06 [ERROR] Cant initalise module 'dfgfgdh' because __plugin_init__.py is not present
22:53:06 [ERROR] Cant initalise module 'more_plugins' because __plugin_init__.py is not present
22:53:06 [ERROR] Cant initalise module 'second Plugin Lol' because __plugin_init__.py is not present
22:53:06 [ERROR] Cant initalise module 'this is a veeeeeeeeeeerrrrrryy looooong plugin naaame' because __plugin_init__.py is not present
22:53:06 [ERROR] Cant initalise module 'uhhhh whatever' because __plugin_init__.py is not present
22:53:06 [WARNING] global plugin configs for Newpluginlol dont exist
22:53:42 [ERROR] Cant initalise module 'dfgfgdh' because __plugin_init__.py is not present
22:53:42 [ERROR] Cant initalise module 'more_plugins' because __plugin_init__.py is not present
22:53:42 [ERROR] Cant initalise module 'second Plugin Lol' because __plugin_init__.py is not present
22:53:42 [ERROR] Cant initalise module 'this is a veeeeeeeeeeerrrrrryy looooong plugin naaame' because __plugin_init__.py is not present
22:53:42 [ERROR] Cant initalise module 'uhhhh whatever' because __plugin_init__.py is not present
22:53:42 [WARNING] global plugin configs for Newpluginlol dont exist
23:41:44 [ERROR] Cant initalise module 'dfgfgdh' because __plugin_init__.py is not present
23:41:44 [ERROR] Cant initalise module 'more_plugins' because __plugin_init__.py is not present
23:41:44 [ERROR] Cant initalise module 'second Plugin Lol' because __plugin_init__.py is not present
23:41:44 [ERROR] Cant initalise module 'this is a veeeeeeeeeeerrrrrryy looooong plugin naaame' because __plugin_init__.py is not present
23:41:44 [ERROR] Cant initalise module 'uhhhh whatever' because __plugin_init__.py is not present
23:41:44 [WARNING] global plugin configs for Newpluginlol dont exist
