00:30:16 [ERROR] Cant initalise module 'dfgfgdh' because __plugin_init__.py is not present
00:30:16 [ERROR] Cant initalise module 'more_plugins' because __plugin_init__.py is not present
00:30:16 [ERROR] Cant initalise module 'second Plugin Lol' because __plugin_init__.py is not present
00:30:16 [ERROR] Cant initalise module 'this is a veeeeeeeeeeerrrrrryy looooong plugin naaame' because __plugin_init__.py is not present
00:30:16 [ERROR] Cant initalise module 'uhhhh whatever' because __plugin_init__.py is not present
00:30:17 [ERROR] Cant initalise module 'dfgfgdh' because __plugin_init__.py is not present
00:30:17 [ERROR] Cant initalise module 'more_plugins' because __plugin_init__.py is not present
00:30:17 [ERROR] Cant initalise module 'second Plugin Lol' because __plugin_init__.py is not present
00:30:17 [ERROR] Cant initalise module 'this is a veeeeeeeeeeerrrrrryy looooong plugin naaame' because __plugin_init__.py is not present
00:30:17 [ERROR] Cant initalise module 'uhhhh whatever' because __plugin_init__.py is not present
00:31:30 [ERROR] Cant initalise module 'dfgfgdh' because __plugin_init__.py is not present
00:31:30 [ERROR] Cant initalise module 'more_plugins' because __plugin_init__.py is not present
00:31:30 [ERROR] Cant initalise module 'second Plugin Lol' because __plugin_init__.py is not present
00:31:30 [ERROR] Cant initalise module 'this is a veeeeeeeeeeerrrrrryy looooong plugin naaame' because __plugin_init__.py is not present
00:31:30 [ERROR] Cant initalise module 'uhhhh whatever' because __plugin_init__.py is not present
00:55:13 [ERROR] Cant initalise module 'dfgfgdh' because __plugin_init__.py is not present
00:55:13 [ERROR] Cant initalise module 'more_plugins' because __plugin_init__.py is not present
00:55:13 [ERROR] Cant initalise module 'second Plugin Lol' because __plugin_init__.py is not present
00:55:13 [ERROR] Cant initalise module 'this is a veeeeeeeeeeerrrrrryy looooong plugin naaame' because __plugin_init__.py is not present
00:55:13 [ERROR] Cant initalise module 'uhhhh whatever' because __plugin_init__.py is not present
00:55:14 [ERROR] Cant initalise module 'dfgfgdh' because __plugin_init__.py is not present
00:55:14 [ERROR] Cant initalise module 'more_plugins' because __plugin_init__.py is not present
00:55:14 [ERROR] Cant initalise module 'second Plugin Lol' because __plugin_init__.py is not present
00:55:14 [ERROR] Cant initalise module 'this is a veeeeeeeeeeerrrrrryy looooong plugin naaame' because __plugin_init__.py is not present
00:55:14 [ERROR] Cant initalise module 'uhhhh whatever' because __plugin_init__.py is not present
00:56:27 [ERROR] Cant initalise module 'dfgfgdh' because __plugin_init__.py is not present
00:56:27 [ERROR] Cant initalise module 'more_plugins' because __plugin_init__.py is not present
00:56:27 [ERROR] Cant initalise module 'second Plugin Lol' because __plugin_init__.py is not present
00:56:27 [ERROR] Cant initalise module 'this is a veeeeeeeeeeerrrrrryy looooong plugin naaame' because __plugin_init__.py is not present
00:56:27 [ERROR] Cant initalise module 'uhhhh whatever' because __plugin_init__.py is not present
00:56:35 [ERROR] Cant initalise module 'dfgfgdh' because __plugin_init__.py is not present
00:56:35 [ERROR] Cant initalise module 'more_plugins' because __plugin_init__.py is not present
00:56:35 [ERROR] Cant initalise module 'second Plugin Lol' because __plugin_init__.py is not present
00:56:35 [ERROR] Cant initalise module 'this is a veeeeeeeeeeerrrrrryy looooong plugin naaame' because __plugin_init__.py is not present
00:56:35 [ERROR] Cant initalise module 'uhhhh whatever' because __plugin_init__.py is not present
00:58:30 [ERROR] Cant initalise module 'dfgfgdh' because __plugin_init__.py is not present
00:58:30 [ERROR] Cant initalise module 'more_plugins' because __plugin_init__.py is not present
00:58:30 [ERROR] Cant initalise module 'second Plugin Lol' because __plugin_init__.py is not present
00:58:30 [ERROR] Cant initalise module 'this is a veeeeeeeeeeerrrrrryy looooong plugin naaame' because __plugin_init__.py is not present
00:58:30 [ERROR] Cant initalise module 'uhhhh whatever' because __plugin_init__.py is not present
01:00:43 [ERROR] Cant initalise module 'dfgfgdh' because __plugin_init__.py is not present
01:00:43 [ERROR] Cant initalise module 'more_plugins' because __plugin_init__.py is not present
01:00:43 [ERROR] Cant initalise module 'second Plugin Lol' because __plugin_init__.py is not present
01:00:43 [ERROR] Cant initalise module 'this is a veeeeeeeeeeerrrrrryy looooong plugin naaame' because __plugin_init__.py is not present
01:00:43 [ERROR] Cant initalise module 'uhhhh whatever' because __plugin_init__.py is not present
01:02:05 [ERROR] Cant initalise module 'dfgfgdh' because __plugin_init__.py is not present
01:02:05 [ERROR] Cant initalise module 'more_plugins' because __plugin_init__.py is not present
01:02:05 [ERROR] Cant initalise module 'second Plugin Lol' because __plugin_init__.py is not present
01:02:05 [ERROR] Cant initalise module 'this is a veeeeeeeeeeerrrrrryy looooong plugin naaame' because __plugin_init__.py is not present
01:02:05 [ERROR] Cant initalise module 'uhhhh whatever' because __plugin_init__.py is not present
01:06:04 [ERROR] Cant initalise module 'dfgfgdh' because __plugin_init__.py is not present
01:06:04 [ERROR] Cant initalise module 'more_plugins' because __plugin_init__.py is not present
01:06:04 [ERROR] Cant initalise module 'second Plugin Lol' because __plugin_init__.py is not present
01:06:04 [ERROR] Cant initalise module 'this is a veeeeeeeeeeerrrrrryy looooong plugin naaame' because __plugin_init__.py is not present
01:06:04 [ERROR] Cant initalise module 'uhhhh whatever' because __plugin_init__.py is not present
01:06:22 [ERROR] Cant initalise module 'dfgfgdh' because __plugin_init__.py is not present
01:06:22 [ERROR] Cant initalise module 'more_plugins' because __plugin_init__.py is not present
01:06:22 [ERROR] Cant initalise module 'second Plugin Lol' because __plugin_init__.py is not present
01:06:22 [ERROR] Cant initalise module 'this is a veeeeeeeeeeerrrrrryy looooong plugin naaame' because __plugin_init__.py is not present
01:06:22 [ERROR] Cant initalise module 'uhhhh whatever' because __plugin_init__.py is not present
01:07:55 [ERROR] Cant initalise module 'dfgfgdh' because __plugin_init__.py is not present
01:07:55 [ERROR] Cant initalise module 'more_plugins' because __plugin_init__.py is not present
01:07:55 [ERROR] Cant initalise module 'second Plugin Lol' because __plugin_init__.py is not present
01:07:55 [ERROR] Cant initalise module 'this is a veeeeeeeeeeerrrrrryy looooong plugin naaame' because __plugin_init__.py is not present
01:07:55 [ERROR] Cant initalise module 'uhhhh whatever' because __plugin_init__.py is not present
01:08:35 [ERROR] Cant initalise module 'dfgfgdh' because __plugin_init__.py is not present
01:08:35 [ERROR] Cant initalise module 'more_plugins' because __plugin_init__.py is not present
01:08:35 [ERROR] Cant initalise module 'second Plugin Lol' because __plugin_init__.py is not present
01:08:35 [ERROR] Cant initalise module 'this is a veeeeeeeeeeerrrrrryy looooong plugin naaame' because __plugin_init__.py is not present
01:08:35 [ERROR] Cant initalise module 'uhhhh whatever' because __plugin_init__.py is not present
01:11:10 [ERROR] Cant initalise module 'dfgfgdh' because __plugin_init__.py is not present
01:11:10 [ERROR] Cant initalise module 'more_plugins' because __plugin_init__.py is not present
01:11:10 [ERROR] Cant initalise module 'second Plugin Lol' because __plugin_init__.py is not present
01:11:10 [ERROR] Cant initalise module 'this is a veeeeeeeeeeerrrrrryy looooong plugin naaame' because __plugin_init__.py is not present
01:11:10 [ERROR] Cant initalise module 'uhhhh whatever' because __plugin_init__.py is not present
01:12:27 [ERROR] Cant initalise module 'dfgfgdh' because __plugin_init__.py is not present
01:12:27 [ERROR] Cant initalise module 'more_plugins' because __plugin_init__.py is not present
01:12:27 [ERROR] Cant initalise module 'second Plugin Lol' because __plugin_init__.py is not present
01:12:27 [ERROR] Cant initalise module 'this is a veeeeeeeeeeerrrrrryy looooong plugin naaame' because __plugin_init__.py is not present
01:12:27 [ERROR] Cant initalise module 'uhhhh whatever' because __plugin_init__.py is not present
01:13:05 [ERROR] Cant initalise module 'dfgfgdh' because __plugin_init__.py is not present
01:13:05 [ERROR] Cant initalise module 'more_plugins' because __plugin_init__.py is not present
01:13:05 [ERROR] Cant initalise module 'second Plugin Lol' because __plugin_init__.py is not present
01:13:05 [ERROR] Cant initalise module 'this is a veeeeeeeeeeerrrrrryy looooong plugin naaame' because __plugin_init__.py is not present
01:13:05 [ERROR] Cant initalise module 'uhhhh whatever' because __plugin_init__.py is not present
01:13:06 [ERROR] Cant initalise module 'dfgfgdh' because __plugin_init__.py is not present
01:13:06 [ERROR] Cant initalise module 'more_plugins' because __plugin_init__.py is not present
01:13:06 [ERROR] Cant initalise module 'second Plugin Lol' because __plugin_init__.py is not present
01:13:06 [ERROR] Cant initalise module 'this is a veeeeeeeeeeerrrrrryy looooong plugin naaame' because __plugin_init__.py is not present
01:13:06 [ERROR] Cant initalise module 'uhhhh whatever' because __plugin_init__.py is not present
01:13:22 [ERROR] Cant initalise module 'dfgfgdh' because __plugin_init__.py is not present
01:13:22 [ERROR] Cant initalise module 'more_plugins' because __plugin_init__.py is not present
01:13:22 [ERROR] Cant initalise module 'second Plugin Lol' because __plugin_init__.py is not present
01:13:22 [ERROR] Cant initalise module 'this is a veeeeeeeeeeerrrrrryy looooong plugin naaame' because __plugin_init__.py is not present
01:13:22 [ERROR] Cant initalise module 'uhhhh whatever' because __plugin_init__.py is not present
01:13:58 [ERROR] Cant initalise module 'dfgfgdh' because __plugin_init__.py is not present
01:13:58 [ERROR] Cant initalise module 'more_plugins' because __plugin_init__.py is not present
01:13:58 [ERROR] Cant initalise module 'second Plugin Lol' because __plugin_init__.py is not present
01:13:58 [ERROR] Cant initalise module 'this is a veeeeeeeeeeerrrrrryy looooong plugin naaame' because __plugin_init__.py is not present
01:13:58 [ERROR] Cant initalise module 'uhhhh whatever' because __plugin_init__.py is not present
01:15:15 [ERROR] Cant initalise module 'dfgfgdh' because __plugin_init__.py is not present
01:15:15 [ERROR] Cant initalise module 'more_plugins' because __plugin_init__.py is not present
01:15:15 [ERROR] Cant initalise module 'second Plugin Lol' because __plugin_init__.py is not present
01:15:15 [ERROR] Cant initalise module 'this is a veeeeeeeeeeerrrrrryy looooong plugin naaame' because __plugin_init__.py is not present
01:15:15 [ERROR] Cant initalise module 'uhhhh whatever' because __plugin_init__.py is not present
01:15:42 [ERROR] Cant initalise module 'dfgfgdh' because __plugin_init__.py is not present
01:15:42 [ERROR] Cant initalise module 'more_plugins' because __plugin_init__.py is not present
01:15:42 [ERROR] Cant initalise module 'second Plugin Lol' because __plugin_init__.py is not present
01:15:42 [ERROR] Cant initalise module 'this is a veeeeeeeeeeerrrrrryy looooong plugin naaame' because __plugin_init__.py is not present
01:15:42 [ERROR] Cant initalise module 'uhhhh whatever' because __plugin_init__.py is not present
01:17:29 [ERROR] Cant initalise module 'dfgfgdh' because __plugin_init__.py is not present
01:17:29 [ERROR] Cant initalise module 'more_plugins' because __plugin_init__.py is not present
01:17:29 [ERROR] Cant initalise module 'second Plugin Lol' because __plugin_init__.py is not present
01:17:29 [ERROR] Cant initalise module 'this is a veeeeeeeeeeerrrrrryy looooong plugin naaame' because __plugin_init__.py is not present
01:17:29 [ERROR] Cant initalise module 'uhhhh whatever' because __plugin_init__.py is not present
01:18:29 [ERROR] Cant initalise module 'dfgfgdh' because __plugin_init__.py is not present
01:18:29 [ERROR] Cant initalise module 'more_plugins' because __plugin_init__.py is not present
01:18:29 [ERROR] Cant initalise module 'second Plugin Lol' because __plugin_init__.py is not present
01:18:29 [ERROR] Cant initalise module 'this is a veeeeeeeeeeerrrrrryy looooong plugin naaame' because __plugin_init__.py is not present
01:18:29 [ERROR] Cant initalise module 'uhhhh whatever' because __plugin_init__.py is not present
01:20:03 [ERROR] Cant initalise module 'dfgfgdh' because __plugin_init__.py is not present
01:20:03 [ERROR] Cant initalise module 'more_plugins' because __plugin_init__.py is not present
01:20:03 [ERROR] Cant initalise module 'second Plugin Lol' because __plugin_init__.py is not present
01:20:03 [ERROR] Cant initalise module 'this is a veeeeeeeeeeerrrrrryy looooong plugin naaame' because __plugin_init__.py is not present
01:20:03 [ERROR] Cant initalise module 'uhhhh whatever' because __plugin_init__.py is not present
01:20:47 [ERROR] Cant initalise module 'dfgfgdh' because __plugin_init__.py is not present
01:20:47 [ERROR] Cant initalise module 'more_plugins' because __plugin_init__.py is not present
01:20:47 [ERROR] Cant initalise module 'second Plugin Lol' because __plugin_init__.py is not present
01:20:47 [ERROR] Cant initalise module 'this is a veeeeeeeeeeerrrrrryy looooong plugin naaame' because __plugin_init__.py is not present
01:20:47 [ERROR] Cant initalise module 'uhhhh whatever' because __plugin_init__.py is not present
01:21:31 [ERROR] Cant initalise module 'dfgfgdh' because __plugin_init__.py is not present
01:21:31 [ERROR] Cant initalise module 'more_plugins' because __plugin_init__.py is not present
01:21:31 [ERROR] Cant initalise module 'second Plugin Lol' because __plugin_init__.py is not present
01:21:31 [ERROR] Cant initalise module 'this is a veeeeeeeeeeerrrrrryy looooong plugin naaame' because __plugin_init__.py is not present
01:21:31 [ERROR] Cant initalise module 'uhhhh whatever' because __plugin_init__.py is not present
01:22:16 [ERROR] Cant initalise module 'dfgfgdh' because __plugin_init__.py is not present
01:22:16 [ERROR] Cant initalise module 'more_plugins' because __plugin_init__.py is not present
01:22:16 [ERROR] Cant initalise module 'second Plugin Lol' because __plugin_init__.py is not present
01:22:16 [ERROR] Cant initalise module 'this is a veeeeeeeeeeerrrrrryy looooong plugin naaame' because __plugin_init__.py is not present
01:22:16 [ERROR] Cant initalise module 'uhhhh whatever' because __plugin_init__.py is not present
01:22:21 [ERROR] Cant initalise module 'dfgfgdh' because __plugin_init__.py is not present
01:22:21 [ERROR] Cant initalise module 'more_plugins' because __plugin_init__.py is not present
01:22:21 [ERROR] Cant initalise module 'second Plugin Lol' because __plugin_init__.py is not present
01:22:21 [ERROR] Cant initalise module 'this is a veeeeeeeeeeerrrrrryy looooong plugin naaame' because __plugin_init__.py is not present
01:22:21 [ERROR] Cant initalise module 'uhhhh whatever' because __plugin_init__.py is not present
