00:07:15 [ERROR] Cant initalise module 'dfgfgdh' because __plugin_init__.py is not present
00:07:15 [ERROR] Cant initalise module 'more_plugins' because __plugin_init__.py is not present
00:07:15 [ERROR] Cant initalise module 'second Plugin Lol' because __plugin_init__.py is not present
00:07:15 [ERROR] Cant initalise module 'this is a veeeeeeeeeeerrrrrryy looooong plugin naaame' because __plugin_init__.py is not present
00:07:15 [ERROR] Cant initalise module 'uhhhh whatever' because __plugin_init__.py is not present
00:07:15 [WARNING] global plugin configs for Newpluginlol dont exist
00:13:20 [ERROR] Cant initalise module 'dfgfgdh' because __plugin_init__.py is not present
00:13:20 [ERROR] Cant initalise module 'more_plugins' because __plugin_init__.py is not present
00:13:20 [ERROR] Cant initalise module 'second Plugin Lol' because __plugin_init__.py is not present
00:13:20 [ERROR] Cant initalise module 'this is a veeeeeeeeeeerrrrrryy looooong plugin naaame' because __plugin_init__.py is not present
00:13:20 [ERROR] Cant initalise module 'uhhhh whatever' because __plugin_init__.py is not present
00:13:20 [WARNING] global plugin configs for Newpluginlol dont exist
00:16:24 [ERROR] Cant initalise module 'dfgfgdh' because __plugin_init__.py is not present
00:16:24 [ERROR] Cant initalise module 'more_plugins' because __plugin_init__.py is not present
00:16:24 [ERROR] Cant initalise module 'second Plugin Lol' because __plugin_init__.py is not present
00:16:24 [ERROR] Cant initalise module 'this is a veeeeeeeeeeerrrrrryy looooong plugin naaame' because __plugin_init__.py is not present
00:16:24 [ERROR] Cant initalise module 'uhhhh whatever' because __plugin_init__.py is not present
00:16:24 [WARNING] global plugin configs for Newpluginlol dont exist
00:29:54 [ERROR] Cant initalise module 'dfgfgdh' because __plugin_init__.py is not present
00:29:54 [ERROR] Cant initalise module 'more_plugins' because __plugin_init__.py is not present
00:29:54 [ERROR] Cant initalise module 'second Plugin Lol' because __plugin_init__.py is not present
00:29:54 [ERROR] Cant initalise module 'this is a veeeeeeeeeeerrrrrryy looooong plugin naaame' because __plugin_init__.py is not present
00:29:54 [ERROR] Cant initalise module 'uhhhh whatever' because __plugin_init__.py is not present
00:29:54 [WARNING] global plugin configs for Newpluginlol dont exist
00:34:54 [ERROR] Cant initalise module 'dfgfgdh' because __plugin_init__.py is not present
00:34:54 [ERROR] Cant initalise module 'more_plugins' because __plugin_init__.py is not present
00:34:54 [ERROR] Cant initalise module 'second Plugin Lol' because __plugin_init__.py is not present
00:34:54 [ERROR] Cant initalise module 'this is a veeeeeeeeeeerrrrrryy looooong plugin naaame' because __plugin_init__.py is not present
00:34:54 [ERROR] Cant initalise module 'uhhhh whatever' because __plugin_init__.py is not present
00:34:54 [WARNING] global plugin configs for Newpluginlol dont exist
00:35:17 [ERROR] Cant initalise module 'dfgfgdh' because __plugin_init__.py is not present
00:35:17 [ERROR] Cant initalise module 'more_plugins' because __plugin_init__.py is not present
00:35:17 [ERROR] Cant initalise module 'second Plugin Lol' because __plugin_init__.py is not present
00:35:17 [ERROR] Cant initalise module 'this is a veeeeeeeeeeerrrrrryy looooong plugin naaame' because __plugin_init__.py is not present
00:35:17 [ERROR] Cant initalise module 'uhhhh whatever' because __plugin_init__.py is not present
00:35:17 [WARNING] global plugin configs for Newpluginlol dont exist
00:36:16 [ERROR] Cant initalise module 'dfgfgdh' because __plugin_init__.py is not present
00:36:16 [ERROR] Cant initalise module 'more_plugins' because __plugin_init__.py is not present
00:36:16 [ERROR] Cant initalise module 'second Plugin Lol' because __plugin_init__.py is not present
00:36:16 [ERROR] Cant initalise module 'this is a veeeeeeeeeeerrrrrryy looooong plugin naaame' because __plugin_init__.py is not present
00:36:16 [ERROR] Cant initalise module 'uhhhh whatever' because __plugin_init__.py is not present
00:36:16 [WARNING] global plugin configs for Newpluginlol dont exist
00:38:41 [ERROR] Cant initalise module 'dfgfgdh' because __plugin_init__.py is not present
00:38:41 [ERROR] Cant initalise module 'more_plugins' because __plugin_init__.py is not present
00:38:41 [ERROR] Cant initalise module 'second Plugin Lol' because __plugin_init__.py is not present
00:38:41 [ERROR] Cant initalise module 'this is a veeeeeeeeeeerrrrrryy looooong plugin naaame' because __plugin_init__.py is not present
00:38:41 [ERROR] Cant initalise module 'uhhhh whatever' because __plugin_init__.py is not present
00:38:41 [WARNING] global plugin configs for Newpluginlol dont exist
00:41:13 [ERROR] Cant initalise module 'dfgfgdh' because __plugin_init__.py is not present
00:41:13 [ERROR] Cant initalise module 'more_plugins' because __plugin_init__.py is not present
00:41:13 [ERROR] Cant initalise module 'second Plugin Lol' because __plugin_init__.py is not present
00:41:13 [ERROR] Cant initalise module 'this is a veeeeeeeeeeerrrrrryy looooong plugin naaame' because __plugin_init__.py is not present
00:41:13 [ERROR] Cant initalise module 'uhhhh whatever' because __plugin_init__.py is not present
00:41:13 [WARNING] global plugin configs for Newpluginlol dont exist
00:46:18 [ERROR] Cant initalise module 'dfgfgdh' because __plugin_init__.py is not present
00:46:18 [ERROR] Cant initalise module 'more_plugins' because __plugin_init__.py is not present
00:46:18 [ERROR] Cant initalise module 'second Plugin Lol' because __plugin_init__.py is not present
00:46:18 [ERROR] Cant initalise module 'this is a veeeeeeeeeeerrrrrryy looooong plugin naaame' because __plugin_init__.py is not present
00:46:18 [ERROR] Cant initalise module 'uhhhh whatever' because __plugin_init__.py is not present
00:46:18 [WARNING] global plugin configs for Newpluginlol dont exist
00:46:19 [ERROR] Cant initalise module 'dfgfgdh' because __plugin_init__.py is not present
00:46:19 [ERROR] Cant initalise module 'more_plugins' because __plugin_init__.py is not present
00:46:19 [ERROR] Cant initalise module 'second Plugin Lol' because __plugin_init__.py is not present
00:46:19 [ERROR] Cant initalise module 'this is a veeeeeeeeeeerrrrrryy looooong plugin naaame' because __plugin_init__.py is not present
00:46:19 [ERROR] Cant initalise module 'uhhhh whatever' because __plugin_init__.py is not present
00:46:19 [WARNING] global plugin configs for Newpluginlol dont exist
00:46:38 [ERROR] Cant initalise module 'dfgfgdh' because __plugin_init__.py is not present
00:46:38 [ERROR] Cant initalise module 'more_plugins' because __plugin_init__.py is not present
00:46:38 [ERROR] Cant initalise module 'second Plugin Lol' because __plugin_init__.py is not present
00:46:38 [ERROR] Cant initalise module 'this is a veeeeeeeeeeerrrrrryy looooong plugin naaame' because __plugin_init__.py is not present
00:46:38 [ERROR] Cant initalise module 'uhhhh whatever' because __plugin_init__.py is not present
00:46:38 [WARNING] global plugin configs for Newpluginlol dont exist
00:49:02 [ERROR] Cant initalise module 'dfgfgdh' because __plugin_init__.py is not present
00:49:03 [ERROR] Cant initalise module 'more_plugins' because __plugin_init__.py is not present
00:49:03 [ERROR] Cant initalise module 'second Plugin Lol' because __plugin_init__.py is not present
00:49:03 [ERROR] Cant initalise module 'this is a veeeeeeeeeeerrrrrryy looooong plugin naaame' because __plugin_init__.py is not present
00:49:03 [ERROR] Cant initalise module 'uhhhh whatever' because __plugin_init__.py is not present
00:49:03 [WARNING] global plugin configs for Newpluginlol dont exist
00:50:25 [ERROR] Cant initalise module 'dfgfgdh' because __plugin_init__.py is not present
00:50:25 [ERROR] Cant initalise module 'more_plugins' because __plugin_init__.py is not present
00:50:25 [ERROR] Cant initalise module 'second Plugin Lol' because __plugin_init__.py is not present
00:50:25 [ERROR] Cant initalise module 'this is a veeeeeeeeeeerrrrrryy looooong plugin naaame' because __plugin_init__.py is not present
00:50:25 [ERROR] Cant initalise module 'uhhhh whatever' because __plugin_init__.py is not present
00:50:25 [WARNING] global plugin configs for Newpluginlol dont exist
00:50:52 [ERROR] Cant initalise module 'dfgfgdh' because __plugin_init__.py is not present
00:50:52 [ERROR] Cant initalise module 'more_plugins' because __plugin_init__.py is not present
00:50:52 [ERROR] Cant initalise module 'second Plugin Lol' because __plugin_init__.py is not present
00:50:52 [ERROR] Cant initalise module 'this is a veeeeeeeeeeerrrrrryy looooong plugin naaame' because __plugin_init__.py is not present
00:50:52 [ERROR] Cant initalise module 'uhhhh whatever' because __plugin_init__.py is not present
00:50:52 [WARNING] global plugin configs for Newpluginlol dont exist
00:51:26 [ERROR] Cant initalise module 'dfgfgdh' because __plugin_init__.py is not present
00:51:26 [ERROR] Cant initalise module 'more_plugins' because __plugin_init__.py is not present
00:51:26 [ERROR] Cant initalise module 'second Plugin Lol' because __plugin_init__.py is not present
00:51:27 [ERROR] Cant initalise module 'this is a veeeeeeeeeeerrrrrryy looooong plugin naaame' because __plugin_init__.py is not present
00:51:27 [ERROR] Cant initalise module 'uhhhh whatever' because __plugin_init__.py is not present
00:51:27 [WARNING] global plugin configs for Newpluginlol dont exist
00:52:07 [ERROR] Cant initalise module 'dfgfgdh' because __plugin_init__.py is not present
00:52:07 [ERROR] Cant initalise module 'more_plugins' because __plugin_init__.py is not present
00:52:07 [ERROR] Cant initalise module 'second Plugin Lol' because __plugin_init__.py is not present
00:52:07 [ERROR] Cant initalise module 'this is a veeeeeeeeeeerrrrrryy looooong plugin naaame' because __plugin_init__.py is not present
00:52:07 [ERROR] Cant initalise module 'uhhhh whatever' because __plugin_init__.py is not present
00:52:07 [WARNING] global plugin configs for Newpluginlol dont exist
00:52:29 [ERROR] Cant initalise module 'dfgfgdh' because __plugin_init__.py is not present
00:52:29 [ERROR] Cant initalise module 'more_plugins' because __plugin_init__.py is not present
00:52:29 [ERROR] Cant initalise module 'second Plugin Lol' because __plugin_init__.py is not present
00:52:29 [ERROR] Cant initalise module 'this is a veeeeeeeeeeerrrrrryy looooong plugin naaame' because __plugin_init__.py is not present
00:52:29 [ERROR] Cant initalise module 'uhhhh whatever' because __plugin_init__.py is not present
00:52:29 [WARNING] global plugin configs for Newpluginlol dont exist
00:53:18 [ERROR] Cant initalise module 'dfgfgdh' because __plugin_init__.py is not present
00:53:18 [ERROR] Cant initalise module 'more_plugins' because __plugin_init__.py is not present
00:53:18 [ERROR] Cant initalise module 'second Plugin Lol' because __plugin_init__.py is not present
00:53:18 [ERROR] Cant initalise module 'this is a veeeeeeeeeeerrrrrryy looooong plugin naaame' because __plugin_init__.py is not present
00:53:18 [ERROR] Cant initalise module 'uhhhh whatever' because __plugin_init__.py is not present
00:53:18 [WARNING] global plugin configs for Newpluginlol dont exist
00:54:12 [ERROR] Cant initalise module 'dfgfgdh' because __plugin_init__.py is not present
00:54:12 [ERROR] Cant initalise module 'more_plugins' because __plugin_init__.py is not present
00:54:12 [ERROR] Cant initalise module 'second Plugin Lol' because __plugin_init__.py is not present
00:54:12 [ERROR] Cant initalise module 'this is a veeeeeeeeeeerrrrrryy looooong plugin naaame' because __plugin_init__.py is not present
00:54:12 [ERROR] Cant initalise module 'uhhhh whatever' because __plugin_init__.py is not present
00:54:12 [WARNING] global plugin configs for Newpluginlol dont exist
01:23:55 [ERROR] Cant initalise module 'dfgfgdh' because __plugin_init__.py is not present
01:23:55 [ERROR] Cant initalise module 'more_plugins' because __plugin_init__.py is not present
01:23:55 [ERROR] Cant initalise module 'second Plugin Lol' because __plugin_init__.py is not present
01:23:55 [ERROR] Cant initalise module 'this is a veeeeeeeeeeerrrrrryy looooong plugin naaame' because __plugin_init__.py is not present
01:23:55 [ERROR] Cant initalise module 'uhhhh whatever' because __plugin_init__.py is not present
01:23:55 [WARNING] global plugin configs for Newpluginlol dont exist
01:24:43 [ERROR] Cant initalise module 'dfgfgdh' because __plugin_init__.py is not present
01:24:43 [ERROR] Cant initalise module 'more_plugins' because __plugin_init__.py is not present
01:24:43 [ERROR] Cant initalise module 'second Plugin Lol' because __plugin_init__.py is not present
01:24:43 [ERROR] Cant initalise module 'this is a veeeeeeeeeeerrrrrryy looooong plugin naaame' because __plugin_init__.py is not present
01:24:43 [ERROR] Cant initalise module 'uhhhh whatever' because __plugin_init__.py is not present
01:24:43 [WARNING] global plugin configs for Newpluginlol dont exist
01:24:58 [ERROR] Cant initalise module 'dfgfgdh' because __plugin_init__.py is not present
01:24:58 [ERROR] Cant initalise module 'more_plugins' because __plugin_init__.py is not present
01:24:58 [ERROR] Cant initalise module 'second Plugin Lol' because __plugin_init__.py is not present
01:24:58 [ERROR] Cant initalise module 'this is a veeeeeeeeeeerrrrrryy looooong plugin naaame' because __plugin_init__.py is not present
01:24:58 [ERROR] Cant initalise module 'uhhhh whatever' because __plugin_init__.py is not present
01:24:58 [WARNING] global plugin configs for Newpluginlol dont exist
01:26:01 [ERROR] Cant initalise module 'dfgfgdh' because __plugin_init__.py is not present
01:26:01 [ERROR] Cant initalise module 'more_plugins' because __plugin_init__.py is not present
01:26:01 [ERROR] Cant initalise module 'second Plugin Lol' because __plugin_init__.py is not present
01:26:01 [ERROR] Cant initalise module 'this is a veeeeeeeeeeerrrrrryy looooong plugin naaame' because __plugin_init__.py is not present
01:26:01 [ERROR] Cant initalise module 'uhhhh whatever' because __plugin_init__.py is not present
01:26:01 [WARNING] global plugin configs for Newpluginlol dont exist
01:27:18 [ERROR] Cant initalise module 'dfgfgdh' because __plugin_init__.py is not present
01:27:18 [ERROR] Cant initalise module 'more_plugins' because __plugin_init__.py is not present
01:27:18 [ERROR] Cant initalise module 'second Plugin Lol' because __plugin_init__.py is not present
01:27:18 [ERROR] Cant initalise module 'this is a veeeeeeeeeeerrrrrryy looooong plugin naaame' because __plugin_init__.py is not present
01:27:18 [ERROR] Cant initalise module 'uhhhh whatever' because __plugin_init__.py is not present
01:27:18 [WARNING] global plugin configs for Newpluginlol dont exist
01:29:09 [ERROR] Cant initalise module 'dfgfgdh' because __plugin_init__.py is not present
01:29:09 [ERROR] Cant initalise module 'more_plugins' because __plugin_init__.py is not present
01:29:09 [ERROR] Cant initalise module 'second Plugin Lol' because __plugin_init__.py is not present
01:29:09 [ERROR] Cant initalise module 'this is a veeeeeeeeeeerrrrrryy looooong plugin naaame' because __plugin_init__.py is not present
01:29:09 [ERROR] Cant initalise module 'uhhhh whatever' because __plugin_init__.py is not present
01:29:09 [WARNING] global plugin configs for Newpluginlol dont exist
01:29:45 [ERROR] Cant initalise module 'dfgfgdh' because __plugin_init__.py is not present
01:29:45 [ERROR] Cant initalise module 'more_plugins' because __plugin_init__.py is not present
01:29:45 [ERROR] Cant initalise module 'second Plugin Lol' because __plugin_init__.py is not present
01:29:45 [ERROR] Cant initalise module 'this is a veeeeeeeeeeerrrrrryy looooong plugin naaame' because __plugin_init__.py is not present
01:29:45 [ERROR] Cant initalise module 'uhhhh whatever' because __plugin_init__.py is not present
01:29:45 [WARNING] global plugin configs for Newpluginlol dont exist
01:30:05 [ERROR] Cant initalise module 'dfgfgdh' because __plugin_init__.py is not present
01:30:05 [ERROR] Cant initalise module 'more_plugins' because __plugin_init__.py is not present
01:30:05 [ERROR] Cant initalise module 'second Plugin Lol' because __plugin_init__.py is not present
01:30:05 [ERROR] Cant initalise module 'this is a veeeeeeeeeeerrrrrryy looooong plugin naaame' because __plugin_init__.py is not present
01:30:05 [ERROR] Cant initalise module 'uhhhh whatever' because __plugin_init__.py is not present
01:30:05 [WARNING] global plugin configs for Newpluginlol dont exist
01:30:19 [ERROR] Cant initalise module 'dfgfgdh' because __plugin_init__.py is not present
01:30:19 [ERROR] Cant initalise module 'more_plugins' because __plugin_init__.py is not present
01:30:19 [ERROR] Cant initalise module 'second Plugin Lol' because __plugin_init__.py is not present
01:30:19 [ERROR] Cant initalise module 'this is a veeeeeeeeeeerrrrrryy looooong plugin naaame' because __plugin_init__.py is not present
01:30:19 [ERROR] Cant initalise module 'uhhhh whatever' because __plugin_init__.py is not present
01:30:19 [WARNING] global plugin configs for Newpluginlol dont exist
01:30:20 [ERROR] Cant initalise module 'dfgfgdh' because __plugin_init__.py is not present
01:30:20 [ERROR] Cant initalise module 'more_plugins' because __plugin_init__.py is not present
01:30:20 [ERROR] Cant initalise module 'second Plugin Lol' because __plugin_init__.py is not present
01:30:20 [ERROR] Cant initalise module 'this is a veeeeeeeeeeerrrrrryy looooong plugin naaame' because __plugin_init__.py is not present
01:30:20 [ERROR] Cant initalise module 'uhhhh whatever' because __plugin_init__.py is not present
01:30:20 [WARNING] global plugin configs for Newpluginlol dont exist
01:30:32 [ERROR] Cant initalise module 'dfgfgdh' because __plugin_init__.py is not present
01:30:32 [ERROR] Cant initalise module 'more_plugins' because __plugin_init__.py is not present
01:30:32 [ERROR] Cant initalise module 'second Plugin Lol' because __plugin_init__.py is not present
01:30:32 [ERROR] Cant initalise module 'this is a veeeeeeeeeeerrrrrryy looooong plugin naaame' because __plugin_init__.py is not present
01:30:32 [ERROR] Cant initalise module 'uhhhh whatever' because __plugin_init__.py is not present
01:30:32 [WARNING] global plugin configs for Newpluginlol dont exist
01:30:40 [ERROR] Cant initalise module 'dfgfgdh' because __plugin_init__.py is not present
01:30:40 [ERROR] Cant initalise module 'more_plugins' because __plugin_init__.py is not present
01:30:40 [ERROR] Cant initalise module 'second Plugin Lol' because __plugin_init__.py is not present
01:30:40 [ERROR] Cant initalise module 'this is a veeeeeeeeeeerrrrrryy looooong plugin naaame' because __plugin_init__.py is not present
01:30:40 [ERROR] Cant initalise module 'uhhhh whatever' because __plugin_init__.py is not present
01:30:40 [WARNING] global plugin configs for Newpluginlol dont exist
21:39:08 [ERROR] Cant initalise module 'dfgfgdh' because __plugin_init__.py is not present
21:39:08 [ERROR] Cant initalise module 'more_plugins' because __plugin_init__.py is not present
21:39:08 [ERROR] Cant initalise module 'second Plugin Lol' because __plugin_init__.py is not present
21:39:08 [ERROR] Cant initalise module 'this is a veeeeeeeeeeerrrrrryy looooong plugin naaame' because __plugin_init__.py is not present
21:39:08 [ERROR] Cant initalise module 'uhhhh whatever' because __plugin_init__.py is not present
21:39:08 [WARNING] global plugin configs for Newpluginlol dont exist
21:39:09 [ERROR] Cant initalise module 'dfgfgdh' because __plugin_init__.py is not present
21:39:09 [ERROR] Cant initalise module 'more_plugins' because __plugin_init__.py is not present
21:39:09 [ERROR] Cant initalise module 'second Plugin Lol' because __plugin_init__.py is not present
21:39:09 [ERROR] Cant initalise module 'this is a veeeeeeeeeeerrrrrryy looooong plugin naaame' because __plugin_init__.py is not present
21:39:09 [ERROR] Cant initalise module 'uhhhh whatever' because __plugin_init__.py is not present
21:39:09 [WARNING] global plugin configs for Newpluginlol dont exist
21:44:07 [ERROR] Cant initalise module 'dfgfgdh' because __plugin_init__.py is not present
21:44:07 [ERROR] Cant initalise module 'more_plugins' because __plugin_init__.py is not present
21:44:07 [ERROR] Cant initalise module 'second Plugin Lol' because __plugin_init__.py is not present
21:44:07 [ERROR] Cant initalise module 'this is a veeeeeeeeeeerrrrrryy looooong plugin naaame' because __plugin_init__.py is not present
21:44:07 [ERROR] Cant initalise module 'uhhhh whatever' because __plugin_init__.py is not present
21:44:07 [WARNING] global plugin configs for Newpluginlol dont exist
21:44:08 [ERROR] Cant initalise module 'dfgfgdh' because __plugin_init__.py is not present
21:44:08 [ERROR] Cant initalise module 'more_plugins' because __plugin_init__.py is not present
21:44:08 [ERROR] Cant initalise module 'second Plugin Lol' because __plugin_init__.py is not present
21:44:08 [ERROR] Cant initalise module 'this is a veeeeeeeeeeerrrrrryy looooong plugin naaame' because __plugin_init__.py is not present
21:44:08 [ERROR] Cant initalise module 'uhhhh whatever' because __plugin_init__.py is not present
21:44:08 [WARNING] global plugin configs for Newpluginlol dont exist
21:46:18 [ERROR] Cant initalise module 'dfgfgdh' because __plugin_init__.py is not present
21:46:18 [ERROR] Cant initalise module 'more_plugins' because __plugin_init__.py is not present
21:46:18 [ERROR] Cant initalise module 'second Plugin Lol' because __plugin_init__.py is not present
21:46:18 [ERROR] Cant initalise module 'this is a veeeeeeeeeeerrrrrryy looooong plugin naaame' because __plugin_init__.py is not present
21:46:18 [ERROR] Cant initalise module 'uhhhh whatever' because __plugin_init__.py is not present
21:46:18 [WARNING] global plugin configs for Newpluginlol dont exist
21:48:58 [ERROR] Cant initalise module 'dfgfgdh' because __plugin_init__.py is not present
21:48:58 [ERROR] Cant initalise module 'more_plugins' because __plugin_init__.py is not present
21:48:58 [ERROR] Cant initalise module 'second Plugin Lol' because __plugin_init__.py is not present
21:48:58 [ERROR] Cant initalise module 'this is a veeeeeeeeeeerrrrrryy looooong plugin naaame' because __plugin_init__.py is not present
21:48:58 [ERROR] Cant initalise module 'uhhhh whatever' because __plugin_init__.py is not present
21:48:58 [WARNING] global plugin configs for Newpluginlol dont exist
21:49:27 [ERROR] Cant initalise module 'dfgfgdh' because __plugin_init__.py is not present
21:49:27 [ERROR] Cant initalise module 'more_plugins' because __plugin_init__.py is not present
21:49:27 [ERROR] Cant initalise module 'second Plugin Lol' because __plugin_init__.py is not present
21:49:27 [ERROR] Cant initalise module 'this is a veeeeeeeeeeerrrrrryy looooong plugin naaame' because __plugin_init__.py is not present
21:49:27 [ERROR] Cant initalise module 'uhhhh whatever' because __plugin_init__.py is not present
21:49:27 [WARNING] global plugin configs for Newpluginlol dont exist
21:50:59 [ERROR] Cant initalise module 'dfgfgdh' because __plugin_init__.py is not present
21:50:59 [ERROR] Cant initalise module 'more_plugins' because __plugin_init__.py is not present
21:50:59 [ERROR] Cant initalise module 'second Plugin Lol' because __plugin_init__.py is not present
21:50:59 [ERROR] Cant initalise module 'this is a veeeeeeeeeeerrrrrryy looooong plugin naaame' because __plugin_init__.py is not present
21:50:59 [ERROR] Cant initalise module 'uhhhh whatever' because __plugin_init__.py is not present
21:50:59 [WARNING] global plugin configs for Newpluginlol dont exist
21:57:52 [ERROR] Cant initalise module 'dfgfgdh' because __plugin_init__.py is not present
21:57:52 [ERROR] Cant initalise module 'more_plugins' because __plugin_init__.py is not present
21:57:52 [ERROR] Cant initalise module 'second Plugin Lol' because __plugin_init__.py is not present
21:57:52 [ERROR] Cant initalise module 'this is a veeeeeeeeeeerrrrrryy looooong plugin naaame' because __plugin_init__.py is not present
21:57:52 [ERROR] Cant initalise module 'uhhhh whatever' because __plugin_init__.py is not present
21:57:52 [WARNING] global plugin configs for Newpluginlol dont exist
21:58:34 [ERROR] Cant initalise module 'dfgfgdh' because __plugin_init__.py is not present
21:58:34 [ERROR] Cant initalise module 'more_plugins' because __plugin_init__.py is not present
21:58:34 [ERROR] Cant initalise module 'second Plugin Lol' because __plugin_init__.py is not present
21:58:34 [ERROR] Cant initalise module 'this is a veeeeeeeeeeerrrrrryy looooong plugin naaame' because __plugin_init__.py is not present
21:58:34 [ERROR] Cant initalise module 'uhhhh whatever' because __plugin_init__.py is not present
21:58:34 [WARNING] global plugin configs for Newpluginlol dont exist
21:58:40 [ERROR] Cant initalise module 'dfgfgdh' because __plugin_init__.py is not present
21:58:40 [ERROR] Cant initalise module 'more_plugins' because __plugin_init__.py is not present
21:58:40 [ERROR] Cant initalise module 'second Plugin Lol' because __plugin_init__.py is not present
21:58:40 [ERROR] Cant initalise module 'this is a veeeeeeeeeeerrrrrryy looooong plugin naaame' because __plugin_init__.py is not present
21:58:40 [ERROR] Cant initalise module 'uhhhh whatever' because __plugin_init__.py is not present
21:58:40 [WARNING] global plugin configs for Newpluginlol dont exist
21:58:48 [ERROR] Cant initalise module 'dfgfgdh' because __plugin_init__.py is not present
21:58:48 [ERROR] Cant initalise module 'more_plugins' because __plugin_init__.py is not present
21:58:48 [ERROR] Cant initalise module 'second Plugin Lol' because __plugin_init__.py is not present
21:58:48 [ERROR] Cant initalise module 'this is a veeeeeeeeeeerrrrrryy looooong plugin naaame' because __plugin_init__.py is not present
21:58:48 [ERROR] Cant initalise module 'uhhhh whatever' because __plugin_init__.py is not present
21:58:48 [WARNING] global plugin configs for Newpluginlol dont exist
21:58:53 [ERROR] Cant initalise module 'dfgfgdh' because __plugin_init__.py is not present
21:58:53 [ERROR] Cant initalise module 'more_plugins' because __plugin_init__.py is not present
21:58:53 [ERROR] Cant initalise module 'second Plugin Lol' because __plugin_init__.py is not present
21:58:53 [ERROR] Cant initalise module 'this is a veeeeeeeeeeerrrrrryy looooong plugin naaame' because __plugin_init__.py is not present
21:58:53 [ERROR] Cant initalise module 'uhhhh whatever' because __plugin_init__.py is not present
21:58:53 [WARNING] global plugin configs for Newpluginlol dont exist
21:59:00 [ERROR] Cant initalise module 'dfgfgdh' because __plugin_init__.py is not present
21:59:00 [ERROR] Cant initalise module 'more_plugins' because __plugin_init__.py is not present
21:59:00 [ERROR] Cant initalise module 'second Plugin Lol' because __plugin_init__.py is not present
21:59:00 [ERROR] Cant initalise module 'this is a veeeeeeeeeeerrrrrryy looooong plugin naaame' because __plugin_init__.py is not present
21:59:00 [ERROR] Cant initalise module 'uhhhh whatever' because __plugin_init__.py is not present
21:59:00 [WARNING] global plugin configs for Newpluginlol dont exist
21:59:06 [ERROR] Cant initalise module 'dfgfgdh' because __plugin_init__.py is not present
21:59:06 [ERROR] Cant initalise module 'more_plugins' because __plugin_init__.py is not present
21:59:06 [ERROR] Cant initalise module 'second Plugin Lol' because __plugin_init__.py is not present
21:59:06 [ERROR] Cant initalise module 'this is a veeeeeeeeeeerrrrrryy looooong plugin naaame' because __plugin_init__.py is not present
21:59:06 [ERROR] Cant initalise module 'uhhhh whatever' because __plugin_init__.py is not present
21:59:06 [WARNING] global plugin configs for Newpluginlol dont exist
21:59:10 [ERROR] Cant initalise module 'dfgfgdh' because __plugin_init__.py is not present
21:59:10 [ERROR] Cant initalise module 'more_plugins' because __plugin_init__.py is not present
21:59:10 [ERROR] Cant initalise module 'second Plugin Lol' because __plugin_init__.py is not present
21:59:10 [ERROR] Cant initalise module 'this is a veeeeeeeeeeerrrrrryy looooong plugin naaame' because __plugin_init__.py is not present
21:59:10 [ERROR] Cant initalise module 'uhhhh whatever' because __plugin_init__.py is not present
21:59:10 [WARNING] global plugin configs for Newpluginlol dont exist
21:59:14 [ERROR] Cant initalise module 'dfgfgdh' because __plugin_init__.py is not present
21:59:14 [ERROR] Cant initalise module 'more_plugins' because __plugin_init__.py is not present
21:59:14 [ERROR] Cant initalise module 'second Plugin Lol' because __plugin_init__.py is not present
21:59:14 [ERROR] Cant initalise module 'this is a veeeeeeeeeeerrrrrryy looooong plugin naaame' because __plugin_init__.py is not present
21:59:14 [ERROR] Cant initalise module 'uhhhh whatever' because __plugin_init__.py is not present
21:59:14 [WARNING] global plugin configs for Newpluginlol dont exist
21:59:18 [ERROR] Cant initalise module 'dfgfgdh' because __plugin_init__.py is not present
21:59:18 [ERROR] Cant initalise module 'more_plugins' because __plugin_init__.py is not present
21:59:18 [ERROR] Cant initalise module 'second Plugin Lol' because __plugin_init__.py is not present
21:59:18 [ERROR] Cant initalise module 'this is a veeeeeeeeeeerrrrrryy looooong plugin naaame' because __plugin_init__.py is not present
21:59:18 [ERROR] Cant initalise module 'uhhhh whatever' because __plugin_init__.py is not present
21:59:18 [WARNING] global plugin configs for Newpluginlol dont exist
21:59:22 [ERROR] Cant initalise module 'dfgfgdh' because __plugin_init__.py is not present
21:59:22 [ERROR] Cant initalise module 'more_plugins' because __plugin_init__.py is not present
21:59:22 [ERROR] Cant initalise module 'second Plugin Lol' because __plugin_init__.py is not present
21:59:22 [ERROR] Cant initalise module 'this is a veeeeeeeeeeerrrrrryy looooong plugin naaame' because __plugin_init__.py is not present
21:59:22 [ERROR] Cant initalise module 'uhhhh whatever' because __plugin_init__.py is not present
21:59:22 [WARNING] global plugin configs for Newpluginlol dont exist
21:59:26 [ERROR] Cant initalise module 'dfgfgdh' because __plugin_init__.py is not present
21:59:26 [ERROR] Cant initalise module 'more_plugins' because __plugin_init__.py is not present
21:59:26 [ERROR] Cant initalise module 'second Plugin Lol' because __plugin_init__.py is not present
21:59:26 [ERROR] Cant initalise module 'this is a veeeeeeeeeeerrrrrryy looooong plugin naaame' because __plugin_init__.py is not present
21:59:26 [ERROR] Cant initalise module 'uhhhh whatever' because __plugin_init__.py is not present
21:59:26 [WARNING] global plugin configs for Newpluginlol dont exist
22:00:44 [ERROR] Cant initalise module 'dfgfgdh' because __plugin_init__.py is not present
22:00:44 [ERROR] Cant initalise module 'more_plugins' because __plugin_init__.py is not present
22:00:44 [ERROR] Cant initalise module 'second Plugin Lol' because __plugin_init__.py is not present
22:00:44 [ERROR] Cant initalise module 'this is a veeeeeeeeeeerrrrrryy looooong plugin naaame' because __plugin_init__.py is not present
22:00:44 [ERROR] Cant initalise module 'uhhhh whatever' because __plugin_init__.py is not present
22:00:44 [WARNING] global plugin configs for Newpluginlol dont exist
22:02:22 [ERROR] Cant initalise module 'dfgfgdh' because __plugin_init__.py is not present
22:02:22 [ERROR] Cant initalise module 'more_plugins' because __plugin_init__.py is not present
22:02:22 [ERROR] Cant initalise module 'second Plugin Lol' because __plugin_init__.py is not present
22:02:22 [ERROR] Cant initalise module 'this is a veeeeeeeeeeerrrrrryy looooong plugin naaame' because __plugin_init__.py is not present
22:02:22 [ERROR] Cant initalise module 'uhhhh whatever' because __plugin_init__.py is not present
22:02:22 [WARNING] global plugin configs for Newpluginlol dont exist
22:03:26 [ERROR] Cant initalise module 'dfgfgdh' because __plugin_init__.py is not present
22:03:26 [ERROR] Cant initalise module 'more_plugins' because __plugin_init__.py is not present
22:03:26 [ERROR] Cant initalise module 'second Plugin Lol' because __plugin_init__.py is not present
22:03:26 [ERROR] Cant initalise module 'this is a veeeeeeeeeeerrrrrryy looooong plugin naaame' because __plugin_init__.py is not present
22:03:26 [ERROR] Cant initalise module 'uhhhh whatever' because __plugin_init__.py is not present
22:03:26 [WARNING] global plugin configs for Newpluginlol dont exist
22:03:27 [ERROR] Cant initalise module 'dfgfgdh' because __plugin_init__.py is not present
22:03:27 [ERROR] Cant initalise module 'more_plugins' because __plugin_init__.py is not present
22:03:27 [ERROR] Cant initalise module 'second Plugin Lol' because __plugin_init__.py is not present
22:03:27 [ERROR] Cant initalise module 'this is a veeeeeeeeeeerrrrrryy looooong plugin naaame' because __plugin_init__.py is not present
22:03:27 [ERROR] Cant initalise module 'uhhhh whatever' because __plugin_init__.py is not present
22:03:27 [WARNING] global plugin configs for Newpluginlol dont exist
22:03:46 [ERROR] Cant initalise module 'dfgfgdh' because __plugin_init__.py is not present
22:03:46 [ERROR] Cant initalise module 'more_plugins' because __plugin_init__.py is not present
22:03:46 [ERROR] Cant initalise module 'second Plugin Lol' because __plugin_init__.py is not present
22:03:46 [ERROR] Cant initalise module 'this is a veeeeeeeeeeerrrrrryy looooong plugin naaame' because __plugin_init__.py is not present
22:03:46 [ERROR] Cant initalise module 'uhhhh whatever' because __plugin_init__.py is not present
22:03:46 [WARNING] global plugin configs for Newpluginlol dont exist
22:07:15 [ERROR] Cant initalise module 'dfgfgdh' because __plugin_init__.py is not present
22:07:15 [ERROR] Cant initalise module 'more_plugins' because __plugin_init__.py is not present
22:07:15 [ERROR] Cant initalise module 'second Plugin Lol' because __plugin_init__.py is not present
22:07:15 [ERROR] Cant initalise module 'this is a veeeeeeeeeeerrrrrryy looooong plugin naaame' because __plugin_init__.py is not present
22:07:15 [ERROR] Cant initalise module 'uhhhh whatever' because __plugin_init__.py is not present
22:07:15 [WARNING] global plugin configs for Newpluginlol dont exist
22:07:51 [ERROR] Cant initalise module 'dfgfgdh' because __plugin_init__.py is not present
22:07:51 [ERROR] Cant initalise module 'more_plugins' because __plugin_init__.py is not present
22:07:51 [ERROR] Cant initalise module 'second Plugin Lol' because __plugin_init__.py is not present
22:07:51 [ERROR] Cant initalise module 'this is a veeeeeeeeeeerrrrrryy looooong plugin naaame' because __plugin_init__.py is not present
22:07:51 [ERROR] Cant initalise module 'uhhhh whatever' because __plugin_init__.py is not present
22:07:51 [WARNING] global plugin configs for Newpluginlol dont exist
22:08:17 [ERROR] Cant initalise module 'dfgfgdh' because __plugin_init__.py is not present
22:08:17 [ERROR] Cant initalise module 'more_plugins' because __plugin_init__.py is not present
22:08:17 [ERROR] Cant initalise module 'second Plugin Lol' because __plugin_init__.py is not present
22:08:17 [ERROR] Cant initalise module 'this is a veeeeeeeeeeerrrrrryy looooong plugin naaame' because __plugin_init__.py is not present
22:08:17 [ERROR] Cant initalise module 'uhhhh whatever' because __plugin_init__.py is not present
22:08:17 [WARNING] global plugin configs for Newpluginlol dont exist
22:10:43 [ERROR] Cant initalise module 'dfgfgdh' because __plugin_init__.py is not present
22:10:43 [ERROR] Cant initalise module 'more_plugins' because __plugin_init__.py is not present
22:10:43 [ERROR] Cant initalise module 'second Plugin Lol' because __plugin_init__.py is not present
22:10:43 [ERROR] Cant initalise module 'this is a veeeeeeeeeeerrrrrryy looooong plugin naaame' because __plugin_init__.py is not present
22:10:43 [ERROR] Cant initalise module 'uhhhh whatever' because __plugin_init__.py is not present
22:10:43 [WARNING] global plugin configs for Newpluginlol dont exist
22:11:48 [ERROR] Cant initalise module 'dfgfgdh' because __plugin_init__.py is not present
22:11:48 [ERROR] Cant initalise module 'more_plugins' because __plugin_init__.py is not present
22:11:48 [ERROR] Cant initalise module 'second Plugin Lol' because __plugin_init__.py is not present
22:11:48 [ERROR] Cant initalise module 'this is a veeeeeeeeeeerrrrrryy looooong plugin naaame' because __plugin_init__.py is not present
22:11:48 [ERROR] Cant initalise module 'uhhhh whatever' because __plugin_init__.py is not present
22:11:48 [WARNING] global plugin configs for Newpluginlol dont exist
22:13:05 [ERROR] Cant initalise module 'dfgfgdh' because __plugin_init__.py is not present
22:13:05 [ERROR] Cant initalise module 'more_plugins' because __plugin_init__.py is not present
22:13:05 [ERROR] Cant initalise module 'second Plugin Lol' because __plugin_init__.py is not present
22:13:05 [ERROR] Cant initalise module 'this is a veeeeeeeeeeerrrrrryy looooong plugin naaame' because __plugin_init__.py is not present
22:13:05 [ERROR] Cant initalise module 'uhhhh whatever' because __plugin_init__.py is not present
22:13:05 [WARNING] global plugin configs for Newpluginlol dont exist
22:29:54 [ERROR] Cant initalise module 'dfgfgdh' because __plugin_init__.py is not present
22:29:54 [ERROR] Cant initalise module 'more_plugins' because __plugin_init__.py is not present
22:29:54 [ERROR] Cant initalise module 'second Plugin Lol' because __plugin_init__.py is not present
22:29:54 [ERROR] Cant initalise module 'this is a veeeeeeeeeeerrrrrryy looooong plugin naaame' because __plugin_init__.py is not present
22:29:54 [ERROR] Cant initalise module 'uhhhh whatever' because __plugin_init__.py is not present
22:29:54 [WARNING] global plugin configs for Newpluginlol dont exist
22:55:53 [ERROR] Cant initalise module 'dfgfgdh' because __plugin_init__.py is not present
22:55:53 [ERROR] Cant initalise module 'more_plugins' because __plugin_init__.py is not present
22:55:53 [ERROR] Cant initalise module 'second Plugin Lol' because __plugin_init__.py is not present
22:55:53 [ERROR] Cant initalise module 'this is a veeeeeeeeeeerrrrrryy looooong plugin naaame' because __plugin_init__.py is not present
22:55:53 [ERROR] Cant initalise module 'uhhhh whatever' because __plugin_init__.py is not present
22:55:53 [WARNING] global plugin configs for Newpluginlol dont exist
22:56:36 [ERROR] Cant initalise module 'dfgfgdh' because __plugin_init__.py is not present
22:56:36 [ERROR] Cant initalise module 'more_plugins' because __plugin_init__.py is not present
22:56:36 [ERROR] Cant initalise module 'second Plugin Lol' because __plugin_init__.py is not present
22:56:36 [ERROR] Cant initalise module 'this is a veeeeeeeeeeerrrrrryy looooong plugin naaame' because __plugin_init__.py is not present
22:56:36 [ERROR] Cant initalise module 'uhhhh whatever' because __plugin_init__.py is not present
22:56:36 [WARNING] global plugin configs for Newpluginlol dont exist
22:57:14 [ERROR] Cant initalise module 'dfgfgdh' because __plugin_init__.py is not present
22:57:14 [ERROR] Cant initalise module 'more_plugins' because __plugin_init__.py is not present
22:57:14 [ERROR] Cant initalise module 'second Plugin Lol' because __plugin_init__.py is not present
22:57:14 [ERROR] Cant initalise module 'this is a veeeeeeeeeeerrrrrryy looooong plugin naaame' because __plugin_init__.py is not present
22:57:14 [ERROR] Cant initalise module 'uhhhh whatever' because __plugin_init__.py is not present
22:57:14 [WARNING] global plugin configs for Newpluginlol dont exist
22:58:06 [ERROR] Cant initalise module 'dfgfgdh' because __plugin_init__.py is not present
22:58:06 [ERROR] Cant initalise module 'more_plugins' because __plugin_init__.py is not present
22:58:06 [ERROR] Cant initalise module 'second Plugin Lol' because __plugin_init__.py is not present
22:58:06 [ERROR] Cant initalise module 'this is a veeeeeeeeeeerrrrrryy looooong plugin naaame' because __plugin_init__.py is not present
22:58:06 [ERROR] Cant initalise module 'uhhhh whatever' because __plugin_init__.py is not present
22:58:06 [WARNING] global plugin configs for Newpluginlol dont exist
22:58:47 [ERROR] Cant initalise module 'dfgfgdh' because __plugin_init__.py is not present
22:58:47 [ERROR] Cant initalise module 'more_plugins' because __plugin_init__.py is not present
22:58:47 [ERROR] Cant initalise module 'second Plugin Lol' because __plugin_init__.py is not present
22:58:47 [ERROR] Cant initalise module 'this is a veeeeeeeeeeerrrrrryy looooong plugin naaame' because __plugin_init__.py is not present
22:58:47 [ERROR] Cant initalise module 'uhhhh whatever' because __plugin_init__.py is not present
22:58:47 [WARNING] global plugin configs for Newpluginlol dont exist
23:09:48 [ERROR] Cant initalise module 'dfgfgdh' because __plugin_init__.py is not present
23:09:48 [ERROR] Cant initalise module 'more_plugins' because __plugin_init__.py is not present
23:09:48 [ERROR] Cant initalise module 'second Plugin Lol' because __plugin_init__.py is not present
23:09:48 [ERROR] Cant initalise module 'this is a veeeeeeeeeeerrrrrryy looooong plugin naaame' because __plugin_init__.py is not present
23:09:48 [ERROR] Cant initalise module 'uhhhh whatever' because __plugin_init__.py is not present
23:09:48 [WARNING] global plugin configs for Newpluginlol dont exist
23:10:33 [ERROR] Cant initalise module 'dfgfgdh' because __plugin_init__.py is not present
23:10:33 [ERROR] Cant initalise module 'more_plugins' because __plugin_init__.py is not present
23:10:33 [ERROR] Cant initalise module 'second Plugin Lol' because __plugin_init__.py is not present
23:10:33 [ERROR] Cant initalise module 'this is a veeeeeeeeeeerrrrrryy looooong plugin naaame' because __plugin_init__.py is not present
23:10:33 [ERROR] Cant initalise module 'uhhhh whatever' because __plugin_init__.py is not present
23:10:33 [WARNING] global plugin configs for Newpluginlol dont exist
23:54:47 [ERROR] Cant initalise module 'dfgfgdh' because __plugin_init__.py is not present
23:54:47 [ERROR] Cant initalise module 'more_plugins' because __plugin_init__.py is not present
23:54:47 [ERROR] Cant initalise module 'second Plugin Lol' because __plugin_init__.py is not present
23:54:47 [ERROR] Cant initalise module 'this is a veeeeeeeeeeerrrrrryy looooong plugin naaame' because __plugin_init__.py is not present
23:54:47 [ERROR] Cant initalise module 'uhhhh whatever' because __plugin_init__.py is not present
23:54:47 [WARNING] global plugin configs for Newpluginlol dont exist
23:56:47 [ERROR] Cant initalise module 'dfgfgdh' because __plugin_init__.py is not present
23:56:47 [ERROR] Cant initalise module 'more_plugins' because __plugin_init__.py is not present
23:56:47 [ERROR] Cant initalise module 'second Plugin Lol' because __plugin_init__.py is not present
23:56:47 [ERROR] Cant initalise module 'this is a veeeeeeeeeeerrrrrryy looooong plugin naaame' because __plugin_init__.py is not present
23:56:47 [ERROR] Cant initalise module 'uhhhh whatever' because __plugin_init__.py is not present
23:56:47 [WARNING] global plugin configs for Newpluginlol dont exist
