21:59:24 [ERROR] Cant initalise module 'dfgfgdh' because __plugin_init__.py is not present
21:59:24 [ERROR] Cant initalise module 'more_plugins' because __plugin_init__.py is not present
21:59:24 [ERROR] Cant initalise module 'second Plugin Lol' because __plugin_init__.py is not present
21:59:24 [ERROR] Cant initalise module 'this is a veeeeeeeeeeerrrrrryy looooong plugin naaame' because __plugin_init__.py is not present
21:59:24 [ERROR] Cant initalise module 'uhhhh whatever' because __plugin_init__.py is not present
21:59:24 [WARNING] global plugin configs for Newpluginlol dont exist
21:59:25 [ERROR] Cant initalise module 'dfgfgdh' because __plugin_init__.py is not present
21:59:25 [ERROR] Cant initalise module 'more_plugins' because __plugin_init__.py is not present
21:59:25 [ERROR] Cant initalise module 'second Plugin Lol' because __plugin_init__.py is not present
21:59:25 [ERROR] Cant initalise module 'this is a veeeeeeeeeeerrrrrryy looooong plugin naaame' because __plugin_init__.py is not present
21:59:25 [ERROR] Cant initalise module 'uhhhh whatever' because __plugin_init__.py is not present
21:59:25 [WARNING] global plugin configs for Newpluginlol dont exist
22:22:20 [ERROR] Cant initalise module 'dfgfgdh' because __plugin_init__.py is not present
22:22:20 [ERROR] Cant initalise module 'more_plugins' because __plugin_init__.py is not present
22:22:20 [ERROR] Cant initalise module 'second Plugin Lol' because __plugin_init__.py is not present
22:22:20 [ERROR] Cant initalise module 'this is a veeeeeeeeeeerrrrrryy looooong plugin naaame' because __plugin_init__.py is not present
22:22:20 [ERROR] Cant initalise module 'uhhhh whatever' because __plugin_init__.py is not present
22:22:20 [WARNING] global plugin configs for Newpluginlol dont exist
22:22:29 [ERROR] Cant initalise module 'dfgfgdh' because __plugin_init__.py is not present
22:22:29 [ERROR] Cant initalise module 'more_plugins' because __plugin_init__.py is not present
22:22:29 [ERROR] Cant initalise module 'second Plugin Lol' because __plugin_init__.py is not present
22:22:29 [ERROR] Cant initalise module 'this is a veeeeeeeeeeerrrrrryy looooong plugin naaame' because __plugin_init__.py is not present
22:22:29 [ERROR] Cant initalise module 'uhhhh whatever' because __plugin_init__.py is not present
22:22:29 [WARNING] global plugin configs for Newpluginlol dont exist
22:49:42 [ERROR] Cant initalise module 'dfgfgdh' because __plugin_init__.py is not present
22:49:42 [ERROR] Cant initalise module 'more_plugins' because __plugin_init__.py is not present
22:49:42 [ERROR] Cant initalise module 'second Plugin Lol' because __plugin_init__.py is not present
22:49:42 [ERROR] Cant initalise module 'this is a veeeeeeeeeeerrrrrryy looooong plugin naaame' because __plugin_init__.py is not present
22:49:42 [ERROR] Cant initalise module 'uhhhh whatever' because __plugin_init__.py is not present
22:49:42 [WARNING] global plugin configs for Newpluginlol dont exist
22:56:44 [ERROR] Cant initalise module 'dfgfgdh' because __plugin_init__.py is not present
22:56:44 [ERROR] Cant initalise module 'more_plugins' because __plugin_init__.py is not present
22:56:44 [ERROR] Cant initalise module 'second Plugin Lol' because __plugin_init__.py is not present
22:56:44 [ERROR] Cant initalise module 'this is a veeeeeeeeeeerrrrrryy looooong plugin naaame' because __plugin_init__.py is not present
22:56:44 [ERROR] Cant initalise module 'uhhhh whatever' because __plugin_init__.py is not present
22:56:44 [WARNING] global plugin configs for Newpluginlol dont exist
23:04:11 [ERROR] Cant initalise module 'dfgfgdh' because __plugin_init__.py is not present
23:04:11 [ERROR] Cant initalise module 'more_plugins' because __plugin_init__.py is not present
23:04:11 [ERROR] Cant initalise module 'second Plugin Lol' because __plugin_init__.py is not present
23:04:11 [ERROR] Cant initalise module 'this is a veeeeeeeeeeerrrrrryy looooong plugin naaame' because __plugin_init__.py is not present
23:04:11 [ERROR] Cant initalise module 'uhhhh whatever' because __plugin_init__.py is not present
23:04:11 [WARNING] global plugin configs for Newpluginlol dont exist
23:58:20 [ERROR] Cant initalise module 'dfgfgdh' because __plugin_init__.py is not present
23:58:20 [ERROR] Cant initalise module 'more_plugins' because __plugin_init__.py is not present
23:58:20 [ERROR] Cant initalise module 'second Plugin Lol' because __plugin_init__.py is not present
23:58:20 [ERROR] Cant initalise module 'this is a veeeeeeeeeeerrrrrryy looooong plugin naaame' because __plugin_init__.py is not present
23:58:20 [ERROR] Cant initalise module 'uhhhh whatever' because __plugin_init__.py is not present
23:58:20 [WARNING] global plugin configs for Newpluginlol dont exist
23:59:39 [ERROR] Cant initalise module 'dfgfgdh' because __plugin_init__.py is not present
23:59:39 [ERROR] Cant initalise module 'more_plugins' because __plugin_init__.py is not present
23:59:39 [ERROR] Cant initalise module 'second Plugin Lol' because __plugin_init__.py is not present
23:59:39 [ERROR] Cant initalise module 'this is a veeeeeeeeeeerrrrrryy looooong plugin naaame' because __plugin_init__.py is not present
23:59:39 [ERROR] Cant initalise module 'uhhhh whatever' because __plugin_init__.py is not present
23:59:39 [WARNING] global plugin configs for Newpluginlol dont exist
