00:01:38 [ERROR] Cant initalise module 'dfgfgdh' because __plugin_init__.py is not present
00:01:38 [ERROR] Cant initalise module 'more_plugins' because __plugin_init__.py is not present
00:01:38 [ERROR] Cant initalise module 'second Plugin Lol' because __plugin_init__.py is not present
00:01:38 [ERROR] Cant initalise module 'this is a veeeeeeeeeeerrrrrryy looooong plugin naaame' because __plugin_init__.py is not present
00:01:38 [ERROR] Cant initalise module 'uhhhh whatever' because __plugin_init__.py is not present
00:01:38 [WARNING] global plugin configs for Newpluginlol dont exist
00:02:38 [ERROR] Cant initalise module 'dfgfgdh' because __plugin_init__.py is not present
00:02:38 [ERROR] Cant initalise module 'more_plugins' because __plugin_init__.py is not present
00:02:38 [ERROR] Cant initalise module 'second Plugin Lol' because __plugin_init__.py is not present
00:02:38 [ERROR] Cant initalise module 'this is a veeeeeeeeeeerrrrrryy looooong plugin naaame' because __plugin_init__.py is not present
00:02:38 [ERROR] Cant initalise module 'uhhhh whatever' because __plugin_init__.py is not present
00:02:38 [WARNING] global plugin configs for Newpluginlol dont exist
00:03:28 [ERROR] Cant initalise module 'dfgfgdh' because __plugin_init__.py is not present
00:03:28 [ERROR] Cant initalise module 'more_plugins' because __plugin_init__.py is not present
00:03:28 [ERROR] Cant initalise module 'second Plugin Lol' because __plugin_init__.py is not present
00:03:28 [ERROR] Cant initalise module 'this is a veeeeeeeeeeerrrrrryy looooong plugin naaame' because __plugin_init__.py is not present
00:03:28 [ERROR] Cant initalise module 'uhhhh whatever' because __plugin_init__.py is not present
00:03:28 [WARNING] global plugin configs for Newpluginlol dont exist
00:03:39 [ERROR] Cant initalise module 'dfgfgdh' because __plugin_init__.py is not present
00:03:39 [ERROR] Cant initalise module 'more_plugins' because __plugin_init__.py is not present
00:03:39 [ERROR] Cant initalise module 'second Plugin Lol' because __plugin_init__.py is not present
00:03:39 [ERROR] Cant initalise module 'this is a veeeeeeeeeeerrrrrryy looooong plugin naaame' because __plugin_init__.py is not present
00:03:39 [ERROR] Cant initalise module 'uhhhh whatever' because __plugin_init__.py is not present
00:03:39 [WARNING] global plugin configs for Newpluginlol dont exist
00:04:26 [ERROR] Cant initalise module 'dfgfgdh' because __plugin_init__.py is not present
00:04:26 [ERROR] Cant initalise module 'more_plugins' because __plugin_init__.py is not present
00:04:26 [ERROR] Cant initalise module 'second Plugin Lol' because __plugin_init__.py is not present
00:04:26 [ERROR] Cant initalise module 'this is a veeeeeeeeeeerrrrrryy looooong plugin naaame' because __plugin_init__.py is not present
00:04:26 [ERROR] Cant initalise module 'uhhhh whatever' because __plugin_init__.py is not present
00:04:26 [WARNING] global plugin configs for Newpluginlol dont exist
00:10:24 [ERROR] Cant initalise module 'dfgfgdh' because __plugin_init__.py is not present
00:10:24 [ERROR] Cant initalise module 'more_plugins' because __plugin_init__.py is not present
00:10:24 [ERROR] Cant initalise module 'second Plugin Lol' because __plugin_init__.py is not present
00:10:24 [ERROR] Cant initalise module 'this is a veeeeeeeeeeerrrrrryy looooong plugin naaame' because __plugin_init__.py is not present
00:10:24 [ERROR] Cant initalise module 'uhhhh whatever' because __plugin_init__.py is not present
00:10:24 [WARNING] global plugin configs for Newpluginlol dont exist
