17:28:08 [ERROR] Cant initalise module 'dfgfgdh' because __plugin_init__.py is not present
17:28:08 [ERROR] Cant initalise module 'more_plugins' because __plugin_init__.py is not present
17:28:08 [ERROR] Cant initalise module 'second Plugin Lol' because __plugin_init__.py is not present
17:28:08 [ERROR] Cant initalise module 'this is a veeeeeeeeeeerrrrrryy looooong plugin naaame' because __plugin_init__.py is not present
17:28:08 [ERROR] Cant initalise module 'uhhhh whatever' because __plugin_init__.py is not present
17:28:08 [ERROR] Cant initalise module 'dfgfgdh' because __plugin_init__.py is not present
17:28:08 [ERROR] Cant initalise module 'more_plugins' because __plugin_init__.py is not present
17:28:08 [ERROR] Cant initalise module 'second Plugin Lol' because __plugin_init__.py is not present
17:28:08 [ERROR] Cant initalise module 'this is a veeeeeeeeeeerrrrrryy looooong plugin naaame' because __plugin_init__.py is not present
17:28:08 [ERROR] Cant initalise module 'uhhhh whatever' because __plugin_init__.py is not present
17:30:42 [ERROR] Cant initalise module 'dfgfgdh' because __plugin_init__.py is not present
17:30:42 [ERROR] Cant initalise module 'more_plugins' because __plugin_init__.py is not present
17:30:42 [ERROR] Cant initalise module 'second Plugin Lol' because __plugin_init__.py is not present
17:30:42 [ERROR] Cant initalise module 'this is a veeeeeeeeeeerrrrrryy looooong plugin naaame' because __plugin_init__.py is not present
17:30:42 [ERROR] Cant initalise module 'uhhhh whatever' because __plugin_init__.py is not present
17:30:49 [ERROR] Cant initalise module 'dfgfgdh' because __plugin_init__.py is not present
17:30:49 [ERROR] Cant initalise module 'more_plugins' because __plugin_init__.py is not present
17:30:49 [ERROR] Cant initalise module 'second Plugin Lol' because __plugin_init__.py is not present
17:30:49 [ERROR] Cant initalise module 'this is a veeeeeeeeeeerrrrrryy looooong plugin naaame' because __plugin_init__.py is not present
17:30:49 [ERROR] Cant initalise module 'uhhhh whatever' because __plugin_init__.py is not present
