01:32:28 [ERROR] Cant initalise module 'dfgfgdh' because __plugin_init__.py is not present
01:32:28 [ERROR] Cant initalise module 'more_plugins' because __plugin_init__.py is not present
01:32:28 [ERROR] Cant initalise module 'second Plugin Lol' because __plugin_init__.py is not present
01:32:28 [ERROR] Cant initalise module 'this is a veeeeeeeeeeerrrrrryy looooong plugin naaame' because __plugin_init__.py is not present
01:32:28 [ERROR] Cant initalise module 'uhhhh whatever' because __plugin_init__.py is not present
01:32:28 [ERROR] Cant initalise module 'dfgfgdh' because __plugin_init__.py is not present
01:32:28 [ERROR] Cant initalise module 'more_plugins' because __plugin_init__.py is not present
01:32:28 [ERROR] Cant initalise module 'second Plugin Lol' because __plugin_init__.py is not present
01:32:28 [ERROR] Cant initalise module 'this is a veeeeeeeeeeerrrrrryy looooong plugin naaame' because __plugin_init__.py is not present
01:32:28 [ERROR] Cant initalise module 'uhhhh whatever' because __plugin_init__.py is not present
01:34:07 [ERROR] Cant initalise module 'dfgfgdh' because __plugin_init__.py is not present
01:34:07 [ERROR] Cant initalise module 'more_plugins' because __plugin_init__.py is not present
01:34:07 [ERROR] Cant initalise module 'second Plugin Lol' because __plugin_init__.py is not present
01:34:07 [ERROR] Cant initalise module 'this is a veeeeeeeeeeerrrrrryy looooong plugin naaame' because __plugin_init__.py is not present
01:34:07 [ERROR] Cant initalise module 'uhhhh whatever' because __plugin_init__.py is not present
01:34:11 [ERROR] Cant initalise module 'dfgfgdh' because __plugin_init__.py is not present
01:34:11 [ERROR] Cant initalise module 'more_plugins' because __plugin_init__.py is not present
01:34:11 [ERROR] Cant initalise module 'second Plugin Lol' because __plugin_init__.py is not present
01:34:11 [ERROR] Cant initalise module 'this is a veeeeeeeeeeerrrrrryy looooong plugin naaame' because __plugin_init__.py is not present
01:34:11 [ERROR] Cant initalise module 'uhhhh whatever' because __plugin_init__.py is not present
01:34:46 [ERROR] Cant initalise module 'dfgfgdh' because __plugin_init__.py is not present
01:34:46 [ERROR] Cant initalise module 'more_plugins' because __plugin_init__.py is not present
01:34:46 [ERROR] Cant initalise module 'second Plugin Lol' because __plugin_init__.py is not present
01:34:46 [ERROR] Cant initalise module 'this is a veeeeeeeeeeerrrrrryy looooong plugin naaame' because __plugin_init__.py is not present
01:34:46 [ERROR] Cant initalise module 'uhhhh whatever' because __plugin_init__.py is not present
01:35:02 [ERROR] Cant initalise module 'dfgfgdh' because __plugin_init__.py is not present
01:35:02 [ERROR] Cant initalise module 'more_plugins' because __plugin_init__.py is not present
01:35:02 [ERROR] Cant initalise module 'second Plugin Lol' because __plugin_init__.py is not present
01:35:02 [ERROR] Cant initalise module 'this is a veeeeeeeeeeerrrrrryy looooong plugin naaame' because __plugin_init__.py is not present
01:35:02 [ERROR] Cant initalise module 'uhhhh whatever' because __plugin_init__.py is not present
01:35:24 [ERROR] Cant initalise module 'dfgfgdh' because __plugin_init__.py is not present
01:35:24 [ERROR] Cant initalise module 'more_plugins' because __plugin_init__.py is not present
01:35:24 [ERROR] Cant initalise module 'second Plugin Lol' because __plugin_init__.py is not present
01:35:24 [ERROR] Cant initalise module 'this is a veeeeeeeeeeerrrrrryy looooong plugin naaame' because __plugin_init__.py is not present
01:35:24 [ERROR] Cant initalise module 'uhhhh whatever' because __plugin_init__.py is not present
01:35:38 [ERROR] Cant initalise module 'dfgfgdh' because __plugin_init__.py is not present
01:35:38 [ERROR] Cant initalise module 'more_plugins' because __plugin_init__.py is not present
01:35:38 [ERROR] Cant initalise module 'second Plugin Lol' because __plugin_init__.py is not present
01:35:38 [ERROR] Cant initalise module 'this is a veeeeeeeeeeerrrrrryy looooong plugin naaame' because __plugin_init__.py is not present
01:35:38 [ERROR] Cant initalise module 'uhhhh whatever' because __plugin_init__.py is not present
01:35:38 [ERROR] Cant initalise module 'dfgfgdh' because __plugin_init__.py is not present
01:35:38 [ERROR] Cant initalise module 'more_plugins' because __plugin_init__.py is not present
01:35:38 [ERROR] Cant initalise module 'second Plugin Lol' because __plugin_init__.py is not present
01:35:38 [ERROR] Cant initalise module 'this is a veeeeeeeeeeerrrrrryy looooong plugin naaame' because __plugin_init__.py is not present
01:35:38 [ERROR] Cant initalise module 'uhhhh whatever' because __plugin_init__.py is not present
01:47:37 [ERROR] Cant initalise module 'dfgfgdh' because __plugin_init__.py is not present
01:47:37 [ERROR] Cant initalise module 'more_plugins' because __plugin_init__.py is not present
01:47:37 [ERROR] Cant initalise module 'second Plugin Lol' because __plugin_init__.py is not present
01:47:37 [ERROR] Cant initalise module 'this is a veeeeeeeeeeerrrrrryy looooong plugin naaame' because __plugin_init__.py is not present
01:47:37 [ERROR] Cant initalise module 'uhhhh whatever' because __plugin_init__.py is not present
01:48:00 [ERROR] Cant initalise module 'dfgfgdh' because __plugin_init__.py is not present
01:48:00 [ERROR] Cant initalise module 'more_plugins' because __plugin_init__.py is not present
01:48:00 [ERROR] Cant initalise module 'second Plugin Lol' because __plugin_init__.py is not present
01:48:00 [ERROR] Cant initalise module 'this is a veeeeeeeeeeerrrrrryy looooong plugin naaame' because __plugin_init__.py is not present
01:48:00 [ERROR] Cant initalise module 'uhhhh whatever' because __plugin_init__.py is not present
01:48:03 [ERROR] Cant initalise module 'dfgfgdh' because __plugin_init__.py is not present
01:48:03 [ERROR] Cant initalise module 'more_plugins' because __plugin_init__.py is not present
01:48:03 [ERROR] Cant initalise module 'second Plugin Lol' because __plugin_init__.py is not present
01:48:03 [ERROR] Cant initalise module 'this is a veeeeeeeeeeerrrrrryy looooong plugin naaame' because __plugin_init__.py is not present
01:48:03 [ERROR] Cant initalise module 'uhhhh whatever' because __plugin_init__.py is not present
01:50:02 [ERROR] Cant initalise module 'dfgfgdh' because __plugin_init__.py is not present
01:50:02 [ERROR] Cant initalise module 'more_plugins' because __plugin_init__.py is not present
01:50:02 [ERROR] Cant initalise module 'second Plugin Lol' because __plugin_init__.py is not present
01:50:02 [ERROR] Cant initalise module 'this is a veeeeeeeeeeerrrrrryy looooong plugin naaame' because __plugin_init__.py is not present
01:50:02 [ERROR] Cant initalise module 'uhhhh whatever' because __plugin_init__.py is not present
01:52:38 [ERROR] Cant initalise module 'dfgfgdh' because __plugin_init__.py is not present
01:52:38 [ERROR] Cant initalise module 'more_plugins' because __plugin_init__.py is not present
01:52:38 [ERROR] Cant initalise module 'second Plugin Lol' because __plugin_init__.py is not present
01:52:38 [ERROR] Cant initalise module 'this is a veeeeeeeeeeerrrrrryy looooong plugin naaame' because __plugin_init__.py is not present
01:52:38 [ERROR] Cant initalise module 'uhhhh whatever' because __plugin_init__.py is not present
01:52:46 [ERROR] Cant initalise module 'dfgfgdh' because __plugin_init__.py is not present
01:52:46 [ERROR] Cant initalise module 'more_plugins' because __plugin_init__.py is not present
01:52:46 [ERROR] Cant initalise module 'second Plugin Lol' because __plugin_init__.py is not present
01:52:46 [ERROR] Cant initalise module 'this is a veeeeeeeeeeerrrrrryy looooong plugin naaame' because __plugin_init__.py is not present
01:52:46 [ERROR] Cant initalise module 'uhhhh whatever' because __plugin_init__.py is not present
01:53:23 [ERROR] Cant initalise module 'dfgfgdh' because __plugin_init__.py is not present
01:53:23 [ERROR] Cant initalise module 'more_plugins' because __plugin_init__.py is not present
01:53:23 [ERROR] Cant initalise module 'second Plugin Lol' because __plugin_init__.py is not present
01:53:23 [ERROR] Cant initalise module 'this is a veeeeeeeeeeerrrrrryy looooong plugin naaame' because __plugin_init__.py is not present
01:53:23 [ERROR] Cant initalise module 'uhhhh whatever' because __plugin_init__.py is not present
01:54:37 [ERROR] Cant initalise module 'dfgfgdh' because __plugin_init__.py is not present
01:54:37 [ERROR] Cant initalise module 'more_plugins' because __plugin_init__.py is not present
01:54:37 [ERROR] Cant initalise module 'second Plugin Lol' because __plugin_init__.py is not present
01:54:37 [ERROR] Cant initalise module 'this is a veeeeeeeeeeerrrrrryy looooong plugin naaame' because __plugin_init__.py is not present
01:54:37 [ERROR] Cant initalise module 'uhhhh whatever' because __plugin_init__.py is not present
01:55:40 [ERROR] Cant initalise module 'dfgfgdh' because __plugin_init__.py is not present
01:55:40 [ERROR] Cant initalise module 'more_plugins' because __plugin_init__.py is not present
01:55:40 [ERROR] Cant initalise module 'second Plugin Lol' because __plugin_init__.py is not present
01:55:40 [ERROR] Cant initalise module 'this is a veeeeeeeeeeerrrrrryy looooong plugin naaame' because __plugin_init__.py is not present
01:55:40 [ERROR] Cant initalise module 'uhhhh whatever' because __plugin_init__.py is not present
01:59:16 [ERROR] Cant initalise module 'dfgfgdh' because __plugin_init__.py is not present
01:59:16 [ERROR] Cant initalise module 'more_plugins' because __plugin_init__.py is not present
01:59:16 [ERROR] Cant initalise module 'second Plugin Lol' because __plugin_init__.py is not present
01:59:16 [ERROR] Cant initalise module 'this is a veeeeeeeeeeerrrrrryy looooong plugin naaame' because __plugin_init__.py is not present
01:59:16 [ERROR] Cant initalise module 'uhhhh whatever' because __plugin_init__.py is not present
02:01:03 [ERROR] Cant initalise module 'dfgfgdh' because __plugin_init__.py is not present
02:01:03 [ERROR] Cant initalise module 'more_plugins' because __plugin_init__.py is not present
02:01:03 [ERROR] Cant initalise module 'second Plugin Lol' because __plugin_init__.py is not present
02:01:03 [ERROR] Cant initalise module 'this is a veeeeeeeeeeerrrrrryy looooong plugin naaame' because __plugin_init__.py is not present
02:01:03 [ERROR] Cant initalise module 'uhhhh whatever' because __plugin_init__.py is not present
02:02:05 [ERROR] Cant initalise module 'dfgfgdh' because __plugin_init__.py is not present
02:02:05 [ERROR] Cant initalise module 'more_plugins' because __plugin_init__.py is not present
02:02:05 [ERROR] Cant initalise module 'second Plugin Lol' because __plugin_init__.py is not present
02:02:05 [ERROR] Cant initalise module 'this is a veeeeeeeeeeerrrrrryy looooong plugin naaame' because __plugin_init__.py is not present
02:02:05 [ERROR] Cant initalise module 'uhhhh whatever' because __plugin_init__.py is not present
02:03:30 [ERROR] Cant initalise module 'dfgfgdh' because __plugin_init__.py is not present
02:03:30 [ERROR] Cant initalise module 'more_plugins' because __plugin_init__.py is not present
02:03:30 [ERROR] Cant initalise module 'second Plugin Lol' because __plugin_init__.py is not present
02:03:30 [ERROR] Cant initalise module 'this is a veeeeeeeeeeerrrrrryy looooong plugin naaame' because __plugin_init__.py is not present
02:03:30 [ERROR] Cant initalise module 'uhhhh whatever' because __plugin_init__.py is not present
02:04:09 [ERROR] Cant initalise module 'dfgfgdh' because __plugin_init__.py is not present
02:04:09 [ERROR] Cant initalise module 'more_plugins' because __plugin_init__.py is not present
02:04:09 [ERROR] Cant initalise module 'second Plugin Lol' because __plugin_init__.py is not present
02:04:09 [ERROR] Cant initalise module 'this is a veeeeeeeeeeerrrrrryy looooong plugin naaame' because __plugin_init__.py is not present
02:04:09 [ERROR] Cant initalise module 'uhhhh whatever' because __plugin_init__.py is not present
02:04:09 [ERROR] Cant initalise module 'dfgfgdh' because __plugin_init__.py is not present
02:04:09 [ERROR] Cant initalise module 'more_plugins' because __plugin_init__.py is not present
02:04:09 [ERROR] Cant initalise module 'second Plugin Lol' because __plugin_init__.py is not present
02:04:09 [ERROR] Cant initalise module 'this is a veeeeeeeeeeerrrrrryy looooong plugin naaame' because __plugin_init__.py is not present
02:04:09 [ERROR] Cant initalise module 'uhhhh whatever' because __plugin_init__.py is not present
02:04:24 [ERROR] Cant initalise module 'dfgfgdh' because __plugin_init__.py is not present
02:04:24 [ERROR] Cant initalise module 'more_plugins' because __plugin_init__.py is not present
02:04:24 [ERROR] Cant initalise module 'second Plugin Lol' because __plugin_init__.py is not present
02:04:24 [ERROR] Cant initalise module 'this is a veeeeeeeeeeerrrrrryy looooong plugin naaame' because __plugin_init__.py is not present
02:04:24 [ERROR] Cant initalise module 'uhhhh whatever' because __plugin_init__.py is not present
02:04:35 [ERROR] Cant initalise module 'dfgfgdh' because __plugin_init__.py is not present
02:04:35 [ERROR] Cant initalise module 'more_plugins' because __plugin_init__.py is not present
02:04:35 [ERROR] Cant initalise module 'second Plugin Lol' because __plugin_init__.py is not present
02:04:35 [ERROR] Cant initalise module 'this is a veeeeeeeeeeerrrrrryy looooong plugin naaame' because __plugin_init__.py is not present
02:04:35 [ERROR] Cant initalise module 'uhhhh whatever' because __plugin_init__.py is not present
02:04:54 [ERROR] Cant initalise module 'dfgfgdh' because __plugin_init__.py is not present
02:04:54 [ERROR] Cant initalise module 'more_plugins' because __plugin_init__.py is not present
02:04:54 [ERROR] Cant initalise module 'second Plugin Lol' because __plugin_init__.py is not present
02:04:54 [ERROR] Cant initalise module 'this is a veeeeeeeeeeerrrrrryy looooong plugin naaame' because __plugin_init__.py is not present
02:04:54 [ERROR] Cant initalise module 'uhhhh whatever' because __plugin_init__.py is not present
02:05:04 [ERROR] Cant initalise module 'dfgfgdh' because __plugin_init__.py is not present
02:05:04 [ERROR] Cant initalise module 'more_plugins' because __plugin_init__.py is not present
02:05:04 [ERROR] Cant initalise module 'second Plugin Lol' because __plugin_init__.py is not present
02:05:04 [ERROR] Cant initalise module 'this is a veeeeeeeeeeerrrrrryy looooong plugin naaame' because __plugin_init__.py is not present
02:05:04 [ERROR] Cant initalise module 'uhhhh whatever' because __plugin_init__.py is not present
02:07:00 [ERROR] Cant initalise module 'dfgfgdh' because __plugin_init__.py is not present
02:07:00 [ERROR] Cant initalise module 'more_plugins' because __plugin_init__.py is not present
02:07:00 [ERROR] Cant initalise module 'second Plugin Lol' because __plugin_init__.py is not present
02:07:00 [ERROR] Cant initalise module 'this is a veeeeeeeeeeerrrrrryy looooong plugin naaame' because __plugin_init__.py is not present
02:07:00 [ERROR] Cant initalise module 'uhhhh whatever' because __plugin_init__.py is not present
02:07:09 [ERROR] Cant initalise module 'dfgfgdh' because __plugin_init__.py is not present
02:07:09 [ERROR] Cant initalise module 'more_plugins' because __plugin_init__.py is not present
02:07:09 [ERROR] Cant initalise module 'second Plugin Lol' because __plugin_init__.py is not present
02:07:09 [ERROR] Cant initalise module 'this is a veeeeeeeeeeerrrrrryy looooong plugin naaame' because __plugin_init__.py is not present
02:07:09 [ERROR] Cant initalise module 'uhhhh whatever' because __plugin_init__.py is not present
02:09:44 [ERROR] Cant initalise module 'dfgfgdh' because __plugin_init__.py is not present
02:09:44 [ERROR] Cant initalise module 'more_plugins' because __plugin_init__.py is not present
02:09:44 [ERROR] Cant initalise module 'second Plugin Lol' because __plugin_init__.py is not present
02:09:44 [ERROR] Cant initalise module 'this is a veeeeeeeeeeerrrrrryy looooong plugin naaame' because __plugin_init__.py is not present
02:09:44 [ERROR] Cant initalise module 'uhhhh whatever' because __plugin_init__.py is not present
02:10:19 [ERROR] Cant initalise module 'dfgfgdh' because __plugin_init__.py is not present
02:10:19 [ERROR] Cant initalise module 'more_plugins' because __plugin_init__.py is not present
02:10:19 [ERROR] Cant initalise module 'second Plugin Lol' because __plugin_init__.py is not present
02:10:19 [ERROR] Cant initalise module 'this is a veeeeeeeeeeerrrrrryy looooong plugin naaame' because __plugin_init__.py is not present
02:10:19 [ERROR] Cant initalise module 'uhhhh whatever' because __plugin_init__.py is not present
02:10:38 [ERROR] Cant initalise module 'dfgfgdh' because __plugin_init__.py is not present
02:10:38 [ERROR] Cant initalise module 'more_plugins' because __plugin_init__.py is not present
02:10:38 [ERROR] Cant initalise module 'second Plugin Lol' because __plugin_init__.py is not present
02:10:38 [ERROR] Cant initalise module 'this is a veeeeeeeeeeerrrrrryy looooong plugin naaame' because __plugin_init__.py is not present
02:10:38 [ERROR] Cant initalise module 'uhhhh whatever' because __plugin_init__.py is not present
02:11:38 [ERROR] Cant initalise module 'dfgfgdh' because __plugin_init__.py is not present
02:11:38 [ERROR] Cant initalise module 'more_plugins' because __plugin_init__.py is not present
02:11:38 [ERROR] Cant initalise module 'second Plugin Lol' because __plugin_init__.py is not present
02:11:38 [ERROR] Cant initalise module 'this is a veeeeeeeeeeerrrrrryy looooong plugin naaame' because __plugin_init__.py is not present
02:11:38 [ERROR] Cant initalise module 'uhhhh whatever' because __plugin_init__.py is not present
02:12:56 [ERROR] Cant initalise module 'dfgfgdh' because __plugin_init__.py is not present
02:12:56 [ERROR] Cant initalise module 'more_plugins' because __plugin_init__.py is not present
02:12:56 [ERROR] Cant initalise module 'second Plugin Lol' because __plugin_init__.py is not present
02:12:56 [ERROR] Cant initalise module 'this is a veeeeeeeeeeerrrrrryy looooong plugin naaame' because __plugin_init__.py is not present
02:12:56 [ERROR] Cant initalise module 'uhhhh whatever' because __plugin_init__.py is not present
