20:45:30 [ERROR] Cant initalise module 'dfgfgdh' because __plugin_init__.py is not present
20:45:30 [ERROR] Cant initalise module 'more_plugins' because __plugin_init__.py is not present
20:45:30 [ERROR] Cant initalise module 'second Plugin Lol' because __plugin_init__.py is not present
20:45:30 [ERROR] Cant initalise module 'this is a veeeeeeeeeeerrrrrryy looooong plugin naaame' because __plugin_init__.py is not present
20:45:30 [ERROR] Cant initalise module 'uhhhh whatever' because __plugin_init__.py is not present
20:45:30 [ERROR] Cant initalise module 'dfgfgdh' because __plugin_init__.py is not present
20:45:30 [ERROR] Cant initalise module 'more_plugins' because __plugin_init__.py is not present
20:45:30 [ERROR] Cant initalise module 'second Plugin Lol' because __plugin_init__.py is not present
20:45:30 [ERROR] Cant initalise module 'this is a veeeeeeeeeeerrrrrryy looooong plugin naaame' because __plugin_init__.py is not present
20:45:30 [ERROR] Cant initalise module 'uhhhh whatever' because __plugin_init__.py is not present
20:46:29 [ERROR] Cant initalise module 'dfgfgdh' because __plugin_init__.py is not present
20:46:29 [ERROR] Cant initalise module 'more_plugins' because __plugin_init__.py is not present
20:46:29 [ERROR] Cant initalise module 'second Plugin Lol' because __plugin_init__.py is not present
20:46:29 [ERROR] Cant initalise module 'this is a veeeeeeeeeeerrrrrryy looooong plugin naaame' because __plugin_init__.py is not present
20:46:29 [ERROR] Cant initalise module 'uhhhh whatever' because __plugin_init__.py is not present
20:46:29 [ERROR] Cant initalise module 'dfgfgdh' because __plugin_init__.py is not present
20:46:29 [ERROR] Cant initalise module 'more_plugins' because __plugin_init__.py is not present
20:46:29 [ERROR] Cant initalise module 'second Plugin Lol' because __plugin_init__.py is not present
20:46:29 [ERROR] Cant initalise module 'this is a veeeeeeeeeeerrrrrryy looooong plugin naaame' because __plugin_init__.py is not present
20:46:29 [ERROR] Cant initalise module 'uhhhh whatever' because __plugin_init__.py is not present
20:46:40 [ERROR] Cant initalise module 'dfgfgdh' because __plugin_init__.py is not present
20:46:40 [ERROR] Cant initalise module 'more_plugins' because __plugin_init__.py is not present
20:46:40 [ERROR] Cant initalise module 'second Plugin Lol' because __plugin_init__.py is not present
20:46:40 [ERROR] Cant initalise module 'this is a veeeeeeeeeeerrrrrryy looooong plugin naaame' because __plugin_init__.py is not present
20:46:40 [ERROR] Cant initalise module 'uhhhh whatever' because __plugin_init__.py is not present
20:48:38 [ERROR] Cant initalise module 'dfgfgdh' because __plugin_init__.py is not present
20:48:38 [ERROR] Cant initalise module 'more_plugins' because __plugin_init__.py is not present
20:48:38 [ERROR] Cant initalise module 'second Plugin Lol' because __plugin_init__.py is not present
20:48:38 [ERROR] Cant initalise module 'this is a veeeeeeeeeeerrrrrryy looooong plugin naaame' because __plugin_init__.py is not present
20:48:38 [ERROR] Cant initalise module 'uhhhh whatever' because __plugin_init__.py is not present
20:48:38 [ERROR] Cant initalise module 'dfgfgdh' because __plugin_init__.py is not present
20:48:38 [ERROR] Cant initalise module 'more_plugins' because __plugin_init__.py is not present
20:48:38 [ERROR] Cant initalise module 'second Plugin Lol' because __plugin_init__.py is not present
20:48:38 [ERROR] Cant initalise module 'this is a veeeeeeeeeeerrrrrryy looooong plugin naaame' because __plugin_init__.py is not present
20:48:38 [ERROR] Cant initalise module 'uhhhh whatever' because __plugin_init__.py is not present
20:48:49 [ERROR] Cant initalise module 'dfgfgdh' because __plugin_init__.py is not present
20:48:49 [ERROR] Cant initalise module 'more_plugins' because __plugin_init__.py is not present
20:48:49 [ERROR] Cant initalise module 'second Plugin Lol' because __plugin_init__.py is not present
20:48:49 [ERROR] Cant initalise module 'this is a veeeeeeeeeeerrrrrryy looooong plugin naaame' because __plugin_init__.py is not present
20:48:49 [ERROR] Cant initalise module 'uhhhh whatever' because __plugin_init__.py is not present
20:58:19 [ERROR] Cant initalise module 'dfgfgdh' because __plugin_init__.py is not present
20:58:19 [ERROR] Cant initalise module 'more_plugins' because __plugin_init__.py is not present
20:58:19 [ERROR] Cant initalise module 'second Plugin Lol' because __plugin_init__.py is not present
20:58:19 [ERROR] Cant initalise module 'this is a veeeeeeeeeeerrrrrryy looooong plugin naaame' because __plugin_init__.py is not present
20:58:19 [ERROR] Cant initalise module 'uhhhh whatever' because __plugin_init__.py is not present
