21:17:01 [ERROR] Cant initalise module 'dfgfgdh' because __plugin_init__.py is not present
21:17:01 [ERROR] Cant initalise module 'more_plugins' because __plugin_init__.py is not present
21:17:01 [ERROR] Cant initalise module 'second Plugin Lol' because __plugin_init__.py is not present
21:17:01 [ERROR] Cant initalise module 'this is a veeeeeeeeeeerrrrrryy looooong plugin naaame' because __plugin_init__.py is not present
21:17:01 [ERROR] Cant initalise module 'uhhhh whatever' because __plugin_init__.py is not present
21:17:02 [ERROR] Cant initalise module 'dfgfgdh' because __plugin_init__.py is not present
21:17:02 [ERROR] Cant initalise module 'more_plugins' because __plugin_init__.py is not present
21:17:02 [ERROR] Cant initalise module 'second Plugin Lol' because __plugin_init__.py is not present
21:17:02 [ERROR] Cant initalise module 'this is a veeeeeeeeeeerrrrrryy looooong plugin naaame' because __plugin_init__.py is not present
21:17:02 [ERROR] Cant initalise module 'uhhhh whatever' because __plugin_init__.py is not present
22:40:55 [ERROR] Cant initalise module 'dfgfgdh' because __plugin_init__.py is not present
22:40:55 [ERROR] Cant initalise module 'more_plugins' because __plugin_init__.py is not present
22:40:55 [ERROR] Cant initalise module 'second Plugin Lol' because __plugin_init__.py is not present
22:40:55 [ERROR] Cant initalise module 'this is a veeeeeeeeeeerrrrrryy looooong plugin naaame' because __plugin_init__.py is not present
22:40:55 [ERROR] Cant initalise module 'uhhhh whatever' because __plugin_init__.py is not present
22:40:55 [ERROR] Cant initalise module 'dfgfgdh' because __plugin_init__.py is not present
22:40:55 [ERROR] Cant initalise module 'more_plugins' because __plugin_init__.py is not present
22:40:55 [ERROR] Cant initalise module 'second Plugin Lol' because __plugin_init__.py is not present
22:40:55 [ERROR] Cant initalise module 'this is a veeeeeeeeeeerrrrrryy looooong plugin naaame' because __plugin_init__.py is not present
22:40:55 [ERROR] Cant initalise module 'uhhhh whatever' because __plugin_init__.py is not present
22:44:29 [ERROR] Cant initalise module 'dfgfgdh' because __plugin_init__.py is not present
22:44:29 [ERROR] Cant initalise module 'more_plugins' because __plugin_init__.py is not present
22:44:29 [ERROR] Cant initalise module 'second Plugin Lol' because __plugin_init__.py is not present
22:44:29 [ERROR] Cant initalise module 'this is a veeeeeeeeeeerrrrrryy looooong plugin naaame' because __plugin_init__.py is not present
22:44:29 [ERROR] Cant initalise module 'uhhhh whatever' because __plugin_init__.py is not present
22:45:10 [ERROR] Cant initalise module 'dfgfgdh' because __plugin_init__.py is not present
22:45:10 [ERROR] Cant initalise module 'more_plugins' because __plugin_init__.py is not present
22:45:10 [ERROR] Cant initalise module 'second Plugin Lol' because __plugin_init__.py is not present
22:45:10 [ERROR] Cant initalise module 'this is a veeeeeeeeeeerrrrrryy looooong plugin naaame' because __plugin_init__.py is not present
22:45:10 [ERROR] Cant initalise module 'uhhhh whatever' because __plugin_init__.py is not present
22:45:10 [ERROR] Cant initalise module 'dfgfgdh' because __plugin_init__.py is not present
22:45:10 [ERROR] Cant initalise module 'more_plugins' because __plugin_init__.py is not present
22:45:10 [ERROR] Cant initalise module 'second Plugin Lol' because __plugin_init__.py is not present
22:45:10 [ERROR] Cant initalise module 'this is a veeeeeeeeeeerrrrrryy looooong plugin naaame' because __plugin_init__.py is not present
22:45:10 [ERROR] Cant initalise module 'uhhhh whatever' because __plugin_init__.py is not present
22:47:46 [ERROR] Cant initalise module 'dfgfgdh' because __plugin_init__.py is not present
22:47:46 [ERROR] Cant initalise module 'more_plugins' because __plugin_init__.py is not present
22:47:46 [ERROR] Cant initalise module 'second Plugin Lol' because __plugin_init__.py is not present
22:47:46 [ERROR] Cant initalise module 'this is a veeeeeeeeeeerrrrrryy looooong plugin naaame' because __plugin_init__.py is not present
22:47:46 [ERROR] Cant initalise module 'uhhhh whatever' because __plugin_init__.py is not present
22:49:25 [ERROR] Cant initalise module 'dfgfgdh' because __plugin_init__.py is not present
22:49:25 [ERROR] Cant initalise module 'more_plugins' because __plugin_init__.py is not present
22:49:25 [ERROR] Cant initalise module 'second Plugin Lol' because __plugin_init__.py is not present
22:49:25 [ERROR] Cant initalise module 'this is a veeeeeeeeeeerrrrrryy looooong plugin naaame' because __plugin_init__.py is not present
22:49:25 [ERROR] Cant initalise module 'uhhhh whatever' because __plugin_init__.py is not present
22:51:20 [ERROR] Cant initalise module 'dfgfgdh' because __plugin_init__.py is not present
22:51:20 [ERROR] Cant initalise module 'more_plugins' because __plugin_init__.py is not present
22:51:20 [ERROR] Cant initalise module 'second Plugin Lol' because __plugin_init__.py is not present
22:51:20 [ERROR] Cant initalise module 'this is a veeeeeeeeeeerrrrrryy looooong plugin naaame' because __plugin_init__.py is not present
22:51:20 [ERROR] Cant initalise module 'uhhhh whatever' because __plugin_init__.py is not present
22:51:20 [ERROR] Cant initalise module 'dfgfgdh' because __plugin_init__.py is not present
22:51:20 [ERROR] Cant initalise module 'more_plugins' because __plugin_init__.py is not present
22:51:20 [ERROR] Cant initalise module 'second Plugin Lol' because __plugin_init__.py is not present
22:51:20 [ERROR] Cant initalise module 'this is a veeeeeeeeeeerrrrrryy looooong plugin naaame' because __plugin_init__.py is not present
22:51:20 [ERROR] Cant initalise module 'uhhhh whatever' because __plugin_init__.py is not present
22:51:42 [ERROR] Cant initalise module 'dfgfgdh' because __plugin_init__.py is not present
22:51:42 [ERROR] Cant initalise module 'more_plugins' because __plugin_init__.py is not present
22:51:42 [ERROR] Cant initalise module 'second Plugin Lol' because __plugin_init__.py is not present
22:51:42 [ERROR] Cant initalise module 'this is a veeeeeeeeeeerrrrrryy looooong plugin naaame' because __plugin_init__.py is not present
22:51:42 [ERROR] Cant initalise module 'uhhhh whatever' because __plugin_init__.py is not present
22:51:42 [ERROR] Cant initalise module 'dfgfgdh' because __plugin_init__.py is not present
22:51:42 [ERROR] Cant initalise module 'more_plugins' because __plugin_init__.py is not present
22:51:42 [ERROR] Cant initalise module 'second Plugin Lol' because __plugin_init__.py is not present
22:51:42 [ERROR] Cant initalise module 'this is a veeeeeeeeeeerrrrrryy looooong plugin naaame' because __plugin_init__.py is not present
22:51:42 [ERROR] Cant initalise module 'uhhhh whatever' because __plugin_init__.py is not present
22:52:20 [ERROR] Cant initalise module 'dfgfgdh' because __plugin_init__.py is not present
22:52:20 [ERROR] Cant initalise module 'more_plugins' because __plugin_init__.py is not present
22:52:20 [ERROR] Cant initalise module 'second Plugin Lol' because __plugin_init__.py is not present
22:52:20 [ERROR] Cant initalise module 'this is a veeeeeeeeeeerrrrrryy looooong plugin naaame' because __plugin_init__.py is not present
22:52:20 [ERROR] Cant initalise module 'uhhhh whatever' because __plugin_init__.py is not present
22:52:26 [ERROR] Cant initalise module 'dfgfgdh' because __plugin_init__.py is not present
22:52:26 [ERROR] Cant initalise module 'more_plugins' because __plugin_init__.py is not present
22:52:26 [ERROR] Cant initalise module 'second Plugin Lol' because __plugin_init__.py is not present
22:52:26 [ERROR] Cant initalise module 'this is a veeeeeeeeeeerrrrrryy looooong plugin naaame' because __plugin_init__.py is not present
22:52:26 [ERROR] Cant initalise module 'uhhhh whatever' because __plugin_init__.py is not present
22:52:42 [ERROR] Cant initalise module 'dfgfgdh' because __plugin_init__.py is not present
22:52:42 [ERROR] Cant initalise module 'more_plugins' because __plugin_init__.py is not present
22:52:42 [ERROR] Cant initalise module 'second Plugin Lol' because __plugin_init__.py is not present
22:52:42 [ERROR] Cant initalise module 'this is a veeeeeeeeeeerrrrrryy looooong plugin naaame' because __plugin_init__.py is not present
22:52:42 [ERROR] Cant initalise module 'uhhhh whatever' because __plugin_init__.py is not present
22:52:58 [ERROR] Cant initalise module 'dfgfgdh' because __plugin_init__.py is not present
22:52:58 [ERROR] Cant initalise module 'more_plugins' because __plugin_init__.py is not present
22:52:58 [ERROR] Cant initalise module 'second Plugin Lol' because __plugin_init__.py is not present
22:52:58 [ERROR] Cant initalise module 'this is a veeeeeeeeeeerrrrrryy looooong plugin naaame' because __plugin_init__.py is not present
22:52:58 [ERROR] Cant initalise module 'uhhhh whatever' because __plugin_init__.py is not present
22:53:21 [ERROR] Cant initalise module 'dfgfgdh' because __plugin_init__.py is not present
22:53:21 [ERROR] Cant initalise module 'more_plugins' because __plugin_init__.py is not present
22:53:21 [ERROR] Cant initalise module 'second Plugin Lol' because __plugin_init__.py is not present
22:53:21 [ERROR] Cant initalise module 'this is a veeeeeeeeeeerrrrrryy looooong plugin naaame' because __plugin_init__.py is not present
22:53:21 [ERROR] Cant initalise module 'uhhhh whatever' because __plugin_init__.py is not present
22:53:24 [ERROR] Cant initalise module 'dfgfgdh' because __plugin_init__.py is not present
22:53:24 [ERROR] Cant initalise module 'more_plugins' because __plugin_init__.py is not present
22:53:24 [ERROR] Cant initalise module 'second Plugin Lol' because __plugin_init__.py is not present
22:53:24 [ERROR] Cant initalise module 'this is a veeeeeeeeeeerrrrrryy looooong plugin naaame' because __plugin_init__.py is not present
22:53:24 [ERROR] Cant initalise module 'uhhhh whatever' because __plugin_init__.py is not present
22:53:24 [ERROR] Cant initalise module 'dfgfgdh' because __plugin_init__.py is not present
22:53:24 [ERROR] Cant initalise module 'more_plugins' because __plugin_init__.py is not present
22:53:24 [ERROR] Cant initalise module 'second Plugin Lol' because __plugin_init__.py is not present
22:53:24 [ERROR] Cant initalise module 'this is a veeeeeeeeeeerrrrrryy looooong plugin naaame' because __plugin_init__.py is not present
22:53:24 [ERROR] Cant initalise module 'uhhhh whatever' because __plugin_init__.py is not present
22:53:33 [ERROR] Cant initalise module 'dfgfgdh' because __plugin_init__.py is not present
22:53:33 [ERROR] Cant initalise module 'more_plugins' because __plugin_init__.py is not present
22:53:33 [ERROR] Cant initalise module 'second Plugin Lol' because __plugin_init__.py is not present
22:53:33 [ERROR] Cant initalise module 'this is a veeeeeeeeeeerrrrrryy looooong plugin naaame' because __plugin_init__.py is not present
22:53:33 [ERROR] Cant initalise module 'uhhhh whatever' because __plugin_init__.py is not present
22:53:41 [ERROR] Cant initalise module 'dfgfgdh' because __plugin_init__.py is not present
22:53:41 [ERROR] Cant initalise module 'more_plugins' because __plugin_init__.py is not present
22:53:41 [ERROR] Cant initalise module 'second Plugin Lol' because __plugin_init__.py is not present
22:53:41 [ERROR] Cant initalise module 'this is a veeeeeeeeeeerrrrrryy looooong plugin naaame' because __plugin_init__.py is not present
22:53:41 [ERROR] Cant initalise module 'uhhhh whatever' because __plugin_init__.py is not present
22:53:51 [ERROR] Cant initalise module 'dfgfgdh' because __plugin_init__.py is not present
22:53:51 [ERROR] Cant initalise module 'more_plugins' because __plugin_init__.py is not present
22:53:51 [ERROR] Cant initalise module 'second Plugin Lol' because __plugin_init__.py is not present
22:53:51 [ERROR] Cant initalise module 'this is a veeeeeeeeeeerrrrrryy looooong plugin naaame' because __plugin_init__.py is not present
22:53:51 [ERROR] Cant initalise module 'uhhhh whatever' because __plugin_init__.py is not present
22:54:07 [ERROR] Cant initalise module 'dfgfgdh' because __plugin_init__.py is not present
22:54:08 [ERROR] Cant initalise module 'more_plugins' because __plugin_init__.py is not present
22:54:08 [ERROR] Cant initalise module 'second Plugin Lol' because __plugin_init__.py is not present
22:54:08 [ERROR] Cant initalise module 'this is a veeeeeeeeeeerrrrrryy looooong plugin naaame' because __plugin_init__.py is not present
22:54:08 [ERROR] Cant initalise module 'uhhhh whatever' because __plugin_init__.py is not present
22:54:25 [ERROR] Cant initalise module 'dfgfgdh' because __plugin_init__.py is not present
22:54:25 [ERROR] Cant initalise module 'more_plugins' because __plugin_init__.py is not present
22:54:25 [ERROR] Cant initalise module 'second Plugin Lol' because __plugin_init__.py is not present
22:54:25 [ERROR] Cant initalise module 'this is a veeeeeeeeeeerrrrrryy looooong plugin naaame' because __plugin_init__.py is not present
22:54:25 [ERROR] Cant initalise module 'uhhhh whatever' because __plugin_init__.py is not present
22:54:27 [ERROR] Cant initalise module 'dfgfgdh' because __plugin_init__.py is not present
22:54:27 [ERROR] Cant initalise module 'more_plugins' because __plugin_init__.py is not present
22:54:27 [ERROR] Cant initalise module 'second Plugin Lol' because __plugin_init__.py is not present
22:54:27 [ERROR] Cant initalise module 'this is a veeeeeeeeeeerrrrrryy looooong plugin naaame' because __plugin_init__.py is not present
22:54:27 [ERROR] Cant initalise module 'uhhhh whatever' because __plugin_init__.py is not present
22:55:44 [ERROR] Cant initalise module 'dfgfgdh' because __plugin_init__.py is not present
22:55:44 [ERROR] Cant initalise module 'more_plugins' because __plugin_init__.py is not present
22:55:44 [ERROR] Cant initalise module 'second Plugin Lol' because __plugin_init__.py is not present
22:55:44 [ERROR] Cant initalise module 'this is a veeeeeeeeeeerrrrrryy looooong plugin naaame' because __plugin_init__.py is not present
22:55:44 [ERROR] Cant initalise module 'uhhhh whatever' because __plugin_init__.py is not present
22:56:15 [ERROR] Cant initalise module 'dfgfgdh' because __plugin_init__.py is not present
22:56:15 [ERROR] Cant initalise module 'more_plugins' because __plugin_init__.py is not present
22:56:15 [ERROR] Cant initalise module 'second Plugin Lol' because __plugin_init__.py is not present
22:56:15 [ERROR] Cant initalise module 'this is a veeeeeeeeeeerrrrrryy looooong plugin naaame' because __plugin_init__.py is not present
22:56:15 [ERROR] Cant initalise module 'uhhhh whatever' because __plugin_init__.py is not present
22:56:27 [ERROR] Cant initalise module 'dfgfgdh' because __plugin_init__.py is not present
22:56:27 [ERROR] Cant initalise module 'more_plugins' because __plugin_init__.py is not present
22:56:27 [ERROR] Cant initalise module 'second Plugin Lol' because __plugin_init__.py is not present
22:56:27 [ERROR] Cant initalise module 'this is a veeeeeeeeeeerrrrrryy looooong plugin naaame' because __plugin_init__.py is not present
22:56:27 [ERROR] Cant initalise module 'uhhhh whatever' because __plugin_init__.py is not present
22:57:29 [ERROR] Cant initalise module 'dfgfgdh' because __plugin_init__.py is not present
22:57:29 [ERROR] Cant initalise module 'more_plugins' because __plugin_init__.py is not present
22:57:29 [ERROR] Cant initalise module 'second Plugin Lol' because __plugin_init__.py is not present
22:57:29 [ERROR] Cant initalise module 'this is a veeeeeeeeeeerrrrrryy looooong plugin naaame' because __plugin_init__.py is not present
22:57:29 [ERROR] Cant initalise module 'uhhhh whatever' because __plugin_init__.py is not present
23:05:54 [ERROR] Cant initalise module 'dfgfgdh' because __plugin_init__.py is not present
23:05:54 [ERROR] Cant initalise module 'more_plugins' because __plugin_init__.py is not present
23:05:54 [ERROR] Cant initalise module 'second Plugin Lol' because __plugin_init__.py is not present
23:05:54 [ERROR] Cant initalise module 'this is a veeeeeeeeeeerrrrrryy looooong plugin naaame' because __plugin_init__.py is not present
23:05:54 [ERROR] Cant initalise module 'uhhhh whatever' because __plugin_init__.py is not present
