11:17:33 [ERROR] Cant initalise module 'plugin22' because __plugin_init__.py is not present
11:17:33 [ERROR] Cant initalise module 'second_plugin' because __plugin_init__.py is not present
11:17:33 [WARNING] global plugin configs for Newpluginlol dont exist
11:17:34 [ERROR] Cant initalise module 'plugin22' because __plugin_init__.py is not present
11:17:34 [ERROR] Cant initalise module 'second_plugin' because __plugin_init__.py is not present
11:17:34 [WARNING] global plugin configs for Newpluginlol dont exist
11:28:33 [ERROR] Cant initalise module 'plugin22' because __plugin_init__.py is not present
11:28:33 [ERROR] Cant initalise module 'second_plugin' because __plugin_init__.py is not present
11:28:33 [WARNING] global plugin configs for Newpluginlol dont exist
16:06:52 [ERROR] Cant initalise module 'plugin22' because __plugin_init__.py is not present
16:06:52 [ERROR] Cant initalise module 'second_plugin' because __plugin_init__.py is not present
16:06:52 [WARNING] global plugin configs for Newpluginlol dont exist
16:06:53 [ERROR] Cant initalise module 'plugin22' because __plugin_init__.py is not present
16:06:53 [ERROR] Cant initalise module 'second_plugin' because __plugin_init__.py is not present
16:06:53 [WARNING] global plugin configs for Newpluginlol dont exist
16:14:08 [ERROR] Cant initalise module 'plugin22' because __plugin_init__.py is not present
16:14:08 [ERROR] Cant initalise module 'second_plugin' because __plugin_init__.py is not present
16:14:08 [WARNING] global plugin configs for Newpluginlol dont exist
21:23:59 [ERROR] Cant initalise module 'dfgfgdh' because __plugin_init__.py is not present
21:23:59 [ERROR] Cant initalise module 'more_plugins' because __plugin_init__.py is not present
21:23:59 [ERROR] Cant initalise module 'second Plugin Lol' because __plugin_init__.py is not present
21:23:59 [ERROR] Cant initalise module 'this is a veeeeeeeeeeerrrrrryy looooong plugin naaame' because __plugin_init__.py is not present
21:23:59 [ERROR] Cant initalise module 'uhhhh whatever' because __plugin_init__.py is not present
21:23:59 [WARNING] global plugin configs for Newpluginlol dont exist
21:24:00 [ERROR] Cant initalise module 'dfgfgdh' because __plugin_init__.py is not present
21:24:00 [ERROR] Cant initalise module 'more_plugins' because __plugin_init__.py is not present
21:24:00 [ERROR] Cant initalise module 'second Plugin Lol' because __plugin_init__.py is not present
21:24:00 [ERROR] Cant initalise module 'this is a veeeeeeeeeeerrrrrryy looooong plugin naaame' because __plugin_init__.py is not present
21:24:00 [ERROR] Cant initalise module 'uhhhh whatever' because __plugin_init__.py is not present
21:24:00 [WARNING] global plugin configs for Newpluginlol dont exist
23:04:50 [ERROR] Cant initalise module 'dfgfgdh' because __plugin_init__.py is not present
23:04:50 [ERROR] Cant initalise module 'more_plugins' because __plugin_init__.py is not present
23:04:50 [ERROR] Cant initalise module 'second Plugin Lol' because __plugin_init__.py is not present
23:04:50 [ERROR] Cant initalise module 'this is a veeeeeeeeeeerrrrrryy looooong plugin naaame' because __plugin_init__.py is not present
23:04:50 [ERROR] Cant initalise module 'uhhhh whatever' because __plugin_init__.py is not present
23:04:50 [WARNING] global plugin configs for Newpluginlol dont exist
23:05:02 [ERROR] Cant initalise module 'dfgfgdh' because __plugin_init__.py is not present
23:05:02 [ERROR] Cant initalise module 'more_plugins' because __plugin_init__.py is not present
23:05:02 [ERROR] Cant initalise module 'second Plugin Lol' because __plugin_init__.py is not present
23:05:02 [ERROR] Cant initalise module 'this is a veeeeeeeeeeerrrrrryy looooong plugin naaame' because __plugin_init__.py is not present
23:05:02 [ERROR] Cant initalise module 'uhhhh whatever' because __plugin_init__.py is not present
23:05:02 [WARNING] global plugin configs for Newpluginlol dont exist
23:18:31 [ERROR] Cant initalise module 'dfgfgdh' because __plugin_init__.py is not present
23:18:31 [ERROR] Cant initalise module 'more_plugins' because __plugin_init__.py is not present
23:18:31 [ERROR] Cant initalise module 'second Plugin Lol' because __plugin_init__.py is not present
23:18:31 [ERROR] Cant initalise module 'this is a veeeeeeeeeeerrrrrryy looooong plugin naaame' because __plugin_init__.py is not present
23:18:31 [ERROR] Cant initalise module 'uhhhh whatever' because __plugin_init__.py is not present
23:18:31 [WARNING] global plugin configs for Newpluginlol dont exist
23:19:53 [ERROR] Cant initalise module 'dfgfgdh' because __plugin_init__.py is not present
23:19:53 [ERROR] Cant initalise module 'more_plugins' because __plugin_init__.py is not present
23:19:53 [ERROR] Cant initalise module 'second Plugin Lol' because __plugin_init__.py is not present
23:19:53 [ERROR] Cant initalise module 'this is a veeeeeeeeeeerrrrrryy looooong plugin naaame' because __plugin_init__.py is not present
23:19:53 [ERROR] Cant initalise module 'uhhhh whatever' because __plugin_init__.py is not present
23:19:53 [WARNING] global plugin configs for Newpluginlol dont exist
23:23:30 [ERROR] Cant initalise module 'dfgfgdh' because __plugin_init__.py is not present
23:23:30 [ERROR] Cant initalise module 'more_plugins' because __plugin_init__.py is not present
23:23:30 [ERROR] Cant initalise module 'second Plugin Lol' because __plugin_init__.py is not present
23:23:30 [ERROR] Cant initalise module 'this is a veeeeeeeeeeerrrrrryy looooong plugin naaame' because __plugin_init__.py is not present
23:23:30 [ERROR] Cant initalise module 'uhhhh whatever' because __plugin_init__.py is not present
23:23:30 [WARNING] global plugin configs for Newpluginlol dont exist
23:26:50 [ERROR] Cant initalise module 'dfgfgdh' because __plugin_init__.py is not present
23:26:50 [ERROR] Cant initalise module 'more_plugins' because __plugin_init__.py is not present
23:26:50 [ERROR] Cant initalise module 'second Plugin Lol' because __plugin_init__.py is not present
23:26:50 [ERROR] Cant initalise module 'this is a veeeeeeeeeeerrrrrryy looooong plugin naaame' because __plugin_init__.py is not present
23:26:50 [ERROR] Cant initalise module 'uhhhh whatever' because __plugin_init__.py is not present
23:26:50 [WARNING] global plugin configs for Newpluginlol dont exist
23:27:02 [ERROR] Cant initalise module 'dfgfgdh' because __plugin_init__.py is not present
23:27:02 [ERROR] Cant initalise module 'more_plugins' because __plugin_init__.py is not present
23:27:02 [ERROR] Cant initalise module 'second Plugin Lol' because __plugin_init__.py is not present
23:27:02 [ERROR] Cant initalise module 'this is a veeeeeeeeeeerrrrrryy looooong plugin naaame' because __plugin_init__.py is not present
23:27:02 [ERROR] Cant initalise module 'uhhhh whatever' because __plugin_init__.py is not present
23:27:02 [WARNING] global plugin configs for Newpluginlol dont exist
23:27:34 [ERROR] Cant initalise module 'dfgfgdh' because __plugin_init__.py is not present
23:27:34 [ERROR] Cant initalise module 'more_plugins' because __plugin_init__.py is not present
23:27:34 [ERROR] Cant initalise module 'second Plugin Lol' because __plugin_init__.py is not present
23:27:34 [ERROR] Cant initalise module 'this is a veeeeeeeeeeerrrrrryy looooong plugin naaame' because __plugin_init__.py is not present
23:27:34 [ERROR] Cant initalise module 'uhhhh whatever' because __plugin_init__.py is not present
23:27:34 [WARNING] global plugin configs for Newpluginlol dont exist
23:27:42 [ERROR] Cant initalise module 'dfgfgdh' because __plugin_init__.py is not present
23:27:42 [ERROR] Cant initalise module 'more_plugins' because __plugin_init__.py is not present
23:27:42 [ERROR] Cant initalise module 'second Plugin Lol' because __plugin_init__.py is not present
23:27:42 [ERROR] Cant initalise module 'this is a veeeeeeeeeeerrrrrryy looooong plugin naaame' because __plugin_init__.py is not present
23:27:42 [ERROR] Cant initalise module 'uhhhh whatever' because __plugin_init__.py is not present
23:27:42 [WARNING] global plugin configs for Newpluginlol dont exist
23:28:47 [ERROR] Cant initalise module 'dfgfgdh' because __plugin_init__.py is not present
23:28:47 [ERROR] Cant initalise module 'more_plugins' because __plugin_init__.py is not present
23:28:47 [ERROR] Cant initalise module 'second Plugin Lol' because __plugin_init__.py is not present
23:28:47 [ERROR] Cant initalise module 'this is a veeeeeeeeeeerrrrrryy looooong plugin naaame' because __plugin_init__.py is not present
23:28:47 [ERROR] Cant initalise module 'uhhhh whatever' because __plugin_init__.py is not present
23:28:47 [WARNING] global plugin configs for Newpluginlol dont exist
23:28:57 [ERROR] Cant initalise module 'dfgfgdh' because __plugin_init__.py is not present
23:28:57 [ERROR] Cant initalise module 'more_plugins' because __plugin_init__.py is not present
23:28:57 [ERROR] Cant initalise module 'second Plugin Lol' because __plugin_init__.py is not present
23:28:57 [ERROR] Cant initalise module 'this is a veeeeeeeeeeerrrrrryy looooong plugin naaame' because __plugin_init__.py is not present
23:28:57 [ERROR] Cant initalise module 'uhhhh whatever' because __plugin_init__.py is not present
23:28:57 [WARNING] global plugin configs for Newpluginlol dont exist
23:29:11 [ERROR] Cant initalise module 'dfgfgdh' because __plugin_init__.py is not present
23:29:11 [ERROR] Cant initalise module 'more_plugins' because __plugin_init__.py is not present
23:29:11 [ERROR] Cant initalise module 'second Plugin Lol' because __plugin_init__.py is not present
23:29:11 [ERROR] Cant initalise module 'this is a veeeeeeeeeeerrrrrryy looooong plugin naaame' because __plugin_init__.py is not present
23:29:11 [ERROR] Cant initalise module 'uhhhh whatever' because __plugin_init__.py is not present
23:29:11 [WARNING] global plugin configs for Newpluginlol dont exist
23:29:50 [ERROR] Cant initalise module 'dfgfgdh' because __plugin_init__.py is not present
23:29:50 [ERROR] Cant initalise module 'more_plugins' because __plugin_init__.py is not present
23:29:50 [ERROR] Cant initalise module 'second Plugin Lol' because __plugin_init__.py is not present
23:29:50 [ERROR] Cant initalise module 'this is a veeeeeeeeeeerrrrrryy looooong plugin naaame' because __plugin_init__.py is not present
23:29:50 [ERROR] Cant initalise module 'uhhhh whatever' because __plugin_init__.py is not present
23:29:50 [WARNING] global plugin configs for Newpluginlol dont exist
23:30:07 [ERROR] Cant initalise module 'dfgfgdh' because __plugin_init__.py is not present
23:30:07 [ERROR] Cant initalise module 'more_plugins' because __plugin_init__.py is not present
23:30:07 [ERROR] Cant initalise module 'second Plugin Lol' because __plugin_init__.py is not present
23:30:07 [ERROR] Cant initalise module 'this is a veeeeeeeeeeerrrrrryy looooong plugin naaame' because __plugin_init__.py is not present
23:30:07 [ERROR] Cant initalise module 'uhhhh whatever' because __plugin_init__.py is not present
23:30:07 [WARNING] global plugin configs for Newpluginlol dont exist
23:30:14 [ERROR] Cant initalise module 'dfgfgdh' because __plugin_init__.py is not present
23:30:14 [ERROR] Cant initalise module 'more_plugins' because __plugin_init__.py is not present
23:30:14 [ERROR] Cant initalise module 'second Plugin Lol' because __plugin_init__.py is not present
23:30:14 [ERROR] Cant initalise module 'this is a veeeeeeeeeeerrrrrryy looooong plugin naaame' because __plugin_init__.py is not present
23:30:14 [ERROR] Cant initalise module 'uhhhh whatever' because __plugin_init__.py is not present
23:30:14 [WARNING] global plugin configs for Newpluginlol dont exist
23:34:12 [ERROR] Cant initalise module 'dfgfgdh' because __plugin_init__.py is not present
23:34:12 [ERROR] Cant initalise module 'more_plugins' because __plugin_init__.py is not present
23:34:12 [ERROR] Cant initalise module 'second Plugin Lol' because __plugin_init__.py is not present
23:34:12 [ERROR] Cant initalise module 'this is a veeeeeeeeeeerrrrrryy looooong plugin naaame' because __plugin_init__.py is not present
23:34:12 [ERROR] Cant initalise module 'uhhhh whatever' because __plugin_init__.py is not present
23:34:12 [WARNING] global plugin configs for Newpluginlol dont exist
23:34:33 [ERROR] Cant initalise module 'dfgfgdh' because __plugin_init__.py is not present
23:34:33 [ERROR] Cant initalise module 'more_plugins' because __plugin_init__.py is not present
23:34:33 [ERROR] Cant initalise module 'second Plugin Lol' because __plugin_init__.py is not present
23:34:33 [ERROR] Cant initalise module 'this is a veeeeeeeeeeerrrrrryy looooong plugin naaame' because __plugin_init__.py is not present
23:34:33 [ERROR] Cant initalise module 'uhhhh whatever' because __plugin_init__.py is not present
23:34:33 [WARNING] global plugin configs for Newpluginlol dont exist
23:34:53 [ERROR] Cant initalise module 'dfgfgdh' because __plugin_init__.py is not present
23:34:53 [ERROR] Cant initalise module 'more_plugins' because __plugin_init__.py is not present
23:34:53 [ERROR] Cant initalise module 'second Plugin Lol' because __plugin_init__.py is not present
23:34:54 [ERROR] Cant initalise module 'this is a veeeeeeeeeeerrrrrryy looooong plugin naaame' because __plugin_init__.py is not present
23:34:54 [ERROR] Cant initalise module 'uhhhh whatever' because __plugin_init__.py is not present
23:34:54 [WARNING] global plugin configs for Newpluginlol dont exist
23:57:47 [ERROR] Cant initalise module 'dfgfgdh' because __plugin_init__.py is not present
23:57:47 [ERROR] Cant initalise module 'more_plugins' because __plugin_init__.py is not present
23:57:47 [ERROR] Cant initalise module 'second Plugin Lol' because __plugin_init__.py is not present
23:57:47 [ERROR] Cant initalise module 'this is a veeeeeeeeeeerrrrrryy looooong plugin naaame' because __plugin_init__.py is not present
23:57:47 [ERROR] Cant initalise module 'uhhhh whatever' because __plugin_init__.py is not present
23:57:47 [WARNING] global plugin configs for Newpluginlol dont exist
23:58:15 [ERROR] Cant initalise module 'dfgfgdh' because __plugin_init__.py is not present
23:58:15 [ERROR] Cant initalise module 'more_plugins' because __plugin_init__.py is not present
23:58:15 [ERROR] Cant initalise module 'second Plugin Lol' because __plugin_init__.py is not present
23:58:15 [ERROR] Cant initalise module 'this is a veeeeeeeeeeerrrrrryy looooong plugin naaame' because __plugin_init__.py is not present
23:58:15 [ERROR] Cant initalise module 'uhhhh whatever' because __plugin_init__.py is not present
23:58:15 [WARNING] global plugin configs for Newpluginlol dont exist
