00:07:21 [ERROR] Cant initalise module 'dfgfgdh' because __plugin_init__.py is not present
00:07:21 [ERROR] Cant initalise module 'more_plugins' because __plugin_init__.py is not present
00:07:21 [ERROR] Cant initalise module 'second Plugin Lol' because __plugin_init__.py is not present
00:07:21 [ERROR] Cant initalise module 'this is a veeeeeeeeeeerrrrrryy looooong plugin naaame' because __plugin_init__.py is not present
00:07:21 [ERROR] Cant initalise module 'uhhhh whatever' because __plugin_init__.py is not present
00:07:21 [WARNING] global plugin configs for Newpluginlol dont exist
00:07:22 [ERROR] Cant initalise module 'dfgfgdh' because __plugin_init__.py is not present
00:07:22 [ERROR] Cant initalise module 'more_plugins' because __plugin_init__.py is not present
00:07:22 [ERROR] Cant initalise module 'second Plugin Lol' because __plugin_init__.py is not present
00:07:22 [ERROR] Cant initalise module 'this is a veeeeeeeeeeerrrrrryy looooong plugin naaame' because __plugin_init__.py is not present
00:07:22 [ERROR] Cant initalise module 'uhhhh whatever' because __plugin_init__.py is not present
00:07:22 [WARNING] global plugin configs for Newpluginlol dont exist
00:26:55 [ERROR] Cant initalise module 'dfgfgdh' because __plugin_init__.py is not present
00:26:55 [ERROR] Cant initalise module 'more_plugins' because __plugin_init__.py is not present
00:26:55 [ERROR] Cant initalise module 'second Plugin Lol' because __plugin_init__.py is not present
00:26:55 [ERROR] Cant initalise module 'this is a veeeeeeeeeeerrrrrryy looooong plugin naaame' because __plugin_init__.py is not present
00:26:55 [ERROR] Cant initalise module 'uhhhh whatever' because __plugin_init__.py is not present
00:26:55 [WARNING] global plugin configs for Newpluginlol dont exist
00:26:55 [ERROR] Cant initalise module 'dfgfgdh' because __plugin_init__.py is not present
00:26:55 [ERROR] Cant initalise module 'more_plugins' because __plugin_init__.py is not present
00:26:55 [ERROR] Cant initalise module 'second Plugin Lol' because __plugin_init__.py is not present
00:26:55 [ERROR] Cant initalise module 'this is a veeeeeeeeeeerrrrrryy looooong plugin naaame' because __plugin_init__.py is not present
00:26:55 [ERROR] Cant initalise module 'uhhhh whatever' because __plugin_init__.py is not present
00:26:55 [WARNING] global plugin configs for Newpluginlol dont exist
00:53:25 [ERROR] Cant initalise module 'dfgfgdh' because __plugin_init__.py is not present
00:53:25 [ERROR] Cant initalise module 'more_plugins' because __plugin_init__.py is not present
00:53:25 [ERROR] Cant initalise module 'second Plugin Lol' because __plugin_init__.py is not present
00:53:25 [ERROR] Cant initalise module 'this is a veeeeeeeeeeerrrrrryy looooong plugin naaame' because __plugin_init__.py is not present
00:53:25 [ERROR] Cant initalise module 'uhhhh whatever' because __plugin_init__.py is not present
00:53:25 [WARNING] global plugin configs for Newpluginlol dont exist
00:54:23 [ERROR] Cant initalise module 'dfgfgdh' because __plugin_init__.py is not present
00:54:23 [ERROR] Cant initalise module 'more_plugins' because __plugin_init__.py is not present
00:54:23 [ERROR] Cant initalise module 'second Plugin Lol' because __plugin_init__.py is not present
00:54:23 [ERROR] Cant initalise module 'this is a veeeeeeeeeeerrrrrryy looooong plugin naaame' because __plugin_init__.py is not present
00:54:23 [ERROR] Cant initalise module 'uhhhh whatever' because __plugin_init__.py is not present
00:54:23 [WARNING] global plugin configs for Newpluginlol dont exist
01:06:40 [ERROR] Cant initalise module 'dfgfgdh' because __plugin_init__.py is not present
01:06:40 [ERROR] Cant initalise module 'more_plugins' because __plugin_init__.py is not present
01:06:40 [ERROR] Cant initalise module 'second Plugin Lol' because __plugin_init__.py is not present
01:06:40 [ERROR] Cant initalise module 'this is a veeeeeeeeeeerrrrrryy looooong plugin naaame' because __plugin_init__.py is not present
01:06:40 [ERROR] Cant initalise module 'uhhhh whatever' because __plugin_init__.py is not present
01:06:41 [WARNING] global plugin configs for Newpluginlol dont exist
01:07:19 [ERROR] Cant initalise module 'dfgfgdh' because __plugin_init__.py is not present
01:07:19 [ERROR] Cant initalise module 'more_plugins' because __plugin_init__.py is not present
01:07:19 [ERROR] Cant initalise module 'second Plugin Lol' because __plugin_init__.py is not present
01:07:19 [ERROR] Cant initalise module 'this is a veeeeeeeeeeerrrrrryy looooong plugin naaame' because __plugin_init__.py is not present
01:07:19 [ERROR] Cant initalise module 'uhhhh whatever' because __plugin_init__.py is not present
01:07:19 [WARNING] global plugin configs for Newpluginlol dont exist
