22:13:12 [ERROR] Cant initalise module 'dfgfgdh' because __plugin_init__.py is not present
22:13:12 [ERROR] Cant initalise module 'more_plugins' because __plugin_init__.py is not present
22:13:12 [ERROR] Cant initalise module 'second Plugin Lol' because __plugin_init__.py is not present
22:13:12 [ERROR] Cant initalise module 'this is a veeeeeeeeeeerrrrrryy looooong plugin naaame' because __plugin_init__.py is not present
22:13:12 [ERROR] Cant initalise module 'uhhhh whatever' because __plugin_init__.py is not present
22:13:13 [ERROR] Cant initalise module 'dfgfgdh' because __plugin_init__.py is not present
22:13:13 [ERROR] Cant initalise module 'more_plugins' because __plugin_init__.py is not present
22:13:13 [ERROR] Cant initalise module 'second Plugin Lol' because __plugin_init__.py is not present
22:13:13 [ERROR] Cant initalise module 'this is a veeeeeeeeeeerrrrrryy looooong plugin naaame' because __plugin_init__.py is not present
22:13:13 [ERROR] Cant initalise module 'uhhhh whatever' because __plugin_init__.py is not present
22:23:08 [ERROR] Cant initalise module 'dfgfgdh' because __plugin_init__.py is not present
22:23:08 [ERROR] Cant initalise module 'more_plugins' because __plugin_init__.py is not present
22:23:08 [ERROR] Cant initalise module 'second Plugin Lol' because __plugin_init__.py is not present
22:23:08 [ERROR] Cant initalise module 'this is a veeeeeeeeeeerrrrrryy looooong plugin naaame' because __plugin_init__.py is not present
22:23:08 [ERROR] Cant initalise module 'uhhhh whatever' because __plugin_init__.py is not present
22:23:08 [ERROR] Cant initalise module 'dfgfgdh' because __plugin_init__.py is not present
22:23:08 [ERROR] Cant initalise module 'more_plugins' because __plugin_init__.py is not present
22:23:08 [ERROR] Cant initalise module 'second Plugin Lol' because __plugin_init__.py is not present
22:23:08 [ERROR] Cant initalise module 'this is a veeeeeeeeeeerrrrrryy looooong plugin naaame' because __plugin_init__.py is not present
22:23:08 [ERROR] Cant initalise module 'uhhhh whatever' because __plugin_init__.py is not present
22:55:58 [ERROR] Cant initalise module 'dfgfgdh' because __plugin_init__.py is not present
22:55:58 [ERROR] Cant initalise module 'more_plugins' because __plugin_init__.py is not present
22:55:58 [ERROR] Cant initalise module 'second Plugin Lol' because __plugin_init__.py is not present
22:55:58 [ERROR] Cant initalise module 'this is a veeeeeeeeeeerrrrrryy looooong plugin naaame' because __plugin_init__.py is not present
22:55:58 [ERROR] Cant initalise module 'uhhhh whatever' because __plugin_init__.py is not present
22:56:16 [ERROR] Cant initalise module 'dfgfgdh' because __plugin_init__.py is not present
22:56:16 [ERROR] Cant initalise module 'more_plugins' because __plugin_init__.py is not present
22:56:16 [ERROR] Cant initalise module 'second Plugin Lol' because __plugin_init__.py is not present
22:56:16 [ERROR] Cant initalise module 'this is a veeeeeeeeeeerrrrrryy looooong plugin naaame' because __plugin_init__.py is not present
22:56:16 [ERROR] Cant initalise module 'uhhhh whatever' because __plugin_init__.py is not present
22:56:35 [ERROR] Cant initalise module 'dfgfgdh' because __plugin_init__.py is not present
22:56:35 [ERROR] Cant initalise module 'more_plugins' because __plugin_init__.py is not present
22:56:35 [ERROR] Cant initalise module 'second Plugin Lol' because __plugin_init__.py is not present
22:56:35 [ERROR] Cant initalise module 'this is a veeeeeeeeeeerrrrrryy looooong plugin naaame' because __plugin_init__.py is not present
22:56:35 [ERROR] Cant initalise module 'uhhhh whatever' because __plugin_init__.py is not present
22:56:37 [ERROR] Cant initalise module 'dfgfgdh' because __plugin_init__.py is not present
22:56:37 [ERROR] Cant initalise module 'more_plugins' because __plugin_init__.py is not present
22:56:37 [ERROR] Cant initalise module 'second Plugin Lol' because __plugin_init__.py is not present
22:56:37 [ERROR] Cant initalise module 'this is a veeeeeeeeeeerrrrrryy looooong plugin naaame' because __plugin_init__.py is not present
22:56:37 [ERROR] Cant initalise module 'uhhhh whatever' because __plugin_init__.py is not present
23:08:08 [ERROR] Cant initalise module 'dfgfgdh' because __plugin_init__.py is not present
23:08:08 [ERROR] Cant initalise module 'more_plugins' because __plugin_init__.py is not present
23:08:08 [ERROR] Cant initalise module 'second Plugin Lol' because __plugin_init__.py is not present
23:08:08 [ERROR] Cant initalise module 'this is a veeeeeeeeeeerrrrrryy looooong plugin naaame' because __plugin_init__.py is not present
23:08:08 [ERROR] Cant initalise module 'uhhhh whatever' because __plugin_init__.py is not present
23:08:40 [ERROR] Cant initalise module 'dfgfgdh' because __plugin_init__.py is not present
23:08:40 [ERROR] Cant initalise module 'more_plugins' because __plugin_init__.py is not present
23:08:41 [ERROR] Cant initalise module 'second Plugin Lol' because __plugin_init__.py is not present
23:08:41 [ERROR] Cant initalise module 'this is a veeeeeeeeeeerrrrrryy looooong plugin naaame' because __plugin_init__.py is not present
23:08:41 [ERROR] Cant initalise module 'uhhhh whatever' because __plugin_init__.py is not present
23:08:45 [ERROR] Cant initalise module 'dfgfgdh' because __plugin_init__.py is not present
23:08:45 [ERROR] Cant initalise module 'more_plugins' because __plugin_init__.py is not present
23:08:45 [ERROR] Cant initalise module 'second Plugin Lol' because __plugin_init__.py is not present
23:08:45 [ERROR] Cant initalise module 'this is a veeeeeeeeeeerrrrrryy looooong plugin naaame' because __plugin_init__.py is not present
23:08:45 [ERROR] Cant initalise module 'uhhhh whatever' because __plugin_init__.py is not present
23:09:09 [ERROR] Cant initalise module 'dfgfgdh' because __plugin_init__.py is not present
23:09:09 [ERROR] Cant initalise module 'more_plugins' because __plugin_init__.py is not present
23:09:09 [ERROR] Cant initalise module 'second Plugin Lol' because __plugin_init__.py is not present
23:09:09 [ERROR] Cant initalise module 'this is a veeeeeeeeeeerrrrrryy looooong plugin naaame' because __plugin_init__.py is not present
23:09:09 [ERROR] Cant initalise module 'uhhhh whatever' because __plugin_init__.py is not present
23:10:25 [ERROR] Cant initalise module 'dfgfgdh' because __plugin_init__.py is not present
23:10:25 [ERROR] Cant initalise module 'more_plugins' because __plugin_init__.py is not present
23:10:25 [ERROR] Cant initalise module 'second Plugin Lol' because __plugin_init__.py is not present
23:10:25 [ERROR] Cant initalise module 'this is a veeeeeeeeeeerrrrrryy looooong plugin naaame' because __plugin_init__.py is not present
23:10:25 [ERROR] Cant initalise module 'uhhhh whatever' because __plugin_init__.py is not present
23:10:25 [ERROR] Cant initalise module 'dfgfgdh' because __plugin_init__.py is not present
23:10:25 [ERROR] Cant initalise module 'more_plugins' because __plugin_init__.py is not present
23:10:25 [ERROR] Cant initalise module 'second Plugin Lol' because __plugin_init__.py is not present
23:10:25 [ERROR] Cant initalise module 'this is a veeeeeeeeeeerrrrrryy looooong plugin naaame' because __plugin_init__.py is not present
23:10:25 [ERROR] Cant initalise module 'uhhhh whatever' because __plugin_init__.py is not present
