00:02:14 [ERROR] Cant initalise module 'dfgfgdh' because __plugin_init__.py is not present
00:02:14 [ERROR] Cant initalise module 'more_plugins' because __plugin_init__.py is not present
00:02:14 [ERROR] Cant initalise module 'second Plugin Lol' because __plugin_init__.py is not present
00:02:14 [ERROR] Cant initalise module 'this is a veeeeeeeeeeerrrrrryy looooong plugin naaame' because __plugin_init__.py is not present
00:02:14 [ERROR] Cant initalise module 'uhhhh whatever' because __plugin_init__.py is not present
00:02:15 [ERROR] Cant initalise module 'dfgfgdh' because __plugin_init__.py is not present
00:02:15 [ERROR] Cant initalise module 'more_plugins' because __plugin_init__.py is not present
00:02:15 [ERROR] Cant initalise module 'second Plugin Lol' because __plugin_init__.py is not present
00:02:15 [ERROR] Cant initalise module 'this is a veeeeeeeeeeerrrrrryy looooong plugin naaame' because __plugin_init__.py is not present
00:02:15 [ERROR] Cant initalise module 'uhhhh whatever' because __plugin_init__.py is not present
00:15:47 [ERROR] Cant initalise module 'dfgfgdh' because __plugin_init__.py is not present
00:15:47 [ERROR] Cant initalise module 'more_plugins' because __plugin_init__.py is not present
00:15:47 [ERROR] Cant initalise module 'second Plugin Lol' because __plugin_init__.py is not present
00:15:47 [ERROR] Cant initalise module 'this is a veeeeeeeeeeerrrrrryy looooong plugin naaame' because __plugin_init__.py is not present
00:15:47 [ERROR] Cant initalise module 'uhhhh whatever' because __plugin_init__.py is not present
00:15:48 [ERROR] Cant initalise module 'dfgfgdh' because __plugin_init__.py is not present
00:15:48 [ERROR] Cant initalise module 'more_plugins' because __plugin_init__.py is not present
00:15:48 [ERROR] Cant initalise module 'second Plugin Lol' because __plugin_init__.py is not present
00:15:48 [ERROR] Cant initalise module 'this is a veeeeeeeeeeerrrrrryy looooong plugin naaame' because __plugin_init__.py is not present
00:15:48 [ERROR] Cant initalise module 'uhhhh whatever' because __plugin_init__.py is not present
00:29:09 [ERROR] Cant initalise module 'dfgfgdh' because __plugin_init__.py is not present
00:29:09 [ERROR] Cant initalise module 'more_plugins' because __plugin_init__.py is not present
00:29:09 [ERROR] Cant initalise module 'second Plugin Lol' because __plugin_init__.py is not present
00:29:09 [ERROR] Cant initalise module 'this is a veeeeeeeeeeerrrrrryy looooong plugin naaame' because __plugin_init__.py is not present
00:29:09 [ERROR] Cant initalise module 'uhhhh whatever' because __plugin_init__.py is not present
00:29:10 [ERROR] Cant initalise module 'dfgfgdh' because __plugin_init__.py is not present
00:29:10 [ERROR] Cant initalise module 'more_plugins' because __plugin_init__.py is not present
00:29:10 [ERROR] Cant initalise module 'second Plugin Lol' because __plugin_init__.py is not present
00:29:10 [ERROR] Cant initalise module 'this is a veeeeeeeeeeerrrrrryy looooong plugin naaame' because __plugin_init__.py is not present
00:29:10 [ERROR] Cant initalise module 'uhhhh whatever' because __plugin_init__.py is not present
00:29:42 [ERROR] Cant initalise module 'dfgfgdh' because __plugin_init__.py is not present
00:29:42 [ERROR] Cant initalise module 'more_plugins' because __plugin_init__.py is not present
00:29:42 [ERROR] Cant initalise module 'second Plugin Lol' because __plugin_init__.py is not present
00:29:42 [ERROR] Cant initalise module 'this is a veeeeeeeeeeerrrrrryy looooong plugin naaame' because __plugin_init__.py is not present
00:29:42 [ERROR] Cant initalise module 'uhhhh whatever' because __plugin_init__.py is not present
00:29:43 [ERROR] Cant initalise module 'dfgfgdh' because __plugin_init__.py is not present
00:29:43 [ERROR] Cant initalise module 'more_plugins' because __plugin_init__.py is not present
00:29:43 [ERROR] Cant initalise module 'second Plugin Lol' because __plugin_init__.py is not present
00:29:43 [ERROR] Cant initalise module 'this is a veeeeeeeeeeerrrrrryy looooong plugin naaame' because __plugin_init__.py is not present
00:29:43 [ERROR] Cant initalise module 'uhhhh whatever' because __plugin_init__.py is not present
00:30:08 [ERROR] Cant initalise module 'dfgfgdh' because __plugin_init__.py is not present
00:30:08 [ERROR] Cant initalise module 'more_plugins' because __plugin_init__.py is not present
00:30:08 [ERROR] Cant initalise module 'second Plugin Lol' because __plugin_init__.py is not present
00:30:08 [ERROR] Cant initalise module 'this is a veeeeeeeeeeerrrrrryy looooong plugin naaame' because __plugin_init__.py is not present
00:30:08 [ERROR] Cant initalise module 'uhhhh whatever' because __plugin_init__.py is not present
00:52:22 [ERROR] Cant initalise module 'dfgfgdh' because __plugin_init__.py is not present
00:52:22 [ERROR] Cant initalise module 'more_plugins' because __plugin_init__.py is not present
00:52:22 [ERROR] Cant initalise module 'second Plugin Lol' because __plugin_init__.py is not present
00:52:22 [ERROR] Cant initalise module 'this is a veeeeeeeeeeerrrrrryy looooong plugin naaame' because __plugin_init__.py is not present
00:52:22 [ERROR] Cant initalise module 'uhhhh whatever' because __plugin_init__.py is not present
00:57:40 [ERROR] Cant initalise module 'dfgfgdh' because __plugin_init__.py is not present
00:57:40 [ERROR] Cant initalise module 'more_plugins' because __plugin_init__.py is not present
00:57:40 [ERROR] Cant initalise module 'second Plugin Lol' because __plugin_init__.py is not present
00:57:40 [ERROR] Cant initalise module 'this is a veeeeeeeeeeerrrrrryy looooong plugin naaame' because __plugin_init__.py is not present
00:57:40 [ERROR] Cant initalise module 'uhhhh whatever' because __plugin_init__.py is not present
00:57:40 [ERROR] Cant initalise module 'dfgfgdh' because __plugin_init__.py is not present
00:57:40 [ERROR] Cant initalise module 'more_plugins' because __plugin_init__.py is not present
00:57:40 [ERROR] Cant initalise module 'second Plugin Lol' because __plugin_init__.py is not present
00:57:40 [ERROR] Cant initalise module 'this is a veeeeeeeeeeerrrrrryy looooong plugin naaame' because __plugin_init__.py is not present
00:57:40 [ERROR] Cant initalise module 'uhhhh whatever' because __plugin_init__.py is not present
01:05:47 [ERROR] Cant initalise module 'dfgfgdh' because __plugin_init__.py is not present
01:05:47 [ERROR] Cant initalise module 'more_plugins' because __plugin_init__.py is not present
01:05:47 [ERROR] Cant initalise module 'second Plugin Lol' because __plugin_init__.py is not present
01:05:47 [ERROR] Cant initalise module 'this is a veeeeeeeeeeerrrrrryy looooong plugin naaame' because __plugin_init__.py is not present
01:05:47 [ERROR] Cant initalise module 'uhhhh whatever' because __plugin_init__.py is not present
01:12:17 [ERROR] Cant initalise module 'dfgfgdh' because __plugin_init__.py is not present
01:12:17 [ERROR] Cant initalise module 'more_plugins' because __plugin_init__.py is not present
01:12:17 [ERROR] Cant initalise module 'second Plugin Lol' because __plugin_init__.py is not present
01:12:17 [ERROR] Cant initalise module 'this is a veeeeeeeeeeerrrrrryy looooong plugin naaame' because __plugin_init__.py is not present
01:12:17 [ERROR] Cant initalise module 'uhhhh whatever' because __plugin_init__.py is not present
01:16:25 [ERROR] Cant initalise module 'dfgfgdh' because __plugin_init__.py is not present
01:16:25 [ERROR] Cant initalise module 'more_plugins' because __plugin_init__.py is not present
01:16:25 [ERROR] Cant initalise module 'second Plugin Lol' because __plugin_init__.py is not present
01:16:25 [ERROR] Cant initalise module 'this is a veeeeeeeeeeerrrrrryy looooong plugin naaame' because __plugin_init__.py is not present
01:16:25 [ERROR] Cant initalise module 'uhhhh whatever' because __plugin_init__.py is not present
01:59:48 [ERROR] Cant initalise module 'dfgfgdh' because __plugin_init__.py is not present
01:59:48 [ERROR] Cant initalise module 'more_plugins' because __plugin_init__.py is not present
01:59:48 [ERROR] Cant initalise module 'second Plugin Lol' because __plugin_init__.py is not present
01:59:48 [ERROR] Cant initalise module 'this is a veeeeeeeeeeerrrrrryy looooong plugin naaame' because __plugin_init__.py is not present
01:59:48 [ERROR] Cant initalise module 'uhhhh whatever' because __plugin_init__.py is not present
02:06:55 [ERROR] Cant initalise module 'dfgfgdh' because __plugin_init__.py is not present
02:06:55 [ERROR] Cant initalise module 'more_plugins' because __plugin_init__.py is not present
02:06:55 [ERROR] Cant initalise module 'second Plugin Lol' because __plugin_init__.py is not present
02:06:55 [ERROR] Cant initalise module 'this is a veeeeeeeeeeerrrrrryy looooong plugin naaame' because __plugin_init__.py is not present
02:06:55 [ERROR] Cant initalise module 'uhhhh whatever' because __plugin_init__.py is not present
02:12:17 [ERROR] Cant initalise module 'dfgfgdh' because __plugin_init__.py is not present
02:12:17 [ERROR] Cant initalise module 'more_plugins' because __plugin_init__.py is not present
02:12:17 [ERROR] Cant initalise module 'second Plugin Lol' because __plugin_init__.py is not present
02:12:17 [ERROR] Cant initalise module 'this is a veeeeeeeeeeerrrrrryy looooong plugin naaame' because __plugin_init__.py is not present
02:12:17 [ERROR] Cant initalise module 'uhhhh whatever' because __plugin_init__.py is not present
02:25:51 [ERROR] Cant initalise module 'dfgfgdh' because __plugin_init__.py is not present
02:25:51 [ERROR] Cant initalise module 'more_plugins' because __plugin_init__.py is not present
02:25:51 [ERROR] Cant initalise module 'second Plugin Lol' because __plugin_init__.py is not present
02:25:51 [ERROR] Cant initalise module 'this is a veeeeeeeeeeerrrrrryy looooong plugin naaame' because __plugin_init__.py is not present
02:25:51 [ERROR] Cant initalise module 'uhhhh whatever' because __plugin_init__.py is not present
02:26:44 [ERROR] Cant initalise module 'dfgfgdh' because __plugin_init__.py is not present
02:26:44 [ERROR] Cant initalise module 'more_plugins' because __plugin_init__.py is not present
02:26:44 [ERROR] Cant initalise module 'second Plugin Lol' because __plugin_init__.py is not present
02:26:45 [ERROR] Cant initalise module 'this is a veeeeeeeeeeerrrrrryy looooong plugin naaame' because __plugin_init__.py is not present
02:26:45 [ERROR] Cant initalise module 'uhhhh whatever' because __plugin_init__.py is not present
02:27:14 [ERROR] Cant initalise module 'dfgfgdh' because __plugin_init__.py is not present
02:27:14 [ERROR] Cant initalise module 'more_plugins' because __plugin_init__.py is not present
02:27:14 [ERROR] Cant initalise module 'second Plugin Lol' because __plugin_init__.py is not present
02:27:14 [ERROR] Cant initalise module 'this is a veeeeeeeeeeerrrrrryy looooong plugin naaame' because __plugin_init__.py is not present
02:27:14 [ERROR] Cant initalise module 'uhhhh whatever' because __plugin_init__.py is not present
02:27:38 [ERROR] Cant initalise module 'dfgfgdh' because __plugin_init__.py is not present
02:27:38 [ERROR] Cant initalise module 'more_plugins' because __plugin_init__.py is not present
02:27:38 [ERROR] Cant initalise module 'second Plugin Lol' because __plugin_init__.py is not present
02:27:38 [ERROR] Cant initalise module 'this is a veeeeeeeeeeerrrrrryy looooong plugin naaame' because __plugin_init__.py is not present
02:27:38 [ERROR] Cant initalise module 'uhhhh whatever' because __plugin_init__.py is not present
02:33:44 [ERROR] Cant initalise module 'dfgfgdh' because __plugin_init__.py is not present
02:33:44 [ERROR] Cant initalise module 'more_plugins' because __plugin_init__.py is not present
02:33:44 [ERROR] Cant initalise module 'second Plugin Lol' because __plugin_init__.py is not present
02:33:44 [ERROR] Cant initalise module 'this is a veeeeeeeeeeerrrrrryy looooong plugin naaame' because __plugin_init__.py is not present
02:33:44 [ERROR] Cant initalise module 'uhhhh whatever' because __plugin_init__.py is not present
02:56:54 [ERROR] Cant initalise module 'dfgfgdh' because __plugin_init__.py is not present
02:56:54 [ERROR] Cant initalise module 'more_plugins' because __plugin_init__.py is not present
02:56:54 [ERROR] Cant initalise module 'second Plugin Lol' because __plugin_init__.py is not present
02:56:54 [ERROR] Cant initalise module 'this is a veeeeeeeeeeerrrrrryy looooong plugin naaame' because __plugin_init__.py is not present
02:56:54 [ERROR] Cant initalise module 'uhhhh whatever' because __plugin_init__.py is not present
03:08:06 [ERROR] Cant initalise module 'dfgfgdh' because __plugin_init__.py is not present
03:08:06 [ERROR] Cant initalise module 'more_plugins' because __plugin_init__.py is not present
03:08:06 [ERROR] Cant initalise module 'second Plugin Lol' because __plugin_init__.py is not present
03:08:06 [ERROR] Cant initalise module 'this is a veeeeeeeeeeerrrrrryy looooong plugin naaame' because __plugin_init__.py is not present
03:08:06 [ERROR] Cant initalise module 'uhhhh whatever' because __plugin_init__.py is not present
03:09:30 [ERROR] Cant initalise module 'dfgfgdh' because __plugin_init__.py is not present
03:09:30 [ERROR] Cant initalise module 'more_plugins' because __plugin_init__.py is not present
03:09:30 [ERROR] Cant initalise module 'second Plugin Lol' because __plugin_init__.py is not present
03:09:30 [ERROR] Cant initalise module 'this is a veeeeeeeeeeerrrrrryy looooong plugin naaame' because __plugin_init__.py is not present
03:09:30 [ERROR] Cant initalise module 'uhhhh whatever' because __plugin_init__.py is not present
03:12:27 [ERROR] Cant initalise module 'dfgfgdh' because __plugin_init__.py is not present
03:12:27 [ERROR] Cant initalise module 'more_plugins' because __plugin_init__.py is not present
03:12:27 [ERROR] Cant initalise module 'second Plugin Lol' because __plugin_init__.py is not present
03:12:27 [ERROR] Cant initalise module 'this is a veeeeeeeeeeerrrrrryy looooong plugin naaame' because __plugin_init__.py is not present
03:12:27 [ERROR] Cant initalise module 'uhhhh whatever' because __plugin_init__.py is not present
