12:35:18 [ERROR] Cant initalise module 'dfgfgdh' because __plugin_init__.py is not present
12:35:18 [ERROR] Cant initalise module 'more_plugins' because __plugin_init__.py is not present
12:35:18 [ERROR] Cant initalise module 'second Plugin Lol' because __plugin_init__.py is not present
12:35:18 [ERROR] Cant initalise module 'this is a veeeeeeeeeeerrrrrryy looooong plugin naaame' because __plugin_init__.py is not present
12:35:18 [ERROR] Cant initalise module 'uhhhh whatever' because __plugin_init__.py is not present
12:35:18 [WARNING] global plugin configs for Newpluginlol dont exist
12:35:18 [ERROR] Cant initalise module 'dfgfgdh' because __plugin_init__.py is not present
12:35:18 [ERROR] Cant initalise module 'more_plugins' because __plugin_init__.py is not present
12:35:18 [ERROR] Cant initalise module 'second Plugin Lol' because __plugin_init__.py is not present
12:35:18 [ERROR] Cant initalise module 'this is a veeeeeeeeeeerrrrrryy looooong plugin naaame' because __plugin_init__.py is not present
12:35:18 [ERROR] Cant initalise module 'uhhhh whatever' because __plugin_init__.py is not present
12:35:18 [WARNING] global plugin configs for Newpluginlol dont exist
12:49:52 [ERROR] Cant initalise module 'dfgfgdh' because __plugin_init__.py is not present
12:49:52 [ERROR] Cant initalise module 'more_plugins' because __plugin_init__.py is not present
12:49:52 [ERROR] Cant initalise module 'second Plugin Lol' because __plugin_init__.py is not present
12:49:52 [ERROR] Cant initalise module 'this is a veeeeeeeeeeerrrrrryy looooong plugin naaame' because __plugin_init__.py is not present
12:49:52 [ERROR] Cant initalise module 'uhhhh whatever' because __plugin_init__.py is not present
12:49:52 [WARNING] global plugin configs for Newpluginlol dont exist
12:50:52 [ERROR] Cant initalise module 'dfgfgdh' because __plugin_init__.py is not present
12:50:52 [ERROR] Cant initalise module 'more_plugins' because __plugin_init__.py is not present
12:50:52 [ERROR] Cant initalise module 'second Plugin Lol' because __plugin_init__.py is not present
12:50:52 [ERROR] Cant initalise module 'this is a veeeeeeeeeeerrrrrryy looooong plugin naaame' because __plugin_init__.py is not present
12:50:52 [ERROR] Cant initalise module 'uhhhh whatever' because __plugin_init__.py is not present
12:50:52 [WARNING] global plugin configs for Newpluginlol dont exist
13:32:00 [ERROR] Cant initalise module 'dfgfgdh' because __plugin_init__.py is not present
13:32:00 [ERROR] Cant initalise module 'more_plugins' because __plugin_init__.py is not present
13:32:00 [ERROR] Cant initalise module 'second Plugin Lol' because __plugin_init__.py is not present
13:32:00 [ERROR] Cant initalise module 'this is a veeeeeeeeeeerrrrrryy looooong plugin naaame' because __plugin_init__.py is not present
13:32:00 [ERROR] Cant initalise module 'uhhhh whatever' because __plugin_init__.py is not present
13:32:00 [WARNING] global plugin configs for Newpluginlol dont exist
13:32:33 [ERROR] Cant initalise module 'dfgfgdh' because __plugin_init__.py is not present
13:32:33 [ERROR] Cant initalise module 'more_plugins' because __plugin_init__.py is not present
13:32:33 [ERROR] Cant initalise module 'second Plugin Lol' because __plugin_init__.py is not present
13:32:33 [ERROR] Cant initalise module 'this is a veeeeeeeeeeerrrrrryy looooong plugin naaame' because __plugin_init__.py is not present
13:32:33 [ERROR] Cant initalise module 'uhhhh whatever' because __plugin_init__.py is not present
13:32:33 [WARNING] global plugin configs for Newpluginlol dont exist
13:32:57 [ERROR] Cant initalise module 'dfgfgdh' because __plugin_init__.py is not present
13:32:57 [ERROR] Cant initalise module 'more_plugins' because __plugin_init__.py is not present
13:32:57 [ERROR] Cant initalise module 'second Plugin Lol' because __plugin_init__.py is not present
13:32:57 [ERROR] Cant initalise module 'this is a veeeeeeeeeeerrrrrryy looooong plugin naaame' because __plugin_init__.py is not present
13:32:57 [ERROR] Cant initalise module 'uhhhh whatever' because __plugin_init__.py is not present
13:32:57 [WARNING] global plugin configs for Newpluginlol dont exist
14:36:50 [ERROR] Cant initalise module 'dfgfgdh' because __plugin_init__.py is not present
14:36:50 [ERROR] Cant initalise module 'more_plugins' because __plugin_init__.py is not present
14:36:50 [ERROR] Cant initalise module 'second Plugin Lol' because __plugin_init__.py is not present
14:36:50 [ERROR] Cant initalise module 'this is a veeeeeeeeeeerrrrrryy looooong plugin naaame' because __plugin_init__.py is not present
14:36:50 [ERROR] Cant initalise module 'uhhhh whatever' because __plugin_init__.py is not present
14:36:50 [WARNING] global plugin configs for Newpluginlol dont exist
