20:42:32 [ERROR] Cant initalise module 'dfgfgdh' because __plugin_init__.py is not present
20:42:32 [ERROR] Cant initalise module 'more_plugins' because __plugin_init__.py is not present
20:42:32 [ERROR] Cant initalise module 'second Plugin Lol' because __plugin_init__.py is not present
20:42:32 [ERROR] Cant initalise module 'this is a veeeeeeeeeeerrrrrryy looooong plugin naaame' because __plugin_init__.py is not present
20:42:32 [ERROR] Cant initalise module 'uhhhh whatever' because __plugin_init__.py is not present
20:42:32 [WARNING] global plugin configs for Newpluginlol dont exist
20:42:32 [ERROR] Cant initalise module 'dfgfgdh' because __plugin_init__.py is not present
20:42:32 [ERROR] Cant initalise module 'more_plugins' because __plugin_init__.py is not present
20:42:32 [ERROR] Cant initalise module 'second Plugin Lol' because __plugin_init__.py is not present
20:42:32 [ERROR] Cant initalise module 'this is a veeeeeeeeeeerrrrrryy looooong plugin naaame' because __plugin_init__.py is not present
20:42:32 [ERROR] Cant initalise module 'uhhhh whatever' because __plugin_init__.py is not present
20:42:32 [WARNING] global plugin configs for Newpluginlol dont exist
20:45:09 [ERROR] Cant initalise module 'dfgfgdh' because __plugin_init__.py is not present
20:45:09 [ERROR] Cant initalise module 'more_plugins' because __plugin_init__.py is not present
20:45:09 [ERROR] Cant initalise module 'second Plugin Lol' because __plugin_init__.py is not present
20:45:09 [ERROR] Cant initalise module 'this is a veeeeeeeeeeerrrrrryy looooong plugin naaame' because __plugin_init__.py is not present
20:45:09 [ERROR] Cant initalise module 'uhhhh whatever' because __plugin_init__.py is not present
20:45:09 [WARNING] global plugin configs for Newpluginlol dont exist
20:45:26 [ERROR] Cant initalise module 'dfgfgdh' because __plugin_init__.py is not present
20:45:26 [ERROR] Cant initalise module 'more_plugins' because __plugin_init__.py is not present
20:45:26 [ERROR] Cant initalise module 'second Plugin Lol' because __plugin_init__.py is not present
20:45:26 [ERROR] Cant initalise module 'this is a veeeeeeeeeeerrrrrryy looooong plugin naaame' because __plugin_init__.py is not present
20:45:26 [ERROR] Cant initalise module 'uhhhh whatever' because __plugin_init__.py is not present
20:45:26 [WARNING] global plugin configs for Newpluginlol dont exist
20:52:23 [ERROR] Cant initalise module 'dfgfgdh' because __plugin_init__.py is not present
20:52:23 [ERROR] Cant initalise module 'more_plugins' because __plugin_init__.py is not present
20:52:23 [ERROR] Cant initalise module 'second Plugin Lol' because __plugin_init__.py is not present
20:52:23 [ERROR] Cant initalise module 'this is a veeeeeeeeeeerrrrrryy looooong plugin naaame' because __plugin_init__.py is not present
20:52:23 [ERROR] Cant initalise module 'uhhhh whatever' because __plugin_init__.py is not present
20:52:23 [WARNING] global plugin configs for Newpluginlol dont exist
21:53:50 [ERROR] Cant initalise module 'dfgfgdh' because __plugin_init__.py is not present
21:53:50 [ERROR] Cant initalise module 'more_plugins' because __plugin_init__.py is not present
21:53:50 [ERROR] Cant initalise module 'second Plugin Lol' because __plugin_init__.py is not present
21:53:50 [ERROR] Cant initalise module 'this is a veeeeeeeeeeerrrrrryy looooong plugin naaame' because __plugin_init__.py is not present
21:53:50 [ERROR] Cant initalise module 'uhhhh whatever' because __plugin_init__.py is not present
21:53:50 [WARNING] global plugin configs for Newpluginlol dont exist
22:14:40 [ERROR] Cant initalise module 'dfgfgdh' because __plugin_init__.py is not present
22:14:40 [ERROR] Cant initalise module 'more_plugins' because __plugin_init__.py is not present
22:14:40 [ERROR] Cant initalise module 'second Plugin Lol' because __plugin_init__.py is not present
22:14:40 [ERROR] Cant initalise module 'this is a veeeeeeeeeeerrrrrryy looooong plugin naaame' because __plugin_init__.py is not present
22:14:40 [ERROR] Cant initalise module 'uhhhh whatever' because __plugin_init__.py is not present
22:14:40 [WARNING] global plugin configs for Newpluginlol dont exist
22:15:25 [ERROR] Cant initalise module 'dfgfgdh' because __plugin_init__.py is not present
22:15:25 [ERROR] Cant initalise module 'more_plugins' because __plugin_init__.py is not present
22:15:25 [ERROR] Cant initalise module 'second Plugin Lol' because __plugin_init__.py is not present
22:15:25 [ERROR] Cant initalise module 'this is a veeeeeeeeeeerrrrrryy looooong plugin naaame' because __plugin_init__.py is not present
22:15:25 [ERROR] Cant initalise module 'uhhhh whatever' because __plugin_init__.py is not present
22:15:25 [WARNING] global plugin configs for Newpluginlol dont exist
22:16:14 [ERROR] Cant initalise module 'dfgfgdh' because __plugin_init__.py is not present
22:16:14 [ERROR] Cant initalise module 'more_plugins' because __plugin_init__.py is not present
22:16:14 [ERROR] Cant initalise module 'second Plugin Lol' because __plugin_init__.py is not present
22:16:14 [ERROR] Cant initalise module 'this is a veeeeeeeeeeerrrrrryy looooong plugin naaame' because __plugin_init__.py is not present
22:16:14 [ERROR] Cant initalise module 'uhhhh whatever' because __plugin_init__.py is not present
22:16:14 [WARNING] global plugin configs for Newpluginlol dont exist
23:17:19 [ERROR] Cant initalise module 'dfgfgdh' because __plugin_init__.py is not present
23:17:19 [ERROR] Cant initalise module 'more_plugins' because __plugin_init__.py is not present
23:17:19 [ERROR] Cant initalise module 'second Plugin Lol' because __plugin_init__.py is not present
23:17:19 [ERROR] Cant initalise module 'this is a veeeeeeeeeeerrrrrryy looooong plugin naaame' because __plugin_init__.py is not present
23:17:19 [ERROR] Cant initalise module 'uhhhh whatever' because __plugin_init__.py is not present
23:17:19 [WARNING] global plugin configs for Newpluginlol dont exist
23:18:36 [ERROR] Cant initalise module 'dfgfgdh' because __plugin_init__.py is not present
23:18:36 [ERROR] Cant initalise module 'more_plugins' because __plugin_init__.py is not present
23:18:36 [ERROR] Cant initalise module 'second Plugin Lol' because __plugin_init__.py is not present
23:18:36 [ERROR] Cant initalise module 'this is a veeeeeeeeeeerrrrrryy looooong plugin naaame' because __plugin_init__.py is not present
23:18:36 [ERROR] Cant initalise module 'uhhhh whatever' because __plugin_init__.py is not present
23:18:36 [WARNING] global plugin configs for Newpluginlol dont exist
23:19:58 [ERROR] Cant initalise module 'dfgfgdh' because __plugin_init__.py is not present
23:19:58 [ERROR] Cant initalise module 'more_plugins' because __plugin_init__.py is not present
23:19:58 [ERROR] Cant initalise module 'second Plugin Lol' because __plugin_init__.py is not present
23:19:58 [ERROR] Cant initalise module 'this is a veeeeeeeeeeerrrrrryy looooong plugin naaame' because __plugin_init__.py is not present
23:19:58 [ERROR] Cant initalise module 'uhhhh whatever' because __plugin_init__.py is not present
23:19:58 [WARNING] global plugin configs for Newpluginlol dont exist
23:23:27 [ERROR] Cant initalise module 'dfgfgdh' because __plugin_init__.py is not present
23:23:27 [ERROR] Cant initalise module 'more_plugins' because __plugin_init__.py is not present
23:23:27 [ERROR] Cant initalise module 'second Plugin Lol' because __plugin_init__.py is not present
23:23:27 [ERROR] Cant initalise module 'this is a veeeeeeeeeeerrrrrryy looooong plugin naaame' because __plugin_init__.py is not present
23:23:27 [ERROR] Cant initalise module 'uhhhh whatever' because __plugin_init__.py is not present
23:23:27 [WARNING] global plugin configs for Newpluginlol dont exist
23:32:28 [ERROR] Cant initalise module 'dfgfgdh' because __plugin_init__.py is not present
23:32:28 [ERROR] Cant initalise module 'more_plugins' because __plugin_init__.py is not present
23:32:28 [ERROR] Cant initalise module 'second Plugin Lol' because __plugin_init__.py is not present
23:32:28 [ERROR] Cant initalise module 'this is a veeeeeeeeeeerrrrrryy looooong plugin naaame' because __plugin_init__.py is not present
23:32:28 [ERROR] Cant initalise module 'uhhhh whatever' because __plugin_init__.py is not present
23:32:28 [WARNING] global plugin configs for Newpluginlol dont exist
23:34:10 [ERROR] Cant initalise module 'dfgfgdh' because __plugin_init__.py is not present
23:34:10 [ERROR] Cant initalise module 'more_plugins' because __plugin_init__.py is not present
23:34:10 [ERROR] Cant initalise module 'second Plugin Lol' because __plugin_init__.py is not present
23:34:10 [ERROR] Cant initalise module 'this is a veeeeeeeeeeerrrrrryy looooong plugin naaame' because __plugin_init__.py is not present
23:34:10 [ERROR] Cant initalise module 'uhhhh whatever' because __plugin_init__.py is not present
23:34:10 [WARNING] global plugin configs for Newpluginlol dont exist
23:34:59 [ERROR] Cant initalise module 'dfgfgdh' because __plugin_init__.py is not present
23:34:59 [ERROR] Cant initalise module 'more_plugins' because __plugin_init__.py is not present
23:34:59 [ERROR] Cant initalise module 'second Plugin Lol' because __plugin_init__.py is not present
23:34:59 [ERROR] Cant initalise module 'this is a veeeeeeeeeeerrrrrryy looooong plugin naaame' because __plugin_init__.py is not present
23:34:59 [ERROR] Cant initalise module 'uhhhh whatever' because __plugin_init__.py is not present
23:34:59 [WARNING] global plugin configs for Newpluginlol dont exist
23:35:17 [ERROR] Cant initalise module 'dfgfgdh' because __plugin_init__.py is not present
23:35:17 [ERROR] Cant initalise module 'more_plugins' because __plugin_init__.py is not present
23:35:17 [ERROR] Cant initalise module 'second Plugin Lol' because __plugin_init__.py is not present
23:35:17 [ERROR] Cant initalise module 'this is a veeeeeeeeeeerrrrrryy looooong plugin naaame' because __plugin_init__.py is not present
23:35:17 [ERROR] Cant initalise module 'uhhhh whatever' because __plugin_init__.py is not present
23:35:17 [WARNING] global plugin configs for Newpluginlol dont exist
23:36:01 [ERROR] Cant initalise module 'dfgfgdh' because __plugin_init__.py is not present
23:36:01 [ERROR] Cant initalise module 'more_plugins' because __plugin_init__.py is not present
23:36:01 [ERROR] Cant initalise module 'second Plugin Lol' because __plugin_init__.py is not present
23:36:01 [ERROR] Cant initalise module 'this is a veeeeeeeeeeerrrrrryy looooong plugin naaame' because __plugin_init__.py is not present
23:36:01 [ERROR] Cant initalise module 'uhhhh whatever' because __plugin_init__.py is not present
23:36:01 [WARNING] global plugin configs for Newpluginlol dont exist
23:40:58 [ERROR] Cant initalise module 'dfgfgdh' because __plugin_init__.py is not present
23:40:58 [ERROR] Cant initalise module 'more_plugins' because __plugin_init__.py is not present
23:40:58 [ERROR] Cant initalise module 'second Plugin Lol' because __plugin_init__.py is not present
23:40:58 [ERROR] Cant initalise module 'this is a veeeeeeeeeeerrrrrryy looooong plugin naaame' because __plugin_init__.py is not present
23:40:58 [ERROR] Cant initalise module 'uhhhh whatever' because __plugin_init__.py is not present
23:40:58 [WARNING] global plugin configs for Newpluginlol dont exist
23:40:58 [ERROR] Cant initalise module 'dfgfgdh' because __plugin_init__.py is not present
23:40:58 [ERROR] Cant initalise module 'more_plugins' because __plugin_init__.py is not present
23:40:58 [ERROR] Cant initalise module 'second Plugin Lol' because __plugin_init__.py is not present
23:40:58 [ERROR] Cant initalise module 'this is a veeeeeeeeeeerrrrrryy looooong plugin naaame' because __plugin_init__.py is not present
23:40:58 [ERROR] Cant initalise module 'uhhhh whatever' because __plugin_init__.py is not present
23:40:58 [WARNING] global plugin configs for Newpluginlol dont exist
23:42:07 [ERROR] Cant initalise module 'dfgfgdh' because __plugin_init__.py is not present
23:42:07 [ERROR] Cant initalise module 'more_plugins' because __plugin_init__.py is not present
23:42:07 [ERROR] Cant initalise module 'second Plugin Lol' because __plugin_init__.py is not present
23:42:07 [ERROR] Cant initalise module 'this is a veeeeeeeeeeerrrrrryy looooong plugin naaame' because __plugin_init__.py is not present
23:42:07 [ERROR] Cant initalise module 'uhhhh whatever' because __plugin_init__.py is not present
23:42:07 [WARNING] global plugin configs for Newpluginlol dont exist
23:43:16 [ERROR] Cant initalise module 'dfgfgdh' because __plugin_init__.py is not present
23:43:16 [ERROR] Cant initalise module 'more_plugins' because __plugin_init__.py is not present
23:43:16 [ERROR] Cant initalise module 'second Plugin Lol' because __plugin_init__.py is not present
23:43:16 [ERROR] Cant initalise module 'this is a veeeeeeeeeeerrrrrryy looooong plugin naaame' because __plugin_init__.py is not present
23:43:16 [ERROR] Cant initalise module 'uhhhh whatever' because __plugin_init__.py is not present
23:43:16 [WARNING] global plugin configs for Newpluginlol dont exist
23:44:04 [ERROR] Cant initalise module 'dfgfgdh' because __plugin_init__.py is not present
23:44:04 [ERROR] Cant initalise module 'more_plugins' because __plugin_init__.py is not present
23:44:04 [ERROR] Cant initalise module 'second Plugin Lol' because __plugin_init__.py is not present
23:44:04 [ERROR] Cant initalise module 'this is a veeeeeeeeeeerrrrrryy looooong plugin naaame' because __plugin_init__.py is not present
23:44:04 [ERROR] Cant initalise module 'uhhhh whatever' because __plugin_init__.py is not present
23:44:04 [WARNING] global plugin configs for Newpluginlol dont exist
23:44:44 [ERROR] Cant initalise module 'dfgfgdh' because __plugin_init__.py is not present
23:44:44 [ERROR] Cant initalise module 'more_plugins' because __plugin_init__.py is not present
23:44:44 [ERROR] Cant initalise module 'second Plugin Lol' because __plugin_init__.py is not present
23:44:44 [ERROR] Cant initalise module 'this is a veeeeeeeeeeerrrrrryy looooong plugin naaame' because __plugin_init__.py is not present
23:44:44 [ERROR] Cant initalise module 'uhhhh whatever' because __plugin_init__.py is not present
23:44:44 [WARNING] global plugin configs for Newpluginlol dont exist
23:54:38 [ERROR] Cant initalise module 'dfgfgdh' because __plugin_init__.py is not present
23:54:38 [ERROR] Cant initalise module 'more_plugins' because __plugin_init__.py is not present
23:54:38 [ERROR] Cant initalise module 'second Plugin Lol' because __plugin_init__.py is not present
23:54:38 [ERROR] Cant initalise module 'this is a veeeeeeeeeeerrrrrryy looooong plugin naaame' because __plugin_init__.py is not present
23:54:38 [ERROR] Cant initalise module 'uhhhh whatever' because __plugin_init__.py is not present
23:54:38 [WARNING] global plugin configs for Newpluginlol dont exist
