00:03:56 [ERROR] Cant initalise module 'dfgfgdh' because __plugin_init__.py is not present
00:03:56 [ERROR] Cant initalise module 'more_plugins' because __plugin_init__.py is not present
00:03:56 [ERROR] Cant initalise module 'second Plugin Lol' because __plugin_init__.py is not present
00:03:56 [ERROR] Cant initalise module 'this is a veeeeeeeeeeerrrrrryy looooong plugin naaame' because __plugin_init__.py is not present
00:03:56 [ERROR] Cant initalise module 'uhhhh whatever' because __plugin_init__.py is not present
00:03:56 [WARNING] global plugin configs for Newpluginlol dont exist
00:04:28 [ERROR] Cant initalise module 'dfgfgdh' because __plugin_init__.py is not present
00:04:28 [ERROR] Cant initalise module 'more_plugins' because __plugin_init__.py is not present
00:04:28 [ERROR] Cant initalise module 'second Plugin Lol' because __plugin_init__.py is not present
00:04:28 [ERROR] Cant initalise module 'this is a veeeeeeeeeeerrrrrryy looooong plugin naaame' because __plugin_init__.py is not present
00:04:28 [ERROR] Cant initalise module 'uhhhh whatever' because __plugin_init__.py is not present
00:04:28 [WARNING] global plugin configs for Newpluginlol dont exist
00:04:50 [ERROR] Cant initalise module 'dfgfgdh' because __plugin_init__.py is not present
00:04:50 [ERROR] Cant initalise module 'more_plugins' because __plugin_init__.py is not present
00:04:50 [ERROR] Cant initalise module 'second Plugin Lol' because __plugin_init__.py is not present
00:04:50 [ERROR] Cant initalise module 'this is a veeeeeeeeeeerrrrrryy looooong plugin naaame' because __plugin_init__.py is not present
00:04:50 [ERROR] Cant initalise module 'uhhhh whatever' because __plugin_init__.py is not present
00:04:50 [WARNING] global plugin configs for Newpluginlol dont exist
00:05:25 [ERROR] Cant initalise module 'dfgfgdh' because __plugin_init__.py is not present
00:05:25 [ERROR] Cant initalise module 'more_plugins' because __plugin_init__.py is not present
00:05:25 [ERROR] Cant initalise module 'second Plugin Lol' because __plugin_init__.py is not present
00:05:25 [ERROR] Cant initalise module 'this is a veeeeeeeeeeerrrrrryy looooong plugin naaame' because __plugin_init__.py is not present
00:05:25 [ERROR] Cant initalise module 'uhhhh whatever' because __plugin_init__.py is not present
00:05:25 [WARNING] global plugin configs for Newpluginlol dont exist
00:05:45 [ERROR] Cant initalise module 'dfgfgdh' because __plugin_init__.py is not present
00:05:45 [ERROR] Cant initalise module 'more_plugins' because __plugin_init__.py is not present
00:05:45 [ERROR] Cant initalise module 'second Plugin Lol' because __plugin_init__.py is not present
00:05:45 [ERROR] Cant initalise module 'this is a veeeeeeeeeeerrrrrryy looooong plugin naaame' because __plugin_init__.py is not present
00:05:45 [ERROR] Cant initalise module 'uhhhh whatever' because __plugin_init__.py is not present
00:05:45 [WARNING] global plugin configs for Newpluginlol dont exist
00:08:36 [ERROR] Cant initalise module 'dfgfgdh' because __plugin_init__.py is not present
00:08:36 [ERROR] Cant initalise module 'more_plugins' because __plugin_init__.py is not present
00:08:36 [ERROR] Cant initalise module 'second Plugin Lol' because __plugin_init__.py is not present
00:08:36 [ERROR] Cant initalise module 'this is a veeeeeeeeeeerrrrrryy looooong plugin naaame' because __plugin_init__.py is not present
00:08:36 [ERROR] Cant initalise module 'uhhhh whatever' because __plugin_init__.py is not present
00:08:36 [WARNING] global plugin configs for Newpluginlol dont exist
00:09:18 [ERROR] Cant initalise module 'dfgfgdh' because __plugin_init__.py is not present
00:09:18 [ERROR] Cant initalise module 'more_plugins' because __plugin_init__.py is not present
00:09:18 [ERROR] Cant initalise module 'second Plugin Lol' because __plugin_init__.py is not present
00:09:18 [ERROR] Cant initalise module 'this is a veeeeeeeeeeerrrrrryy looooong plugin naaame' because __plugin_init__.py is not present
00:09:18 [ERROR] Cant initalise module 'uhhhh whatever' because __plugin_init__.py is not present
00:09:18 [WARNING] global plugin configs for Newpluginlol dont exist
00:14:36 [ERROR] Cant initalise module 'dfgfgdh' because __plugin_init__.py is not present
00:14:36 [ERROR] Cant initalise module 'more_plugins' because __plugin_init__.py is not present
00:14:36 [ERROR] Cant initalise module 'second Plugin Lol' because __plugin_init__.py is not present
00:14:36 [ERROR] Cant initalise module 'this is a veeeeeeeeeeerrrrrryy looooong plugin naaame' because __plugin_init__.py is not present
00:14:36 [ERROR] Cant initalise module 'uhhhh whatever' because __plugin_init__.py is not present
00:14:36 [WARNING] global plugin configs for Newpluginlol dont exist
00:14:41 [ERROR] Cant initalise module 'dfgfgdh' because __plugin_init__.py is not present
00:14:41 [ERROR] Cant initalise module 'more_plugins' because __plugin_init__.py is not present
00:14:41 [ERROR] Cant initalise module 'second Plugin Lol' because __plugin_init__.py is not present
00:14:41 [ERROR] Cant initalise module 'this is a veeeeeeeeeeerrrrrryy looooong plugin naaame' because __plugin_init__.py is not present
00:14:41 [ERROR] Cant initalise module 'uhhhh whatever' because __plugin_init__.py is not present
00:14:41 [WARNING] global plugin configs for Newpluginlol dont exist
00:15:15 [ERROR] Cant initalise module 'dfgfgdh' because __plugin_init__.py is not present
00:15:15 [ERROR] Cant initalise module 'more_plugins' because __plugin_init__.py is not present
00:15:15 [ERROR] Cant initalise module 'second Plugin Lol' because __plugin_init__.py is not present
00:15:15 [ERROR] Cant initalise module 'this is a veeeeeeeeeeerrrrrryy looooong plugin naaame' because __plugin_init__.py is not present
00:15:15 [ERROR] Cant initalise module 'uhhhh whatever' because __plugin_init__.py is not present
00:15:15 [WARNING] global plugin configs for Newpluginlol dont exist
00:16:08 [ERROR] Cant initalise module 'dfgfgdh' because __plugin_init__.py is not present
00:16:08 [ERROR] Cant initalise module 'more_plugins' because __plugin_init__.py is not present
00:16:08 [ERROR] Cant initalise module 'second Plugin Lol' because __plugin_init__.py is not present
00:16:08 [ERROR] Cant initalise module 'this is a veeeeeeeeeeerrrrrryy looooong plugin naaame' because __plugin_init__.py is not present
00:16:08 [ERROR] Cant initalise module 'uhhhh whatever' because __plugin_init__.py is not present
00:16:08 [WARNING] global plugin configs for Newpluginlol dont exist
00:17:14 [ERROR] Cant initalise module 'dfgfgdh' because __plugin_init__.py is not present
00:17:14 [ERROR] Cant initalise module 'more_plugins' because __plugin_init__.py is not present
00:17:14 [ERROR] Cant initalise module 'second Plugin Lol' because __plugin_init__.py is not present
00:17:14 [ERROR] Cant initalise module 'this is a veeeeeeeeeeerrrrrryy looooong plugin naaame' because __plugin_init__.py is not present
00:17:14 [ERROR] Cant initalise module 'uhhhh whatever' because __plugin_init__.py is not present
00:17:14 [WARNING] global plugin configs for Newpluginlol dont exist
00:18:06 [ERROR] Cant initalise module 'dfgfgdh' because __plugin_init__.py is not present
00:18:06 [ERROR] Cant initalise module 'more_plugins' because __plugin_init__.py is not present
00:18:06 [ERROR] Cant initalise module 'second Plugin Lol' because __plugin_init__.py is not present
00:18:06 [ERROR] Cant initalise module 'this is a veeeeeeeeeeerrrrrryy looooong plugin naaame' because __plugin_init__.py is not present
00:18:06 [ERROR] Cant initalise module 'uhhhh whatever' because __plugin_init__.py is not present
00:18:06 [WARNING] global plugin configs for Newpluginlol dont exist
00:21:14 [ERROR] Cant initalise module 'dfgfgdh' because __plugin_init__.py is not present
00:21:14 [ERROR] Cant initalise module 'more_plugins' because __plugin_init__.py is not present
00:21:14 [ERROR] Cant initalise module 'second Plugin Lol' because __plugin_init__.py is not present
00:21:14 [ERROR] Cant initalise module 'this is a veeeeeeeeeeerrrrrryy looooong plugin naaame' because __plugin_init__.py is not present
00:21:14 [ERROR] Cant initalise module 'uhhhh whatever' because __plugin_init__.py is not present
00:21:14 [WARNING] global plugin configs for Newpluginlol dont exist
00:21:38 [ERROR] Cant initalise module 'dfgfgdh' because __plugin_init__.py is not present
00:21:38 [ERROR] Cant initalise module 'more_plugins' because __plugin_init__.py is not present
00:21:38 [ERROR] Cant initalise module 'second Plugin Lol' because __plugin_init__.py is not present
00:21:38 [ERROR] Cant initalise module 'this is a veeeeeeeeeeerrrrrryy looooong plugin naaame' because __plugin_init__.py is not present
00:21:38 [ERROR] Cant initalise module 'uhhhh whatever' because __plugin_init__.py is not present
00:21:38 [WARNING] global plugin configs for Newpluginlol dont exist
00:22:27 [ERROR] Cant initalise module 'dfgfgdh' because __plugin_init__.py is not present
00:22:27 [ERROR] Cant initalise module 'more_plugins' because __plugin_init__.py is not present
00:22:27 [ERROR] Cant initalise module 'second Plugin Lol' because __plugin_init__.py is not present
00:22:27 [ERROR] Cant initalise module 'this is a veeeeeeeeeeerrrrrryy looooong plugin naaame' because __plugin_init__.py is not present
00:22:27 [ERROR] Cant initalise module 'uhhhh whatever' because __plugin_init__.py is not present
00:22:27 [WARNING] global plugin configs for Newpluginlol dont exist
00:23:55 [ERROR] Cant initalise module 'dfgfgdh' because __plugin_init__.py is not present
00:23:55 [ERROR] Cant initalise module 'more_plugins' because __plugin_init__.py is not present
00:23:55 [ERROR] Cant initalise module 'second Plugin Lol' because __plugin_init__.py is not present
00:23:55 [ERROR] Cant initalise module 'this is a veeeeeeeeeeerrrrrryy looooong plugin naaame' because __plugin_init__.py is not present
00:23:55 [ERROR] Cant initalise module 'uhhhh whatever' because __plugin_init__.py is not present
00:23:55 [WARNING] global plugin configs for Newpluginlol dont exist
00:24:08 [ERROR] Cant initalise module 'dfgfgdh' because __plugin_init__.py is not present
00:24:08 [ERROR] Cant initalise module 'more_plugins' because __plugin_init__.py is not present
00:24:08 [ERROR] Cant initalise module 'second Plugin Lol' because __plugin_init__.py is not present
00:24:08 [ERROR] Cant initalise module 'this is a veeeeeeeeeeerrrrrryy looooong plugin naaame' because __plugin_init__.py is not present
00:24:08 [ERROR] Cant initalise module 'uhhhh whatever' because __plugin_init__.py is not present
00:24:08 [WARNING] global plugin configs for Newpluginlol dont exist
00:24:53 [ERROR] Cant initalise module 'dfgfgdh' because __plugin_init__.py is not present
00:24:53 [ERROR] Cant initalise module 'more_plugins' because __plugin_init__.py is not present
00:24:53 [ERROR] Cant initalise module 'second Plugin Lol' because __plugin_init__.py is not present
00:24:53 [ERROR] Cant initalise module 'this is a veeeeeeeeeeerrrrrryy looooong plugin naaame' because __plugin_init__.py is not present
00:24:53 [ERROR] Cant initalise module 'uhhhh whatever' because __plugin_init__.py is not present
00:24:53 [WARNING] global plugin configs for Newpluginlol dont exist
00:26:42 [ERROR] Cant initalise module 'dfgfgdh' because __plugin_init__.py is not present
00:26:42 [ERROR] Cant initalise module 'more_plugins' because __plugin_init__.py is not present
00:26:42 [ERROR] Cant initalise module 'second Plugin Lol' because __plugin_init__.py is not present
00:26:42 [ERROR] Cant initalise module 'this is a veeeeeeeeeeerrrrrryy looooong plugin naaame' because __plugin_init__.py is not present
00:26:42 [ERROR] Cant initalise module 'uhhhh whatever' because __plugin_init__.py is not present
00:26:42 [WARNING] global plugin configs for Newpluginlol dont exist
00:27:20 [ERROR] Cant initalise module 'dfgfgdh' because __plugin_init__.py is not present
00:27:20 [ERROR] Cant initalise module 'more_plugins' because __plugin_init__.py is not present
00:27:20 [ERROR] Cant initalise module 'second Plugin Lol' because __plugin_init__.py is not present
00:27:20 [ERROR] Cant initalise module 'this is a veeeeeeeeeeerrrrrryy looooong plugin naaame' because __plugin_init__.py is not present
00:27:20 [ERROR] Cant initalise module 'uhhhh whatever' because __plugin_init__.py is not present
00:27:20 [WARNING] global plugin configs for Newpluginlol dont exist
00:28:07 [ERROR] Cant initalise module 'dfgfgdh' because __plugin_init__.py is not present
00:28:07 [ERROR] Cant initalise module 'more_plugins' because __plugin_init__.py is not present
00:28:07 [ERROR] Cant initalise module 'second Plugin Lol' because __plugin_init__.py is not present
00:28:07 [ERROR] Cant initalise module 'this is a veeeeeeeeeeerrrrrryy looooong plugin naaame' because __plugin_init__.py is not present
00:28:07 [ERROR] Cant initalise module 'uhhhh whatever' because __plugin_init__.py is not present
00:28:07 [WARNING] global plugin configs for Newpluginlol dont exist
00:32:01 [ERROR] Cant initalise module 'dfgfgdh' because __plugin_init__.py is not present
00:32:01 [ERROR] Cant initalise module 'more_plugins' because __plugin_init__.py is not present
00:32:01 [ERROR] Cant initalise module 'second Plugin Lol' because __plugin_init__.py is not present
00:32:01 [ERROR] Cant initalise module 'this is a veeeeeeeeeeerrrrrryy looooong plugin naaame' because __plugin_init__.py is not present
00:32:01 [ERROR] Cant initalise module 'uhhhh whatever' because __plugin_init__.py is not present
00:32:01 [WARNING] global plugin configs for Newpluginlol dont exist
00:32:48 [ERROR] Cant initalise module 'dfgfgdh' because __plugin_init__.py is not present
00:32:48 [ERROR] Cant initalise module 'more_plugins' because __plugin_init__.py is not present
00:32:48 [ERROR] Cant initalise module 'second Plugin Lol' because __plugin_init__.py is not present
00:32:48 [ERROR] Cant initalise module 'this is a veeeeeeeeeeerrrrrryy looooong plugin naaame' because __plugin_init__.py is not present
00:32:48 [ERROR] Cant initalise module 'uhhhh whatever' because __plugin_init__.py is not present
00:32:48 [WARNING] global plugin configs for Newpluginlol dont exist
00:33:03 [ERROR] Cant initalise module 'dfgfgdh' because __plugin_init__.py is not present
00:33:03 [ERROR] Cant initalise module 'more_plugins' because __plugin_init__.py is not present
00:33:03 [ERROR] Cant initalise module 'second Plugin Lol' because __plugin_init__.py is not present
00:33:03 [ERROR] Cant initalise module 'this is a veeeeeeeeeeerrrrrryy looooong plugin naaame' because __plugin_init__.py is not present
00:33:03 [ERROR] Cant initalise module 'uhhhh whatever' because __plugin_init__.py is not present
00:33:03 [WARNING] global plugin configs for Newpluginlol dont exist
00:33:05 [ERROR] Cant initalise module 'dfgfgdh' because __plugin_init__.py is not present
00:33:05 [ERROR] Cant initalise module 'more_plugins' because __plugin_init__.py is not present
00:33:05 [ERROR] Cant initalise module 'second Plugin Lol' because __plugin_init__.py is not present
00:33:05 [ERROR] Cant initalise module 'this is a veeeeeeeeeeerrrrrryy looooong plugin naaame' because __plugin_init__.py is not present
00:33:05 [ERROR] Cant initalise module 'uhhhh whatever' because __plugin_init__.py is not present
00:33:05 [WARNING] global plugin configs for Newpluginlol dont exist
00:34:25 [ERROR] Cant initalise module 'dfgfgdh' because __plugin_init__.py is not present
00:34:25 [ERROR] Cant initalise module 'more_plugins' because __plugin_init__.py is not present
00:34:25 [ERROR] Cant initalise module 'second Plugin Lol' because __plugin_init__.py is not present
00:34:25 [ERROR] Cant initalise module 'this is a veeeeeeeeeeerrrrrryy looooong plugin naaame' because __plugin_init__.py is not present
00:34:25 [ERROR] Cant initalise module 'uhhhh whatever' because __plugin_init__.py is not present
00:34:25 [WARNING] global plugin configs for Newpluginlol dont exist
00:34:26 [ERROR] Cant initalise module 'dfgfgdh' because __plugin_init__.py is not present
00:34:26 [ERROR] Cant initalise module 'more_plugins' because __plugin_init__.py is not present
00:34:26 [ERROR] Cant initalise module 'second Plugin Lol' because __plugin_init__.py is not present
00:34:26 [ERROR] Cant initalise module 'this is a veeeeeeeeeeerrrrrryy looooong plugin naaame' because __plugin_init__.py is not present
00:34:26 [ERROR] Cant initalise module 'uhhhh whatever' because __plugin_init__.py is not present
00:34:26 [WARNING] global plugin configs for Newpluginlol dont exist
00:36:58 [ERROR] Cant initalise module 'dfgfgdh' because __plugin_init__.py is not present
00:36:58 [ERROR] Cant initalise module 'more_plugins' because __plugin_init__.py is not present
00:36:58 [ERROR] Cant initalise module 'second Plugin Lol' because __plugin_init__.py is not present
00:36:58 [ERROR] Cant initalise module 'this is a veeeeeeeeeeerrrrrryy looooong plugin naaame' because __plugin_init__.py is not present
00:36:58 [ERROR] Cant initalise module 'uhhhh whatever' because __plugin_init__.py is not present
00:36:58 [WARNING] global plugin configs for Newpluginlol dont exist
00:37:02 [ERROR] Cant initalise module 'dfgfgdh' because __plugin_init__.py is not present
00:37:02 [ERROR] Cant initalise module 'more_plugins' because __plugin_init__.py is not present
00:37:02 [ERROR] Cant initalise module 'second Plugin Lol' because __plugin_init__.py is not present
00:37:02 [ERROR] Cant initalise module 'this is a veeeeeeeeeeerrrrrryy looooong plugin naaame' because __plugin_init__.py is not present
00:37:02 [ERROR] Cant initalise module 'uhhhh whatever' because __plugin_init__.py is not present
00:37:02 [WARNING] global plugin configs for Newpluginlol dont exist
00:37:21 [ERROR] Cant initalise module 'dfgfgdh' because __plugin_init__.py is not present
00:37:21 [ERROR] Cant initalise module 'more_plugins' because __plugin_init__.py is not present
00:37:21 [ERROR] Cant initalise module 'second Plugin Lol' because __plugin_init__.py is not present
00:37:21 [ERROR] Cant initalise module 'this is a veeeeeeeeeeerrrrrryy looooong plugin naaame' because __plugin_init__.py is not present
00:37:21 [ERROR] Cant initalise module 'uhhhh whatever' because __plugin_init__.py is not present
00:37:21 [WARNING] global plugin configs for Newpluginlol dont exist
00:37:31 [ERROR] Cant initalise module 'dfgfgdh' because __plugin_init__.py is not present
00:37:31 [ERROR] Cant initalise module 'more_plugins' because __plugin_init__.py is not present
00:37:31 [ERROR] Cant initalise module 'second Plugin Lol' because __plugin_init__.py is not present
00:37:31 [ERROR] Cant initalise module 'this is a veeeeeeeeeeerrrrrryy looooong plugin naaame' because __plugin_init__.py is not present
00:37:31 [ERROR] Cant initalise module 'uhhhh whatever' because __plugin_init__.py is not present
00:37:31 [WARNING] global plugin configs for Newpluginlol dont exist
00:38:51 [ERROR] Cant initalise module 'dfgfgdh' because __plugin_init__.py is not present
00:38:51 [ERROR] Cant initalise module 'more_plugins' because __plugin_init__.py is not present
00:38:51 [ERROR] Cant initalise module 'second Plugin Lol' because __plugin_init__.py is not present
00:38:51 [ERROR] Cant initalise module 'this is a veeeeeeeeeeerrrrrryy looooong plugin naaame' because __plugin_init__.py is not present
00:38:51 [ERROR] Cant initalise module 'uhhhh whatever' because __plugin_init__.py is not present
00:38:51 [WARNING] global plugin configs for Newpluginlol dont exist
00:39:32 [ERROR] Cant initalise module 'dfgfgdh' because __plugin_init__.py is not present
00:39:32 [ERROR] Cant initalise module 'more_plugins' because __plugin_init__.py is not present
00:39:32 [ERROR] Cant initalise module 'second Plugin Lol' because __plugin_init__.py is not present
00:39:32 [ERROR] Cant initalise module 'this is a veeeeeeeeeeerrrrrryy looooong plugin naaame' because __plugin_init__.py is not present
00:39:32 [ERROR] Cant initalise module 'uhhhh whatever' because __plugin_init__.py is not present
00:39:32 [WARNING] global plugin configs for Newpluginlol dont exist
00:39:57 [ERROR] Cant initalise module 'dfgfgdh' because __plugin_init__.py is not present
00:39:57 [ERROR] Cant initalise module 'more_plugins' because __plugin_init__.py is not present
00:39:57 [ERROR] Cant initalise module 'second Plugin Lol' because __plugin_init__.py is not present
00:39:57 [ERROR] Cant initalise module 'this is a veeeeeeeeeeerrrrrryy looooong plugin naaame' because __plugin_init__.py is not present
00:39:57 [ERROR] Cant initalise module 'uhhhh whatever' because __plugin_init__.py is not present
00:39:57 [WARNING] global plugin configs for Newpluginlol dont exist
00:41:18 [ERROR] Cant initalise module 'dfgfgdh' because __plugin_init__.py is not present
00:41:18 [ERROR] Cant initalise module 'more_plugins' because __plugin_init__.py is not present
00:41:18 [ERROR] Cant initalise module 'second Plugin Lol' because __plugin_init__.py is not present
00:41:18 [ERROR] Cant initalise module 'this is a veeeeeeeeeeerrrrrryy looooong plugin naaame' because __plugin_init__.py is not present
00:41:18 [ERROR] Cant initalise module 'uhhhh whatever' because __plugin_init__.py is not present
00:41:18 [WARNING] global plugin configs for Newpluginlol dont exist
00:41:45 [ERROR] Cant initalise module 'dfgfgdh' because __plugin_init__.py is not present
00:41:45 [ERROR] Cant initalise module 'more_plugins' because __plugin_init__.py is not present
00:41:45 [ERROR] Cant initalise module 'second Plugin Lol' because __plugin_init__.py is not present
00:41:45 [ERROR] Cant initalise module 'this is a veeeeeeeeeeerrrrrryy looooong plugin naaame' because __plugin_init__.py is not present
00:41:45 [ERROR] Cant initalise module 'uhhhh whatever' because __plugin_init__.py is not present
00:41:45 [WARNING] global plugin configs for Newpluginlol dont exist
00:42:20 [ERROR] Cant initalise module 'dfgfgdh' because __plugin_init__.py is not present
00:42:20 [ERROR] Cant initalise module 'more_plugins' because __plugin_init__.py is not present
00:42:20 [ERROR] Cant initalise module 'second Plugin Lol' because __plugin_init__.py is not present
00:42:20 [ERROR] Cant initalise module 'this is a veeeeeeeeeeerrrrrryy looooong plugin naaame' because __plugin_init__.py is not present
00:42:20 [ERROR] Cant initalise module 'uhhhh whatever' because __plugin_init__.py is not present
00:42:20 [WARNING] global plugin configs for Newpluginlol dont exist
