00:27:53 [ERROR] Cant initalise module 'dfgfgdh' because __plugin_init__.py is not present
00:27:53 [ERROR] Cant initalise module 'more_plugins' because __plugin_init__.py is not present
00:27:53 [ERROR] Cant initalise module 'second Plugin Lol' because __plugin_init__.py is not present
00:27:53 [ERROR] Cant initalise module 'this is a veeeeeeeeeeerrrrrryy looooong plugin naaame' because __plugin_init__.py is not present
00:27:53 [ERROR] Cant initalise module 'uhhhh whatever' because __plugin_init__.py is not present
00:27:53 [WARNING] global plugin configs for Newpluginlol dont exist
00:34:05 [ERROR] Cant initalise module 'dfgfgdh' because __plugin_init__.py is not present
00:34:05 [ERROR] Cant initalise module 'more_plugins' because __plugin_init__.py is not present
00:34:05 [ERROR] Cant initalise module 'second Plugin Lol' because __plugin_init__.py is not present
00:34:05 [ERROR] Cant initalise module 'this is a veeeeeeeeeeerrrrrryy looooong plugin naaame' because __plugin_init__.py is not present
00:34:05 [ERROR] Cant initalise module 'uhhhh whatever' because __plugin_init__.py is not present
00:34:05 [WARNING] global plugin configs for Newpluginlol dont exist
00:34:29 [ERROR] Cant initalise module 'dfgfgdh' because __plugin_init__.py is not present
00:34:29 [ERROR] Cant initalise module 'more_plugins' because __plugin_init__.py is not present
00:34:29 [ERROR] Cant initalise module 'second Plugin Lol' because __plugin_init__.py is not present
00:34:29 [ERROR] Cant initalise module 'this is a veeeeeeeeeeerrrrrryy looooong plugin naaame' because __plugin_init__.py is not present
00:34:29 [ERROR] Cant initalise module 'uhhhh whatever' because __plugin_init__.py is not present
00:34:29 [WARNING] global plugin configs for Newpluginlol dont exist
00:44:17 [ERROR] Cant initalise module 'dfgfgdh' because __plugin_init__.py is not present
00:44:17 [ERROR] Cant initalise module 'more_plugins' because __plugin_init__.py is not present
00:44:17 [ERROR] Cant initalise module 'second Plugin Lol' because __plugin_init__.py is not present
00:44:17 [ERROR] Cant initalise module 'this is a veeeeeeeeeeerrrrrryy looooong plugin naaame' because __plugin_init__.py is not present
00:44:17 [ERROR] Cant initalise module 'uhhhh whatever' because __plugin_init__.py is not present
00:44:17 [WARNING] global plugin configs for Newpluginlol dont exist
00:47:06 [ERROR] Cant initalise module 'dfgfgdh' because __plugin_init__.py is not present
00:47:06 [ERROR] Cant initalise module 'more_plugins' because __plugin_init__.py is not present
00:47:06 [ERROR] Cant initalise module 'second Plugin Lol' because __plugin_init__.py is not present
00:47:06 [ERROR] Cant initalise module 'this is a veeeeeeeeeeerrrrrryy looooong plugin naaame' because __plugin_init__.py is not present
00:47:06 [ERROR] Cant initalise module 'uhhhh whatever' because __plugin_init__.py is not present
00:47:06 [WARNING] global plugin configs for Newpluginlol dont exist
00:47:34 [ERROR] Cant initalise module 'dfgfgdh' because __plugin_init__.py is not present
00:47:34 [ERROR] Cant initalise module 'more_plugins' because __plugin_init__.py is not present
00:47:34 [ERROR] Cant initalise module 'second Plugin Lol' because __plugin_init__.py is not present
00:47:34 [ERROR] Cant initalise module 'this is a veeeeeeeeeeerrrrrryy looooong plugin naaame' because __plugin_init__.py is not present
00:47:34 [ERROR] Cant initalise module 'uhhhh whatever' because __plugin_init__.py is not present
00:47:34 [WARNING] global plugin configs for Newpluginlol dont exist
00:53:00 [ERROR] Cant initalise module 'dfgfgdh' because __plugin_init__.py is not present
00:53:00 [ERROR] Cant initalise module 'more_plugins' because __plugin_init__.py is not present
00:53:00 [ERROR] Cant initalise module 'second Plugin Lol' because __plugin_init__.py is not present
00:53:00 [ERROR] Cant initalise module 'this is a veeeeeeeeeeerrrrrryy looooong plugin naaame' because __plugin_init__.py is not present
00:53:00 [ERROR] Cant initalise module 'uhhhh whatever' because __plugin_init__.py is not present
00:53:00 [WARNING] global plugin configs for Newpluginlol dont exist
00:54:01 [ERROR] Cant initalise module 'dfgfgdh' because __plugin_init__.py is not present
00:54:01 [ERROR] Cant initalise module 'more_plugins' because __plugin_init__.py is not present
00:54:01 [ERROR] Cant initalise module 'second Plugin Lol' because __plugin_init__.py is not present
00:54:01 [ERROR] Cant initalise module 'this is a veeeeeeeeeeerrrrrryy looooong plugin naaame' because __plugin_init__.py is not present
00:54:01 [ERROR] Cant initalise module 'uhhhh whatever' because __plugin_init__.py is not present
00:54:01 [WARNING] global plugin configs for Newpluginlol dont exist
00:57:50 [ERROR] Cant initalise module 'dfgfgdh' because __plugin_init__.py is not present
00:57:50 [ERROR] Cant initalise module 'more_plugins' because __plugin_init__.py is not present
00:57:50 [ERROR] Cant initalise module 'second Plugin Lol' because __plugin_init__.py is not present
00:57:50 [ERROR] Cant initalise module 'this is a veeeeeeeeeeerrrrrryy looooong plugin naaame' because __plugin_init__.py is not present
00:57:50 [ERROR] Cant initalise module 'uhhhh whatever' because __plugin_init__.py is not present
00:57:50 [WARNING] global plugin configs for Newpluginlol dont exist
00:58:19 [ERROR] Cant initalise module 'dfgfgdh' because __plugin_init__.py is not present
00:58:19 [ERROR] Cant initalise module 'more_plugins' because __plugin_init__.py is not present
00:58:19 [ERROR] Cant initalise module 'second Plugin Lol' because __plugin_init__.py is not present
00:58:19 [ERROR] Cant initalise module 'this is a veeeeeeeeeeerrrrrryy looooong plugin naaame' because __plugin_init__.py is not present
00:58:19 [ERROR] Cant initalise module 'uhhhh whatever' because __plugin_init__.py is not present
00:58:19 [WARNING] global plugin configs for Newpluginlol dont exist
01:00:42 [ERROR] Cant initalise module 'dfgfgdh' because __plugin_init__.py is not present
01:00:42 [ERROR] Cant initalise module 'more_plugins' because __plugin_init__.py is not present
01:00:42 [ERROR] Cant initalise module 'second Plugin Lol' because __plugin_init__.py is not present
01:00:42 [ERROR] Cant initalise module 'this is a veeeeeeeeeeerrrrrryy looooong plugin naaame' because __plugin_init__.py is not present
01:00:42 [ERROR] Cant initalise module 'uhhhh whatever' because __plugin_init__.py is not present
01:00:42 [WARNING] global plugin configs for Newpluginlol dont exist
