18:24:09 [ERROR] Cant initalise module 'dfgfgdh' because __plugin_init__.py is not present
18:24:09 [ERROR] Cant initalise module 'more_plugins' because __plugin_init__.py is not present
18:24:09 [ERROR] Cant initalise module 'second Plugin Lol' because __plugin_init__.py is not present
18:24:09 [ERROR] Cant initalise module 'this is a veeeeeeeeeeerrrrrryy looooong plugin naaame' because __plugin_init__.py is not present
18:24:09 [ERROR] Cant initalise module 'uhhhh whatever' because __plugin_init__.py is not present
18:26:04 [ERROR] Cant initalise module 'dfgfgdh' because __plugin_init__.py is not present
18:26:04 [ERROR] Cant initalise module 'more_plugins' because __plugin_init__.py is not present
18:26:04 [ERROR] Cant initalise module 'second Plugin Lol' because __plugin_init__.py is not present
18:26:04 [ERROR] Cant initalise module 'this is a veeeeeeeeeeerrrrrryy looooong plugin naaame' because __plugin_init__.py is not present
18:26:04 [ERROR] Cant initalise module 'uhhhh whatever' because __plugin_init__.py is not present
18:27:07 [ERROR] Cant initalise module 'dfgfgdh' because __plugin_init__.py is not present
18:27:07 [ERROR] Cant initalise module 'more_plugins' because __plugin_init__.py is not present
18:27:07 [ERROR] Cant initalise module 'second Plugin Lol' because __plugin_init__.py is not present
18:27:07 [ERROR] Cant initalise module 'this is a veeeeeeeeeeerrrrrryy looooong plugin naaame' because __plugin_init__.py is not present
18:27:07 [ERROR] Cant initalise module 'uhhhh whatever' because __plugin_init__.py is not present
18:27:42 [ERROR] Cant initalise module 'dfgfgdh' because __plugin_init__.py is not present
18:27:42 [ERROR] Cant initalise module 'more_plugins' because __plugin_init__.py is not present
18:27:42 [ERROR] Cant initalise module 'second Plugin Lol' because __plugin_init__.py is not present
18:27:42 [ERROR] Cant initalise module 'this is a veeeeeeeeeeerrrrrryy looooong plugin naaame' because __plugin_init__.py is not present
18:27:42 [ERROR] Cant initalise module 'uhhhh whatever' because __plugin_init__.py is not present
18:28:05 [ERROR] Cant initalise module 'dfgfgdh' because __plugin_init__.py is not present
18:28:05 [ERROR] Cant initalise module 'more_plugins' because __plugin_init__.py is not present
18:28:05 [ERROR] Cant initalise module 'second Plugin Lol' because __plugin_init__.py is not present
18:28:05 [ERROR] Cant initalise module 'this is a veeeeeeeeeeerrrrrryy looooong plugin naaame' because __plugin_init__.py is not present
18:28:05 [ERROR] Cant initalise module 'uhhhh whatever' because __plugin_init__.py is not present
18:29:06 [ERROR] Cant initalise module 'dfgfgdh' because __plugin_init__.py is not present
18:29:06 [ERROR] Cant initalise module 'more_plugins' because __plugin_init__.py is not present
18:29:06 [ERROR] Cant initalise module 'second Plugin Lol' because __plugin_init__.py is not present
18:29:06 [ERROR] Cant initalise module 'this is a veeeeeeeeeeerrrrrryy looooong plugin naaame' because __plugin_init__.py is not present
18:29:06 [ERROR] Cant initalise module 'uhhhh whatever' because __plugin_init__.py is not present
18:30:46 [ERROR] Cant initalise module 'dfgfgdh' because __plugin_init__.py is not present
18:30:46 [ERROR] Cant initalise module 'more_plugins' because __plugin_init__.py is not present
18:30:46 [ERROR] Cant initalise module 'second Plugin Lol' because __plugin_init__.py is not present
18:30:46 [ERROR] Cant initalise module 'this is a veeeeeeeeeeerrrrrryy looooong plugin naaame' because __plugin_init__.py is not present
18:30:46 [ERROR] Cant initalise module 'uhhhh whatever' because __plugin_init__.py is not present
18:54:39 [ERROR] Cant initalise module 'dfgfgdh' because __plugin_init__.py is not present
18:54:39 [ERROR] Cant initalise module 'more_plugins' because __plugin_init__.py is not present
18:54:39 [ERROR] Cant initalise module 'second Plugin Lol' because __plugin_init__.py is not present
18:54:39 [ERROR] Cant initalise module 'this is a veeeeeeeeeeerrrrrryy looooong plugin naaame' because __plugin_init__.py is not present
18:54:39 [ERROR] Cant initalise module 'uhhhh whatever' because __plugin_init__.py is not present
18:55:18 [ERROR] Cant initalise module 'dfgfgdh' because __plugin_init__.py is not present
18:55:18 [ERROR] Cant initalise module 'more_plugins' because __plugin_init__.py is not present
18:55:18 [ERROR] Cant initalise module 'second Plugin Lol' because __plugin_init__.py is not present
18:55:18 [ERROR] Cant initalise module 'this is a veeeeeeeeeeerrrrrryy looooong plugin naaame' because __plugin_init__.py is not present
18:55:18 [ERROR] Cant initalise module 'uhhhh whatever' because __plugin_init__.py is not present
18:58:36 [ERROR] Cant initalise module 'dfgfgdh' because __plugin_init__.py is not present
18:58:36 [ERROR] Cant initalise module 'more_plugins' because __plugin_init__.py is not present
18:58:36 [ERROR] Cant initalise module 'second Plugin Lol' because __plugin_init__.py is not present
18:58:36 [ERROR] Cant initalise module 'this is a veeeeeeeeeeerrrrrryy looooong plugin naaame' because __plugin_init__.py is not present
18:58:36 [ERROR] Cant initalise module 'uhhhh whatever' because __plugin_init__.py is not present
18:59:23 [ERROR] Cant initalise module 'dfgfgdh' because __plugin_init__.py is not present
18:59:23 [ERROR] Cant initalise module 'more_plugins' because __plugin_init__.py is not present
18:59:23 [ERROR] Cant initalise module 'second Plugin Lol' because __plugin_init__.py is not present
18:59:23 [ERROR] Cant initalise module 'this is a veeeeeeeeeeerrrrrryy looooong plugin naaame' because __plugin_init__.py is not present
18:59:23 [ERROR] Cant initalise module 'uhhhh whatever' because __plugin_init__.py is not present
19:57:04 [ERROR] Cant initalise module 'dfgfgdh' because __plugin_init__.py is not present
19:57:04 [ERROR] Cant initalise module 'more_plugins' because __plugin_init__.py is not present
19:57:04 [ERROR] Cant initalise module 'second Plugin Lol' because __plugin_init__.py is not present
19:57:04 [ERROR] Cant initalise module 'this is a veeeeeeeeeeerrrrrryy looooong plugin naaame' because __plugin_init__.py is not present
19:57:04 [ERROR] Cant initalise module 'uhhhh whatever' because __plugin_init__.py is not present
19:57:32 [ERROR] Cant initalise module 'dfgfgdh' because __plugin_init__.py is not present
19:57:32 [ERROR] Cant initalise module 'more_plugins' because __plugin_init__.py is not present
19:57:32 [ERROR] Cant initalise module 'second Plugin Lol' because __plugin_init__.py is not present
19:57:32 [ERROR] Cant initalise module 'this is a veeeeeeeeeeerrrrrryy looooong plugin naaame' because __plugin_init__.py is not present
19:57:32 [ERROR] Cant initalise module 'uhhhh whatever' because __plugin_init__.py is not present
19:57:37 [ERROR] Cant initalise module 'dfgfgdh' because __plugin_init__.py is not present
19:57:37 [ERROR] Cant initalise module 'more_plugins' because __plugin_init__.py is not present
19:57:37 [ERROR] Cant initalise module 'second Plugin Lol' because __plugin_init__.py is not present
19:57:37 [ERROR] Cant initalise module 'this is a veeeeeeeeeeerrrrrryy looooong plugin naaame' because __plugin_init__.py is not present
19:57:37 [ERROR] Cant initalise module 'uhhhh whatever' because __plugin_init__.py is not present
19:57:43 [ERROR] Cant initalise module 'dfgfgdh' because __plugin_init__.py is not present
19:57:43 [ERROR] Cant initalise module 'more_plugins' because __plugin_init__.py is not present
19:57:43 [ERROR] Cant initalise module 'second Plugin Lol' because __plugin_init__.py is not present
19:57:43 [ERROR] Cant initalise module 'this is a veeeeeeeeeeerrrrrryy looooong plugin naaame' because __plugin_init__.py is not present
19:57:43 [ERROR] Cant initalise module 'uhhhh whatever' because __plugin_init__.py is not present
19:59:16 [ERROR] Cant initalise module 'dfgfgdh' because __plugin_init__.py is not present
19:59:16 [ERROR] Cant initalise module 'more_plugins' because __plugin_init__.py is not present
19:59:16 [ERROR] Cant initalise module 'second Plugin Lol' because __plugin_init__.py is not present
19:59:16 [ERROR] Cant initalise module 'this is a veeeeeeeeeeerrrrrryy looooong plugin naaame' because __plugin_init__.py is not present
19:59:16 [ERROR] Cant initalise module 'uhhhh whatever' because __plugin_init__.py is not present
20:01:33 [ERROR] Cant initalise module 'dfgfgdh' because __plugin_init__.py is not present
20:01:33 [ERROR] Cant initalise module 'more_plugins' because __plugin_init__.py is not present
20:01:33 [ERROR] Cant initalise module 'second Plugin Lol' because __plugin_init__.py is not present
20:01:33 [ERROR] Cant initalise module 'this is a veeeeeeeeeeerrrrrryy looooong plugin naaame' because __plugin_init__.py is not present
20:01:33 [ERROR] Cant initalise module 'uhhhh whatever' because __plugin_init__.py is not present
20:02:29 [ERROR] Cant initalise module 'dfgfgdh' because __plugin_init__.py is not present
20:02:29 [ERROR] Cant initalise module 'more_plugins' because __plugin_init__.py is not present
20:02:29 [ERROR] Cant initalise module 'second Plugin Lol' because __plugin_init__.py is not present
20:02:29 [ERROR] Cant initalise module 'this is a veeeeeeeeeeerrrrrryy looooong plugin naaame' because __plugin_init__.py is not present
20:02:29 [ERROR] Cant initalise module 'uhhhh whatever' because __plugin_init__.py is not present
20:05:02 [ERROR] Cant initalise module 'dfgfgdh' because __plugin_init__.py is not present
20:05:02 [ERROR] Cant initalise module 'more_plugins' because __plugin_init__.py is not present
20:05:02 [ERROR] Cant initalise module 'second Plugin Lol' because __plugin_init__.py is not present
20:05:02 [ERROR] Cant initalise module 'this is a veeeeeeeeeeerrrrrryy looooong plugin naaame' because __plugin_init__.py is not present
20:05:02 [ERROR] Cant initalise module 'uhhhh whatever' because __plugin_init__.py is not present
20:05:45 [ERROR] Cant initalise module 'dfgfgdh' because __plugin_init__.py is not present
20:05:45 [ERROR] Cant initalise module 'more_plugins' because __plugin_init__.py is not present
20:05:45 [ERROR] Cant initalise module 'second Plugin Lol' because __plugin_init__.py is not present
20:05:45 [ERROR] Cant initalise module 'this is a veeeeeeeeeeerrrrrryy looooong plugin naaame' because __plugin_init__.py is not present
20:05:45 [ERROR] Cant initalise module 'uhhhh whatever' because __plugin_init__.py is not present
20:06:18 [ERROR] Cant initalise module 'dfgfgdh' because __plugin_init__.py is not present
20:06:18 [ERROR] Cant initalise module 'more_plugins' because __plugin_init__.py is not present
20:06:18 [ERROR] Cant initalise module 'second Plugin Lol' because __plugin_init__.py is not present
20:06:18 [ERROR] Cant initalise module 'this is a veeeeeeeeeeerrrrrryy looooong plugin naaame' because __plugin_init__.py is not present
20:06:18 [ERROR] Cant initalise module 'uhhhh whatever' because __plugin_init__.py is not present
20:07:35 [ERROR] Cant initalise module 'dfgfgdh' because __plugin_init__.py is not present
20:07:35 [ERROR] Cant initalise module 'more_plugins' because __plugin_init__.py is not present
20:07:35 [ERROR] Cant initalise module 'second Plugin Lol' because __plugin_init__.py is not present
20:07:35 [ERROR] Cant initalise module 'this is a veeeeeeeeeeerrrrrryy looooong plugin naaame' because __plugin_init__.py is not present
20:07:35 [ERROR] Cant initalise module 'uhhhh whatever' because __plugin_init__.py is not present
20:13:03 [ERROR] Cant initalise module 'dfgfgdh' because __plugin_init__.py is not present
20:13:03 [ERROR] Cant initalise module 'more_plugins' because __plugin_init__.py is not present
20:13:03 [ERROR] Cant initalise module 'second Plugin Lol' because __plugin_init__.py is not present
20:13:03 [ERROR] Cant initalise module 'this is a veeeeeeeeeeerrrrrryy looooong plugin naaame' because __plugin_init__.py is not present
20:13:03 [ERROR] Cant initalise module 'uhhhh whatever' because __plugin_init__.py is not present
20:16:03 [ERROR] Cant initalise module 'dfgfgdh' because __plugin_init__.py is not present
20:16:03 [ERROR] Cant initalise module 'more_plugins' because __plugin_init__.py is not present
20:16:03 [ERROR] Cant initalise module 'second Plugin Lol' because __plugin_init__.py is not present
20:16:03 [ERROR] Cant initalise module 'this is a veeeeeeeeeeerrrrrryy looooong plugin naaame' because __plugin_init__.py is not present
20:16:03 [ERROR] Cant initalise module 'uhhhh whatever' because __plugin_init__.py is not present
20:16:38 [ERROR] Cant initalise module 'dfgfgdh' because __plugin_init__.py is not present
20:16:38 [ERROR] Cant initalise module 'more_plugins' because __plugin_init__.py is not present
20:16:38 [ERROR] Cant initalise module 'second Plugin Lol' because __plugin_init__.py is not present
20:16:38 [ERROR] Cant initalise module 'this is a veeeeeeeeeeerrrrrryy looooong plugin naaame' because __plugin_init__.py is not present
20:16:38 [ERROR] Cant initalise module 'uhhhh whatever' because __plugin_init__.py is not present
20:16:49 [ERROR] Cant initalise module 'dfgfgdh' because __plugin_init__.py is not present
20:16:49 [ERROR] Cant initalise module 'more_plugins' because __plugin_init__.py is not present
20:16:49 [ERROR] Cant initalise module 'second Plugin Lol' because __plugin_init__.py is not present
20:16:49 [ERROR] Cant initalise module 'this is a veeeeeeeeeeerrrrrryy looooong plugin naaame' because __plugin_init__.py is not present
20:16:49 [ERROR] Cant initalise module 'uhhhh whatever' because __plugin_init__.py is not present
20:18:37 [ERROR] Cant initalise module 'dfgfgdh' because __plugin_init__.py is not present
20:18:37 [ERROR] Cant initalise module 'more_plugins' because __plugin_init__.py is not present
20:18:37 [ERROR] Cant initalise module 'second Plugin Lol' because __plugin_init__.py is not present
20:18:37 [ERROR] Cant initalise module 'this is a veeeeeeeeeeerrrrrryy looooong plugin naaame' because __plugin_init__.py is not present
20:18:37 [ERROR] Cant initalise module 'uhhhh whatever' because __plugin_init__.py is not present
20:19:20 [ERROR] Cant initalise module 'dfgfgdh' because __plugin_init__.py is not present
20:19:20 [ERROR] Cant initalise module 'more_plugins' because __plugin_init__.py is not present
20:19:20 [ERROR] Cant initalise module 'second Plugin Lol' because __plugin_init__.py is not present
20:19:20 [ERROR] Cant initalise module 'this is a veeeeeeeeeeerrrrrryy looooong plugin naaame' because __plugin_init__.py is not present
20:19:20 [ERROR] Cant initalise module 'uhhhh whatever' because __plugin_init__.py is not present
20:20:31 [ERROR] Cant initalise module 'dfgfgdh' because __plugin_init__.py is not present
20:20:31 [ERROR] Cant initalise module 'more_plugins' because __plugin_init__.py is not present
20:20:31 [ERROR] Cant initalise module 'second Plugin Lol' because __plugin_init__.py is not present
20:20:31 [ERROR] Cant initalise module 'this is a veeeeeeeeeeerrrrrryy looooong plugin naaame' because __plugin_init__.py is not present
20:20:31 [ERROR] Cant initalise module 'uhhhh whatever' because __plugin_init__.py is not present
20:24:40 [ERROR] Cant initalise module 'dfgfgdh' because __plugin_init__.py is not present
20:24:40 [ERROR] Cant initalise module 'more_plugins' because __plugin_init__.py is not present
20:24:40 [ERROR] Cant initalise module 'second Plugin Lol' because __plugin_init__.py is not present
20:24:40 [ERROR] Cant initalise module 'this is a veeeeeeeeeeerrrrrryy looooong plugin naaame' because __plugin_init__.py is not present
20:24:40 [ERROR] Cant initalise module 'uhhhh whatever' because __plugin_init__.py is not present
