00:00:45 [ERROR] Cant initalise module 'dfgfgdh' because __plugin_init__.py is not present
00:00:45 [ERROR] Cant initalise module 'more_plugins' because __plugin_init__.py is not present
00:00:45 [ERROR] Cant initalise module 'second Plugin Lol' because __plugin_init__.py is not present
00:00:45 [ERROR] Cant initalise module 'this is a veeeeeeeeeeerrrrrryy looooong plugin naaame' because __plugin_init__.py is not present
00:00:45 [ERROR] Cant initalise module 'uhhhh whatever' because __plugin_init__.py is not present
00:00:45 [WARNING] global plugin configs for Newpluginlol dont exist
00:02:14 [ERROR] Cant initalise module 'dfgfgdh' because __plugin_init__.py is not present
00:02:14 [ERROR] Cant initalise module 'more_plugins' because __plugin_init__.py is not present
00:02:14 [ERROR] Cant initalise module 'second Plugin Lol' because __plugin_init__.py is not present
00:02:14 [ERROR] Cant initalise module 'this is a veeeeeeeeeeerrrrrryy looooong plugin naaame' because __plugin_init__.py is not present
00:02:14 [ERROR] Cant initalise module 'uhhhh whatever' because __plugin_init__.py is not present
00:02:14 [WARNING] global plugin configs for Newpluginlol dont exist
00:04:03 [ERROR] Cant initalise module 'dfgfgdh' because __plugin_init__.py is not present
00:04:03 [ERROR] Cant initalise module 'more_plugins' because __plugin_init__.py is not present
00:04:03 [ERROR] Cant initalise module 'second Plugin Lol' because __plugin_init__.py is not present
00:04:03 [ERROR] Cant initalise module 'this is a veeeeeeeeeeerrrrrryy looooong plugin naaame' because __plugin_init__.py is not present
00:04:03 [ERROR] Cant initalise module 'uhhhh whatever' because __plugin_init__.py is not present
00:04:03 [WARNING] global plugin configs for Newpluginlol dont exist
00:18:44 [ERROR] Cant initalise module 'dfgfgdh' because __plugin_init__.py is not present
00:18:44 [ERROR] Cant initalise module 'more_plugins' because __plugin_init__.py is not present
00:18:44 [ERROR] Cant initalise module 'second Plugin Lol' because __plugin_init__.py is not present
00:18:44 [ERROR] Cant initalise module 'this is a veeeeeeeeeeerrrrrryy looooong plugin naaame' because __plugin_init__.py is not present
00:18:44 [ERROR] Cant initalise module 'uhhhh whatever' because __plugin_init__.py is not present
00:18:44 [WARNING] global plugin configs for Newpluginlol dont exist
00:19:42 [ERROR] Cant initalise module 'dfgfgdh' because __plugin_init__.py is not present
00:19:42 [ERROR] Cant initalise module 'more_plugins' because __plugin_init__.py is not present
00:19:42 [ERROR] Cant initalise module 'second Plugin Lol' because __plugin_init__.py is not present
00:19:42 [ERROR] Cant initalise module 'this is a veeeeeeeeeeerrrrrryy looooong plugin naaame' because __plugin_init__.py is not present
00:19:42 [ERROR] Cant initalise module 'uhhhh whatever' because __plugin_init__.py is not present
00:19:42 [WARNING] global plugin configs for Newpluginlol dont exist
00:24:52 [ERROR] Cant initalise module 'dfgfgdh' because __plugin_init__.py is not present
00:24:52 [ERROR] Cant initalise module 'more_plugins' because __plugin_init__.py is not present
00:24:52 [ERROR] Cant initalise module 'second Plugin Lol' because __plugin_init__.py is not present
00:24:52 [ERROR] Cant initalise module 'this is a veeeeeeeeeeerrrrrryy looooong plugin naaame' because __plugin_init__.py is not present
00:24:52 [ERROR] Cant initalise module 'uhhhh whatever' because __plugin_init__.py is not present
00:24:52 [WARNING] global plugin configs for Newpluginlol dont exist
00:28:41 [ERROR] Cant initalise module 'dfgfgdh' because __plugin_init__.py is not present
00:28:41 [ERROR] Cant initalise module 'more_plugins' because __plugin_init__.py is not present
00:28:41 [ERROR] Cant initalise module 'second Plugin Lol' because __plugin_init__.py is not present
00:28:41 [ERROR] Cant initalise module 'this is a veeeeeeeeeeerrrrrryy looooong plugin naaame' because __plugin_init__.py is not present
00:28:41 [ERROR] Cant initalise module 'uhhhh whatever' because __plugin_init__.py is not present
00:28:41 [WARNING] global plugin configs for Newpluginlol dont exist
00:31:09 [ERROR] Cant initalise module 'dfgfgdh' because __plugin_init__.py is not present
00:31:09 [ERROR] Cant initalise module 'more_plugins' because __plugin_init__.py is not present
00:31:09 [ERROR] Cant initalise module 'second Plugin Lol' because __plugin_init__.py is not present
00:31:09 [ERROR] Cant initalise module 'this is a veeeeeeeeeeerrrrrryy looooong plugin naaame' because __plugin_init__.py is not present
00:31:09 [ERROR] Cant initalise module 'uhhhh whatever' because __plugin_init__.py is not present
00:31:09 [WARNING] global plugin configs for Newpluginlol dont exist
00:36:23 [ERROR] Cant initalise module 'dfgfgdh' because __plugin_init__.py is not present
00:36:23 [ERROR] Cant initalise module 'more_plugins' because __plugin_init__.py is not present
00:36:23 [ERROR] Cant initalise module 'second Plugin Lol' because __plugin_init__.py is not present
00:36:23 [ERROR] Cant initalise module 'this is a veeeeeeeeeeerrrrrryy looooong plugin naaame' because __plugin_init__.py is not present
00:36:23 [ERROR] Cant initalise module 'uhhhh whatever' because __plugin_init__.py is not present
00:36:23 [WARNING] global plugin configs for Newpluginlol dont exist
01:04:39 [ERROR] Cant initalise module 'dfgfgdh' because __plugin_init__.py is not present
01:04:39 [ERROR] Cant initalise module 'more_plugins' because __plugin_init__.py is not present
01:04:39 [ERROR] Cant initalise module 'second Plugin Lol' because __plugin_init__.py is not present
01:04:39 [ERROR] Cant initalise module 'this is a veeeeeeeeeeerrrrrryy looooong plugin naaame' because __plugin_init__.py is not present
01:04:39 [ERROR] Cant initalise module 'uhhhh whatever' because __plugin_init__.py is not present
01:04:39 [WARNING] global plugin configs for Newpluginlol dont exist
01:13:01 [ERROR] Cant initalise module 'dfgfgdh' because __plugin_init__.py is not present
01:13:01 [ERROR] Cant initalise module 'more_plugins' because __plugin_init__.py is not present
01:13:01 [ERROR] Cant initalise module 'second Plugin Lol' because __plugin_init__.py is not present
01:13:01 [ERROR] Cant initalise module 'this is a veeeeeeeeeeerrrrrryy looooong plugin naaame' because __plugin_init__.py is not present
01:13:01 [ERROR] Cant initalise module 'uhhhh whatever' because __plugin_init__.py is not present
01:13:01 [WARNING] global plugin configs for Newpluginlol dont exist
01:13:13 [ERROR] Cant initalise module 'dfgfgdh' because __plugin_init__.py is not present
01:13:13 [ERROR] Cant initalise module 'more_plugins' because __plugin_init__.py is not present
01:13:13 [ERROR] Cant initalise module 'second Plugin Lol' because __plugin_init__.py is not present
01:13:13 [ERROR] Cant initalise module 'this is a veeeeeeeeeeerrrrrryy looooong plugin naaame' because __plugin_init__.py is not present
01:13:13 [ERROR] Cant initalise module 'uhhhh whatever' because __plugin_init__.py is not present
01:13:13 [WARNING] global plugin configs for Newpluginlol dont exist
01:14:37 [ERROR] Cant initalise module 'dfgfgdh' because __plugin_init__.py is not present
01:14:37 [ERROR] Cant initalise module 'more_plugins' because __plugin_init__.py is not present
01:14:37 [ERROR] Cant initalise module 'second Plugin Lol' because __plugin_init__.py is not present
01:14:37 [ERROR] Cant initalise module 'this is a veeeeeeeeeeerrrrrryy looooong plugin naaame' because __plugin_init__.py is not present
01:14:37 [ERROR] Cant initalise module 'uhhhh whatever' because __plugin_init__.py is not present
01:14:37 [WARNING] global plugin configs for Newpluginlol dont exist
01:17:10 [ERROR] Cant initalise module 'dfgfgdh' because __plugin_init__.py is not present
01:17:10 [ERROR] Cant initalise module 'more_plugins' because __plugin_init__.py is not present
01:17:10 [ERROR] Cant initalise module 'second Plugin Lol' because __plugin_init__.py is not present
01:17:10 [ERROR] Cant initalise module 'this is a veeeeeeeeeeerrrrrryy looooong plugin naaame' because __plugin_init__.py is not present
01:17:10 [ERROR] Cant initalise module 'uhhhh whatever' because __plugin_init__.py is not present
01:17:10 [WARNING] global plugin configs for Newpluginlol dont exist
01:17:36 [ERROR] Cant initalise module 'dfgfgdh' because __plugin_init__.py is not present
01:17:36 [ERROR] Cant initalise module 'more_plugins' because __plugin_init__.py is not present
01:17:36 [ERROR] Cant initalise module 'second Plugin Lol' because __plugin_init__.py is not present
01:17:36 [ERROR] Cant initalise module 'this is a veeeeeeeeeeerrrrrryy looooong plugin naaame' because __plugin_init__.py is not present
01:17:36 [ERROR] Cant initalise module 'uhhhh whatever' because __plugin_init__.py is not present
01:17:36 [WARNING] global plugin configs for Newpluginlol dont exist
01:18:33 [ERROR] Cant initalise module 'dfgfgdh' because __plugin_init__.py is not present
01:18:33 [ERROR] Cant initalise module 'more_plugins' because __plugin_init__.py is not present
01:18:33 [ERROR] Cant initalise module 'second Plugin Lol' because __plugin_init__.py is not present
01:18:33 [ERROR] Cant initalise module 'this is a veeeeeeeeeeerrrrrryy looooong plugin naaame' because __plugin_init__.py is not present
01:18:33 [ERROR] Cant initalise module 'uhhhh whatever' because __plugin_init__.py is not present
01:18:33 [WARNING] global plugin configs for Newpluginlol dont exist
01:18:47 [ERROR] Cant initalise module 'dfgfgdh' because __plugin_init__.py is not present
01:18:47 [ERROR] Cant initalise module 'more_plugins' because __plugin_init__.py is not present
01:18:47 [ERROR] Cant initalise module 'second Plugin Lol' because __plugin_init__.py is not present
01:18:47 [ERROR] Cant initalise module 'this is a veeeeeeeeeeerrrrrryy looooong plugin naaame' because __plugin_init__.py is not present
01:18:47 [ERROR] Cant initalise module 'uhhhh whatever' because __plugin_init__.py is not present
01:18:47 [WARNING] global plugin configs for Newpluginlol dont exist
01:20:50 [ERROR] Cant initalise module 'dfgfgdh' because __plugin_init__.py is not present
01:20:50 [ERROR] Cant initalise module 'more_plugins' because __plugin_init__.py is not present
01:20:50 [ERROR] Cant initalise module 'second Plugin Lol' because __plugin_init__.py is not present
01:20:50 [ERROR] Cant initalise module 'this is a veeeeeeeeeeerrrrrryy looooong plugin naaame' because __plugin_init__.py is not present
01:20:50 [ERROR] Cant initalise module 'uhhhh whatever' because __plugin_init__.py is not present
01:20:50 [WARNING] global plugin configs for Newpluginlol dont exist
01:21:16 [ERROR] Cant initalise module 'dfgfgdh' because __plugin_init__.py is not present
01:21:16 [ERROR] Cant initalise module 'more_plugins' because __plugin_init__.py is not present
01:21:16 [ERROR] Cant initalise module 'second Plugin Lol' because __plugin_init__.py is not present
01:21:16 [ERROR] Cant initalise module 'this is a veeeeeeeeeeerrrrrryy looooong plugin naaame' because __plugin_init__.py is not present
01:21:16 [ERROR] Cant initalise module 'uhhhh whatever' because __plugin_init__.py is not present
01:21:16 [WARNING] global plugin configs for Newpluginlol dont exist
01:25:19 [ERROR] Cant initalise module 'dfgfgdh' because __plugin_init__.py is not present
01:25:19 [ERROR] Cant initalise module 'more_plugins' because __plugin_init__.py is not present
01:25:19 [ERROR] Cant initalise module 'second Plugin Lol' because __plugin_init__.py is not present
01:25:19 [ERROR] Cant initalise module 'this is a veeeeeeeeeeerrrrrryy looooong plugin naaame' because __plugin_init__.py is not present
01:25:19 [ERROR] Cant initalise module 'uhhhh whatever' because __plugin_init__.py is not present
01:25:19 [WARNING] global plugin configs for Newpluginlol dont exist
01:28:03 [ERROR] Cant initalise module 'dfgfgdh' because __plugin_init__.py is not present
01:28:03 [ERROR] Cant initalise module 'more_plugins' because __plugin_init__.py is not present
01:28:03 [ERROR] Cant initalise module 'second Plugin Lol' because __plugin_init__.py is not present
01:28:03 [ERROR] Cant initalise module 'this is a veeeeeeeeeeerrrrrryy looooong plugin naaame' because __plugin_init__.py is not present
01:28:03 [ERROR] Cant initalise module 'uhhhh whatever' because __plugin_init__.py is not present
01:28:03 [WARNING] global plugin configs for Newpluginlol dont exist
01:30:21 [ERROR] Cant initalise module 'dfgfgdh' because __plugin_init__.py is not present
01:30:21 [ERROR] Cant initalise module 'more_plugins' because __plugin_init__.py is not present
01:30:21 [ERROR] Cant initalise module 'second Plugin Lol' because __plugin_init__.py is not present
01:30:21 [ERROR] Cant initalise module 'this is a veeeeeeeeeeerrrrrryy looooong plugin naaame' because __plugin_init__.py is not present
01:30:21 [ERROR] Cant initalise module 'uhhhh whatever' because __plugin_init__.py is not present
01:30:21 [WARNING] global plugin configs for Newpluginlol dont exist
01:32:54 [ERROR] Cant initalise module 'dfgfgdh' because __plugin_init__.py is not present
01:32:54 [ERROR] Cant initalise module 'more_plugins' because __plugin_init__.py is not present
01:32:54 [ERROR] Cant initalise module 'second Plugin Lol' because __plugin_init__.py is not present
01:32:54 [ERROR] Cant initalise module 'this is a veeeeeeeeeeerrrrrryy looooong plugin naaame' because __plugin_init__.py is not present
01:32:54 [ERROR] Cant initalise module 'uhhhh whatever' because __plugin_init__.py is not present
01:32:54 [WARNING] global plugin configs for Newpluginlol dont exist
01:34:08 [ERROR] Cant initalise module 'dfgfgdh' because __plugin_init__.py is not present
01:34:08 [ERROR] Cant initalise module 'more_plugins' because __plugin_init__.py is not present
01:34:08 [ERROR] Cant initalise module 'second Plugin Lol' because __plugin_init__.py is not present
01:34:08 [ERROR] Cant initalise module 'this is a veeeeeeeeeeerrrrrryy looooong plugin naaame' because __plugin_init__.py is not present
01:34:08 [ERROR] Cant initalise module 'uhhhh whatever' because __plugin_init__.py is not present
01:34:08 [WARNING] global plugin configs for Newpluginlol dont exist
01:35:42 [ERROR] Cant initalise module 'dfgfgdh' because __plugin_init__.py is not present
01:35:42 [ERROR] Cant initalise module 'more_plugins' because __plugin_init__.py is not present
01:35:42 [ERROR] Cant initalise module 'second Plugin Lol' because __plugin_init__.py is not present
01:35:42 [ERROR] Cant initalise module 'this is a veeeeeeeeeeerrrrrryy looooong plugin naaame' because __plugin_init__.py is not present
01:35:42 [ERROR] Cant initalise module 'uhhhh whatever' because __plugin_init__.py is not present
01:35:42 [WARNING] global plugin configs for Newpluginlol dont exist
